#
# A fatal error has been detected by the Java Runtime Environment:
#
#  EXCEPTION_ACCESS_VIOLATION (0xc0000005) at pc=0x00007ffdccb0ad14, pid=15776, tid=18328
#
# JRE version: OpenJDK Runtime Environment Temurin-17.0.10+7 (17.0.10+7) (build 17.0.10+7)
# Java VM: OpenJDK 64-Bit Server VM Temurin-17.0.10+7 (17.0.10+7, mixed mode, tiered, compressed oops, compressed class ptrs, parallel gc, windows-amd64)
# Problematic frame:
# V  [jvm.dll+0x6cad14]
#
# No core dump will be written. Minidumps are not enabled by default on client versions of Windows
#
# If you would like to submit a bug report, please visit:
#   https://github.com/adoptium/adoptium-support/issues
#

---------------  S U M M A R Y ------------

Command Line: --add-modules=ALL-SYSTEM --add-opens=java.base/java.util=ALL-UNNAMED --add-opens=java.base/java.lang=ALL-UNNAMED --add-opens=java.base/sun.nio.fs=ALL-UNNAMED -Declipse.application=org.eclipse.jdt.ls.core.id1 -Dosgi.bundles.defaultStartLevel=4 -Declipse.product=org.eclipse.jdt.ls.core.product -Djava.import.generatesMetadataFilesAtProjectRoot=false -DDetectVMInstallationsJob.disabled=true -Dfile.encoding=utf8 -XX:+UseParallelGC -XX:GCTimeRatio=4 -XX:AdaptiveSizePolicyWeight=90 -Dsun.zip.disableMemoryMapping=true -Xmx1G -Xms100m -Xlog:disable -javaagent:c:\Users\Andrea\.vscode\extensions\redhat.java-1.30.0-win32-x64\lombok\lombok-1.18.32.jar -XX:+HeapDumpOnOutOfMemoryError -XX:HeapDumpPath=c:\Users\Andrea\AppData\Roaming\Code\User\workspaceStorage\65f746c1a281849824745425ba6593dc\redhat.java -Daether.dependencyCollector.impl=bf c:\Users\Andrea\.vscode\extensions\redhat.java-1.30.0-win32-x64\server\plugins\org.eclipse.equinox.launcher_1.6.800.v20240330-1250.jar -configuration c:\Users\Andrea\AppData\Roaming\Code\User\globalStorage\redhat.java\1.30.0\config_win -data c:\Users\Andrea\AppData\Roaming\Code\User\workspaceStorage\65f746c1a281849824745425ba6593dc\redhat.java\jdt_ws --pipe=\\.\pipe\lsp-f1eaa101191a660fd458411c106058ef-sock

Host: AMD Ryzen 5 3500U with Radeon Vega Mobile Gfx  , 8 cores, 5G,  Windows 11 , 64 bit Build 22621 (10.0.22621.3527)
Time: Mon Apr 29 09:38:49 2024 ora solare Europa occidentale elapsed time: 14.763749 seconds (0d 0h 0m 14s)

---------------  T H R E A D  ---------------

Current thread (0x0000017a9ea23bf0):  JavaThread "C2 CompilerThread1" daemon [_thread_in_native, id=18328, stack(0x0000003799200000,0x0000003799300000)]


Current CompileTask:
C2:  14764 3506   !   4       org.eclipse.osgi.internal.loader.classpath.ClasspathManager::findClassImpl (308 bytes)

Stack: [0x0000003799200000,0x0000003799300000],  sp=0x00000037992fb8c0,  free space=1006k
Native frames: (J=compiled Java code, j=interpreted, Vv=VM code, C=native code)
V  [jvm.dll+0x6cad14]
V  [jvm.dll+0x1bce80]
V  [jvm.dll+0x21a049]
V  [jvm.dll+0x219311]
V  [jvm.dll+0x1a502d]
V  [jvm.dll+0x2290de]
V  [jvm.dll+0x2272ac]
V  [jvm.dll+0x7e9bb7]
V  [jvm.dll+0x7e3fba]
V  [jvm.dll+0x67c1b5]
C  [ucrtbase.dll+0x29333]
C  [KERNEL32.DLL+0x1257d]
C  [ntdll.dll+0x5aa48]


siginfo: EXCEPTION_ACCESS_VIOLATION (0xc0000005), reading address 0xffffffffffffffff


Registers:
RAX=0x0000000000000003, RBX=0x0000000000000015, RCX=0x0000000000000003, RDX=0x01007ffdccfc3d88
RSP=0x00000037992fb8c0, RBP=0x00000037992fb9c0, RSI=0x0000017aa09f1380, RDI=0x0000017a9da69558
R8 =0x0000000000000003, R9 =0x0000000000000ac3, R10=0x0000000000000006, R11=0x0000017aa20b6f78
R12=0x0000000000000011, R13=0x0000000000000000, R14=0x0000017aa20c5740, R15=0x00000037992fc130
RIP=0x00007ffdccb0ad14, EFLAGS=0x0000000000010206


Register to memory mapping:

RIP=0x00007ffdccb0ad14 jvm.dll
RAX=0x0000000000000003 is an unknown value
RBX=0x0000000000000015 is an unknown value
RCX=0x0000000000000003 is an unknown value
RDX=0x01007ffdccfc3d88 is an unknown value
RSP=0x00000037992fb8c0 is pointing into the stack for thread: 0x0000017a9ea23bf0
RBP=0x00000037992fb9c0 is pointing into the stack for thread: 0x0000017a9ea23bf0
RSI=0x0000017aa09f1380 points into unknown readable memory: 0x00007ffdccd5c530 | 30 c5 d5 cc fd 7f 00 00
RDI=0x0000017a9da69558 points into unknown readable memory: 0x00007ffdccd27110 | 10 71 d2 cc fd 7f 00 00
R8 =0x0000000000000003 is an unknown value
R9 =0x0000000000000ac3 is an unknown value
R10=0x0000000000000006 is an unknown value
R11=0x0000017aa20b6f78 points into unknown readable memory: 0x0000017aa00a95e8 | e8 95 0a a0 7a 01 00 00
R12=0x0000000000000011 is an unknown value
R13=0x0 is NULL
R14=0x0000017aa20c5740 points into unknown readable memory: 0x0000000000000000 | 00 00 00 00 00 00 00 00
R15=0x00000037992fc130 is pointing into the stack for thread: 0x0000017a9ea23bf0


Top of Stack: (sp=0x00000037992fb8c0)
0x00000037992fb8c0:   0000017aa20b7e68 00000037992fb9c0
0x00000037992fb8d0:   0000017aa09f1380 0000017a9c909200
0x00000037992fb8e0:   0000017a00002d6e 0000017a00000002
0x00000037992fb8f0:   0000017a00002d34 00000037992fba01
0x00000037992fb900:   0000017a00000001 00000037992fbb80
0x00000037992fb910:   000000000000000b 0000000000000000
0x00000037992fb920:   0000017aa09f1380 0000001100000005
0x00000037992fb930:   0000000000000005 0000017a9da69558
0x00000037992fb940:   00007ffdccfc9060 0000001000000000
0x00000037992fb950:   0000000000000005 0000017aa20c5710
0x00000037992fb960:   0000000000000535 0000000000000000
0x00000037992fb970:   0000000000000000 0000017aa20c57a0
0x00000037992fb980:   0000017aa1fca720 0000000000000000
0x00000037992fb990:   0000017aa1fc4b60 0000017aa1fc7940
0x00000037992fb9a0:   0000017aa2136030 0000017aa2149f70
0x00000037992fb9b0:   0000017a00000004 0000017aa1fca7b0
0x00000037992fb9c0:   0000017a9f41ace0 0000017a9f41aca0
0x00000037992fb9d0:   0000000000000011 000000000000000e
0x00000037992fb9e0:   0000017aa1a22050 0000000000000003
0x00000037992fb9f0:   0000000000000000 00000037992fba00
0x00000037992fba00:   000027de00000000 0000017aa213ffd0
0x00000037992fba10:   00000037992fbe80 00007ffdcc7ab838
0x00000037992fba20:   0000017aa213ffd0 0000000000000000
0x00000037992fba30:   0000017aa1f84bd0 00007ffdcc4ecb5c
0x00000037992fba40:   0000017aa00ecb20 00000037992fbd10
0x00000037992fba50:   000027de00000000 0000017aa213ffd0
0x00000037992fba60:   00000037992fbe80 00007ffdcc4ec635
0x00000037992fba70:   00000037992fbe80 0000017a9df0ece0
0x00000037992fba80:   0000017a9df0ecf0 0000017a9df0f0c8
0x00000037992fba90:   00000000000003d8 0000000000112880
0x00000037992fbaa0:   000027de00000000 0000017aa213ffd0
0x00000037992fbab0:   00000037992fbe80 0000000000000034 

Instructions: (pc=0x00007ffdccb0ad14)
0x00007ffdccb0ac14:   8b cb 4c 8b bd 20 03 00 00 44 8b c0 49 89 74 24
0x00007ffdccb0ac24:   48 ff c0 8b 8d 28 03 00 00 48 8b 74 24 60 89 85
0x00007ffdccb0ac34:   38 03 00 00 48 8b d6 89 4c 24 20 8d 41 01 49 8b
0x00007ffdccb0ac44:   cf 89 85 28 03 00 00 e8 40 0a 00 00 8b bd 38 03
0x00007ffdccb0ac54:   00 00 41 bc 01 00 00 00 ff c7 89 bd 38 03 00 00
0x00007ffdccb0ac64:   e9 39 e9 ff ff 8b bd 38 03 00 00 41 bc 01 00 00
0x00007ffdccb0ac74:   00 48 8b 74 24 60 ff c7 4c 8b bd 20 03 00 00 89
0x00007ffdccb0ac84:   bd 38 03 00 00 e9 14 e9 ff ff 48 8b 74 24 60 4c
0x00007ffdccb0ac94:   8b bd 20 03 00 00 45 33 ed 8b bd 38 03 00 00 41
0x00007ffdccb0aca4:   bc 01 00 00 00 ff c7 89 bd 38 03 00 00 e9 ec e8
0x00007ffdccb0acb4:   ff ff 44 8b 64 24 6c 45 8b d5 45 85 e4 74 6a 4c
0x00007ffdccb0acc4:   8b 75 98 66 0f 1f 84 00 00 00 00 00 48 8b 4d e0
0x00007ffdccb0acd4:   49 63 c2 44 8b 0c 81 8b 46 4c 45 8b c1 ff c8 49
0x00007ffdccb0ace4:   c1 e8 06 41 83 e0 03 48 8d 14 80 49 8b 47 68 48
0x00007ffdccb0acf4:   c1 e2 05 48 8b 48 10 41 8b c1 48 c1 e8 08 48 8b
0x00007ffdccb0ad04:   54 0a 08 48 8b 14 c2 41 0f b6 c1 24 3f 0f b6 c8
0x00007ffdccb0ad14:   4a 8b 04 c2 48 0f a3 c8 72 03 4d 89 2e 41 ff c2
0x00007ffdccb0ad24:   49 83 c6 08 45 3b d4 72 a3 44 8b 45 a0 49 8b 57
0x00007ffdccb0ad34:   48 41 ff c0 44 89 45 a0 44 3b 42 40 0f 82 5a e1
0x00007ffdccb0ad44:   ff ff 48 8b 7d 08 41 8b dd 83 7f 18 00 76 2a 48
0x00007ffdccb0ad54:   8b 47 10 44 8b 85 28 03 00 00 8b cb 48 8b 14 c8
0x00007ffdccb0ad64:   41 8d 40 01 49 8b cf 89 85 28 03 00 00 e8 1a 50
0x00007ffdccb0ad74:   af ff ff c3 3b 5f 18 72 d6 8b 85 28 03 00 00 48
0x00007ffdccb0ad84:   8b 55 00 89 45 f0 41 8b c5 89 45 88 83 7a 18 00
0x00007ffdccb0ad94:   0f 86 e7 03 00 00 66 0f 1f 44 00 00 44 8b 85 28
0x00007ffdccb0ada4:   03 00 00 8b c8 48 8b 42 10 4c 8b 2c c8 49 8b 47
0x00007ffdccb0adb4:   48 4c 89 6d 20 41 8b 55 28 48 8b 48 78 49 8b 87
0x00007ffdccb0adc4:   08 01 00 00 48 8b 3c d1 48 63 ca 49 8b d5 48 89
0x00007ffdccb0add4:   7d 10 8b 1c 88 49 8b cf 48 8b 45 e8 8b 34 98 41
0x00007ffdccb0ade4:   8d 40 01 89 85 28 03 00 00 89 b5 38 03 00 00 e8
0x00007ffdccb0adf4:   98 4f af ff 48 8b 45 f8 44 8b fe 8b 4f 4c 48 89
0x00007ffdccb0ae04:   75 c8 4c 8b 04 f0 8b c1 c1 e8 05 41 3b 00 72 5c 


Stack slot to memory mapping:
stack at sp + 0 slots: 0x0000017aa20b7e68 points into unknown readable memory: 0x00007ffdccd70b28 | 28 0b d7 cc fd 7f 00 00
stack at sp + 1 slots: 0x00000037992fb9c0 is pointing into the stack for thread: 0x0000017a9ea23bf0
stack at sp + 2 slots: 0x0000017aa09f1380 points into unknown readable memory: 0x00007ffdccd5c530 | 30 c5 d5 cc fd 7f 00 00
stack at sp + 3 slots: 0x0000017a9c909200 points into unknown readable memory: 0x000300030ffffcff | ff fc ff 0f 03 00 03 00
stack at sp + 4 slots: 0x0000017a00002d6e is an unknown value
stack at sp + 5 slots: 0x0000017a00000002 is an unknown value
stack at sp + 6 slots: 0x0000017a00002d34 is an unknown value
stack at sp + 7 slots: 0x00000037992fba01 is pointing into the stack for thread: 0x0000017a9ea23bf0


---------------  P R O C E S S  ---------------

Threads class SMR info:
_java_thread_list=0x0000017a9e341ae0, length=23, elements={
0x0000017a838869a0, 0x0000017a97708010, 0x0000017a977099f0, 0x0000017a8392d4f0,
0x0000017a8392dec0, 0x0000017a8392e990, 0x0000017a9c7da2f0, 0x0000017a9c7dd0b0,
0x0000017a9c83f560, 0x0000017a9c847740, 0x0000017a838e5de0, 0x0000017a9cb2d570,
0x0000017a9de48c90, 0x0000017a9df9bca0, 0x0000017a9e116060, 0x0000017a9e97d170,
0x0000017a9ea92c00, 0x0000017a9e3dba10, 0x0000017a9e033df0, 0x0000017a9e0333d0,
0x0000017a9e0324a0, 0x0000017a9e031a80, 0x0000017a9ea23bf0
}

Java Threads: ( => current thread )
  0x0000017a838869a0 JavaThread "main" [_thread_blocked, id=16096, stack(0x0000003797200000,0x0000003797300000)]
  0x0000017a97708010 JavaThread "Reference Handler" daemon [_thread_blocked, id=20888, stack(0x0000003797500000,0x0000003797600000)]
  0x0000017a977099f0 JavaThread "Finalizer" daemon [_thread_blocked, id=18532, stack(0x0000003797600000,0x0000003797700000)]
  0x0000017a8392d4f0 JavaThread "Signal Dispatcher" daemon [_thread_blocked, id=16044, stack(0x0000003797700000,0x0000003797800000)]
  0x0000017a8392dec0 JavaThread "Attach Listener" daemon [_thread_blocked, id=22728, stack(0x0000003797800000,0x0000003797900000)]
  0x0000017a8392e990 JavaThread "Service Thread" daemon [_thread_blocked, id=14236, stack(0x0000003797900000,0x0000003797a00000)]
  0x0000017a9c7da2f0 JavaThread "Monitor Deflation Thread" daemon [_thread_blocked, id=20164, stack(0x0000003797a00000,0x0000003797b00000)]
  0x0000017a9c7dd0b0 JavaThread "C2 CompilerThread0" daemon [_thread_in_native, id=17360, stack(0x0000003797b00000,0x0000003797c00000)]
  0x0000017a9c83f560 JavaThread "C1 CompilerThread0" daemon [_thread_blocked, id=9772, stack(0x0000003797c00000,0x0000003797d00000)]
  0x0000017a9c847740 JavaThread "Sweeper thread" daemon [_thread_blocked, id=17576, stack(0x0000003797d00000,0x0000003797e00000)]
  0x0000017a838e5de0 JavaThread "Common-Cleaner" daemon [_thread_blocked, id=21836, stack(0x0000003797e00000,0x0000003797f00000)]
  0x0000017a9cb2d570 JavaThread "Notification Thread" daemon [_thread_blocked, id=1100, stack(0x0000003797f00000,0x0000003798000000)]
  0x0000017a9de48c90 JavaThread "Active Thread: Equinox Container: 10d02580-9e46-493c-a456-98f961508e4d" [_thread_blocked, id=21432, stack(0x0000003798800000,0x0000003798900000)]
  0x0000017a9df9bca0 JavaThread "Framework Event Dispatcher: Equinox Container: 10d02580-9e46-493c-a456-98f961508e4d" daemon [_thread_blocked, id=19740, stack(0x0000003798a00000,0x0000003798b00000)]
  0x0000017a9e116060 JavaThread "Start Level: Equinox Container: 10d02580-9e46-493c-a456-98f961508e4d" daemon [_thread_in_native, id=16400, stack(0x0000003798b00000,0x0000003798c00000)]
  0x0000017a9e97d170 JavaThread "Bundle File Closer" daemon [_thread_blocked, id=9372, stack(0x0000003798900000,0x0000003798a00000)]
  0x0000017a9ea92c00 JavaThread "SCR Component Actor" daemon [_thread_blocked, id=10168, stack(0x0000003798d00000,0x0000003798e00000)]
  0x0000017a9e3dba10 JavaThread "SCR Component Registry" daemon [_thread_blocked, id=16116, stack(0x0000003798700000,0x0000003798800000)]
  0x0000017a9e033df0 JavaThread "Worker-JM" [_thread_blocked, id=18496, stack(0x0000003798e00000,0x0000003798f00000)]
  0x0000017a9e0333d0 JavaThread "Worker-0: Repository registry initialization" [_thread_blocked, id=2660, stack(0x0000003798f00000,0x0000003799000000)]
  0x0000017a9e0324a0 JavaThread "Worker-1: Updating Maven Dependencies" [_thread_in_vm, id=19872, stack(0x0000003799000000,0x0000003799100000)]
  0x0000017a9e031a80 JavaThread "Worker-2" [_thread_blocked, id=16860, stack(0x0000003799100000,0x0000003799200000)]
=>0x0000017a9ea23bf0 JavaThread "C2 CompilerThread1" daemon [_thread_in_native, id=18328, stack(0x0000003799200000,0x0000003799300000)]

Other Threads:
  0x0000017a9c7b2930 VMThread "VM Thread" [stack: 0x0000003797400000,0x0000003797500000] [id=10608]
  0x0000017a9cb2da50 WatcherThread [stack: 0x0000003798000000,0x0000003798100000] [id=6180]
  0x0000017a83899d90 GCTaskThread "GC Thread#0" [stack: 0x0000003797300000,0x0000003797400000] [id=20952]
  0x0000017a9dbd4500 GCTaskThread "GC Thread#1" [stack: 0x0000003798100000,0x0000003798200000] [id=5412]
  0x0000017a9daddf20 GCTaskThread "GC Thread#2" [stack: 0x0000003798200000,0x0000003798300000] [id=6740]
  0x0000017a9dade1e0 GCTaskThread "GC Thread#3" [stack: 0x0000003798300000,0x0000003798400000] [id=21136]
  0x0000017a9e3db1d0 GCTaskThread "GC Thread#4" [stack: 0x0000003798400000,0x0000003798500000] [id=184]
  0x0000017a9e3db490 GCTaskThread "GC Thread#5" [stack: 0x0000003798500000,0x0000003798600000] [id=18208]
  0x0000017a9e3db750 GCTaskThread "GC Thread#6" [stack: 0x0000003798600000,0x0000003798700000] [id=20244]
  0x0000017a9cb618d0 GCTaskThread "GC Thread#7" [stack: 0x0000003798c00000,0x0000003798d00000] [id=20028]

Threads with active compile tasks:
C2 CompilerThread0    15010 3507       4       org.eclipse.osgi.internal.loader.classpath.ClasspathEntry::findEntry (56 bytes)
C2 CompilerThread1    15011 3506   !   4       org.eclipse.osgi.internal.loader.classpath.ClasspathManager::findClassImpl (308 bytes)

VM state: not at safepoint (normal execution)

VM Mutex/Monitor currently owned by a thread: None

Heap address: 0x00000000c0000000, size: 1024 MB, Compressed Oops mode: 32-bit

CDS archive(s) not mapped
Compressed class space mapped at: 0x0000000100000000-0x0000000140000000, reserved size: 1073741824
Narrow klass base: 0x0000000000000000, Narrow klass shift: 3, Narrow klass range: 0x140000000

GC Precious Log:
 CPUs: 8 total, 8 available
 Memory: 6058M
 Large Page Support: Disabled
 NUMA Support: Disabled
 Compressed Oops: Enabled (32-bit)
 Alignments: Space 512K, Generation 512K, Heap 2M
 Heap Min Capacity: 100M
 Heap Initial Capacity: 100M
 Heap Max Capacity: 1G
 Pre-touch: Disabled
 Parallel Workers: 8

Heap:
 PSYoungGen      total 26624K, used 20618K [0x00000000eab00000, 0x00000000ec880000, 0x0000000100000000)
  eden space 23552K, 82% used [0x00000000eab00000,0x00000000ebe0d628,0x00000000ec200000)
  from space 3072K, 36% used [0x00000000ec380000,0x00000000ec495288,0x00000000ec680000)
  to   space 2048K, 0% used [0x00000000ec680000,0x00000000ec680000,0x00000000ec880000)
 ParOldGen       total 68608K, used 12640K [0x00000000c0000000, 0x00000000c4300000, 0x00000000eab00000)
  object space 68608K, 18% used [0x00000000c0000000,0x00000000c0c58200,0x00000000c4300000)
 Metaspace       used 34480K, committed 35200K, reserved 1114112K
  class space    used 3471K, committed 3776K, reserved 1048576K

Card table byte_map: [0x0000017a83210000,0x0000017a83420000] _byte_map_base: 0x0000017a82c10000

Marking Bits: (ParMarkBitMap*) 0x00007ffdccfdd7d0
 Begin Bits: [0x0000017a95510000, 0x0000017a96510000)
 End Bits:   [0x0000017a96510000, 0x0000017a97510000)

Polling page: 0x0000017a81820000

Metaspace:

Usage:
  Non-class:     30.28 MB used.
      Class:      3.39 MB used.
       Both:     33.67 MB used.

Virtual space:
  Non-class space:       64.00 MB reserved,      30.69 MB ( 48%) committed,  1 nodes.
      Class space:        1.00 GB reserved,       3.69 MB ( <1%) committed,  1 nodes.
             Both:        1.06 GB reserved,      34.38 MB (  3%) committed. 

Chunk freelists:
   Non-Class:  1.32 MB
       Class:  12.15 MB
        Both:  13.47 MB

MaxMetaspaceSize: unlimited
CompressedClassSpaceSize: 1.00 GB
Initial GC threshold: 21.00 MB
Current GC threshold: 35.00 MB
CDS: off
MetaspaceReclaimPolicy: balanced
 - commit_granule_bytes: 65536.
 - commit_granule_words: 8192.
 - virtual_space_node_default_size: 8388608.
 - enlarge_chunks_in_place: 1.
 - new_chunks_are_fully_committed: 0.
 - uncommit_free_chunks: 1.
 - use_allocation_guard: 0.
 - handle_deallocations: 1.


Internal statistics:

num_allocs_failed_limit: 3.
num_arena_births: 452.
num_arena_deaths: 14.
num_vsnodes_births: 2.
num_vsnodes_deaths: 0.
num_space_committed: 550.
num_space_uncommitted: 0.
num_chunks_returned_to_freelist: 17.
num_chunks_taken_from_freelist: 1543.
num_chunk_merges: 8.
num_chunk_splits: 999.
num_chunks_enlarged: 646.
num_inconsistent_stats: 0.

CodeHeap 'non-profiled nmethods': size=120000Kb used=1515Kb max_used=1515Kb free=118484Kb
 bounds [0x0000017a8dfe0000, 0x0000017a8e250000, 0x0000017a95510000]
CodeHeap 'profiled nmethods': size=120000Kb used=7508Kb max_used=7508Kb free=112492Kb
 bounds [0x0000017a86510000, 0x0000017a86c70000, 0x0000017a8da40000]
CodeHeap 'non-nmethods': size=5760Kb used=1247Kb max_used=1294Kb free=4512Kb
 bounds [0x0000017a8da40000, 0x0000017a8dcb0000, 0x0000017a8dfe0000]
 total_blobs=4137 nmethods=3569 adapters=481
 compilation: enabled
              stopped_count=0, restarted_count=0
 full_count=0

Compilation events (20 events):
Event: 14.680 Thread 0x0000017a9c83f560 3554       3       org.eclipse.core.internal.preferences.EclipsePreferences::absolutePath (79 bytes)
Event: 14.691 Thread 0x0000017a9c83f560 nmethod 3554 0x0000017a86c52310 code [0x0000017a86c52900, 0x0000017a86c561d8]
Event: 14.691 Thread 0x0000017a9c83f560 3555       3       org.eclipse.core.internal.preferences.PreferencesService::getRootNode (4 bytes)
Event: 14.691 Thread 0x0000017a9c83f560 nmethod 3555 0x0000017a86c57590 code [0x0000017a86c57720, 0x0000017a86c57838]
Event: 14.691 Thread 0x0000017a9c83f560 3556       3       org.eclipse.core.internal.preferences.RootPreferences::node (7 bytes)
Event: 14.692 Thread 0x0000017a9c83f560 nmethod 3556 0x0000017a86c57910 code [0x0000017a86c57aa0, 0x0000017a86c57be8]
Event: 14.692 Thread 0x0000017a9c83f560 3557       3       org.eclipse.core.internal.preferences.RootPreferences::getNode (161 bytes)
Event: 14.698 Thread 0x0000017a9c83f560 nmethod 3557 0x0000017a86c57c90 code [0x0000017a86c58020, 0x0000017a86c59768]
Event: 14.698 Thread 0x0000017a9c83f560 3558  s    3       org.eclipse.core.internal.preferences.RootPreferences::getChild (60 bytes)
Event: 14.700 Thread 0x0000017a9c83f560 nmethod 3558 0x0000017a86c59f90 code [0x0000017a86c5a1c0, 0x0000017a86c5aab8]
Event: 14.700 Thread 0x0000017a9c83f560 3563       3       org.eclipse.core.internal.preferences.DefaultPreferences::isInitializingBundleDefaults (33 bytes)
Event: 14.700 Thread 0x0000017a9c83f560 nmethod 3563 0x0000017a86c5ac90 code [0x0000017a86c5ae60, 0x0000017a86c5b268]
Event: 14.700 Thread 0x0000017a9c83f560 3559       3       org.eclipse.core.internal.preferences.PreferencesService::getDefault (20 bytes)
Event: 14.701 Thread 0x0000017a9c83f560 nmethod 3559 0x0000017a86c5b390 code [0x0000017a86c5b540, 0x0000017a86c5b748]
Event: 14.701 Thread 0x0000017a9c83f560 3560       3       org.eclipse.core.internal.preferences.DefaultPreferences::getLoadLevel (52 bytes)
Event: 14.702 Thread 0x0000017a9c83f560 nmethod 3560 0x0000017a86c5b810 code [0x0000017a86c5ba00, 0x0000017a86c5c078]
Event: 14.702 Thread 0x0000017a9c83f560 3562       3       org.eclipse.core.internal.preferences.DefaultPreferences::internalPut (66 bytes)
Event: 14.704 Thread 0x0000017a9c83f560 nmethod 3562 0x0000017a86c5c290 code [0x0000017a86c5c4e0, 0x0000017a86c5ced8]
Event: 14.704 Thread 0x0000017a9c83f560 3561       3       org.eclipse.core.internal.preferences.DefaultPreferences::getScopeRelativePath (43 bytes)
Event: 14.706 Thread 0x0000017a9c83f560 nmethod 3561 0x0000017a86c5d290 code [0x0000017a86c5d4c0, 0x0000017a86c5dc48]

GC Heap History (20 events):
Event: 4.455 GC heap before
{Heap before GC invocations=1 (full 0):
 PSYoungGen      total 29696K, used 25600K [0x00000000eab00000, 0x00000000ecc00000, 0x0000000100000000)
  eden space 25600K, 100% used [0x00000000eab00000,0x00000000ec400000,0x00000000ec400000)
  from space 4096K, 0% used [0x00000000ec800000,0x00000000ec800000,0x00000000ecc00000)
  to   space 4096K, 0% used [0x00000000ec400000,0x00000000ec400000,0x00000000ec800000)
 ParOldGen       total 68608K, used 0K [0x00000000c0000000, 0x00000000c4300000, 0x00000000eab00000)
  object space 68608K, 0% used [0x00000000c0000000,0x00000000c0000000,0x00000000c4300000)
 Metaspace       used 11021K, committed 11200K, reserved 1114112K
  class space    used 1098K, committed 1216K, reserved 1048576K
}
Event: 4.476 GC heap after
{Heap after GC invocations=1 (full 0):
 PSYoungGen      total 29696K, used 3165K [0x00000000eab00000, 0x00000000ecc00000, 0x0000000100000000)
  eden space 25600K, 0% used [0x00000000eab00000,0x00000000eab00000,0x00000000ec400000)
  from space 4096K, 77% used [0x00000000ec400000,0x00000000ec7176f0,0x00000000ec800000)
  to   space 4096K, 0% used [0x00000000ec800000,0x00000000ec800000,0x00000000ecc00000)
 ParOldGen       total 68608K, used 16K [0x00000000c0000000, 0x00000000c4300000, 0x00000000eab00000)
  object space 68608K, 0% used [0x00000000c0000000,0x00000000c0004000,0x00000000c4300000)
 Metaspace       used 11021K, committed 11200K, reserved 1114112K
  class space    used 1098K, committed 1216K, reserved 1048576K
}
Event: 6.326 GC heap before
{Heap before GC invocations=2 (full 0):
 PSYoungGen      total 29696K, used 28765K [0x00000000eab00000, 0x00000000ecc00000, 0x0000000100000000)
  eden space 25600K, 100% used [0x00000000eab00000,0x00000000ec400000,0x00000000ec400000)
  from space 4096K, 77% used [0x00000000ec400000,0x00000000ec7176f0,0x00000000ec800000)
  to   space 4096K, 0% used [0x00000000ec800000,0x00000000ec800000,0x00000000ecc00000)
 ParOldGen       total 68608K, used 16K [0x00000000c0000000, 0x00000000c4300000, 0x00000000eab00000)
  object space 68608K, 0% used [0x00000000c0000000,0x00000000c0004000,0x00000000c4300000)
 Metaspace       used 14611K, committed 14784K, reserved 1114112K
  class space    used 1460K, committed 1600K, reserved 1048576K
}
Event: 6.338 GC heap after
{Heap after GC invocations=2 (full 0):
 PSYoungGen      total 29696K, used 4067K [0x00000000eab00000, 0x00000000ecc00000, 0x0000000100000000)
  eden space 25600K, 0% used [0x00000000eab00000,0x00000000eab00000,0x00000000ec400000)
  from space 4096K, 99% used [0x00000000ec800000,0x00000000ecbf8f38,0x00000000ecc00000)
  to   space 4096K, 0% used [0x00000000ec400000,0x00000000ec400000,0x00000000ec800000)
 ParOldGen       total 68608K, used 1508K [0x00000000c0000000, 0x00000000c4300000, 0x00000000eab00000)
  object space 68608K, 2% used [0x00000000c0000000,0x00000000c0179370,0x00000000c4300000)
 Metaspace       used 14611K, committed 14784K, reserved 1114112K
  class space    used 1460K, committed 1600K, reserved 1048576K
}
Event: 7.558 GC heap before
{Heap before GC invocations=3 (full 0):
 PSYoungGen      total 29696K, used 29667K [0x00000000eab00000, 0x00000000ecc00000, 0x0000000100000000)
  eden space 25600K, 100% used [0x00000000eab00000,0x00000000ec400000,0x00000000ec400000)
  from space 4096K, 99% used [0x00000000ec800000,0x00000000ecbf8f38,0x00000000ecc00000)
  to   space 4096K, 0% used [0x00000000ec400000,0x00000000ec400000,0x00000000ec800000)
 ParOldGen       total 68608K, used 1508K [0x00000000c0000000, 0x00000000c4300000, 0x00000000eab00000)
  object space 68608K, 2% used [0x00000000c0000000,0x00000000c0179370,0x00000000c4300000)
 Metaspace       used 16095K, committed 16384K, reserved 1114112K
  class space    used 1612K, committed 1728K, reserved 1048576K
}
Event: 7.571 GC heap after
{Heap after GC invocations=3 (full 0):
 PSYoungGen      total 29696K, used 4088K [0x00000000eab00000, 0x00000000ecc00000, 0x0000000100000000)
  eden space 25600K, 0% used [0x00000000eab00000,0x00000000eab00000,0x00000000ec400000)
  from space 4096K, 99% used [0x00000000ec400000,0x00000000ec7fe3b8,0x00000000ec800000)
  to   space 4096K, 0% used [0x00000000ec800000,0x00000000ec800000,0x00000000ecc00000)
 ParOldGen       total 68608K, used 5155K [0x00000000c0000000, 0x00000000c4300000, 0x00000000eab00000)
  object space 68608K, 7% used [0x00000000c0000000,0x00000000c0508fa0,0x00000000c4300000)
 Metaspace       used 16095K, committed 16384K, reserved 1114112K
  class space    used 1612K, committed 1728K, reserved 1048576K
}
Event: 9.130 GC heap before
{Heap before GC invocations=4 (full 0):
 PSYoungGen      total 29696K, used 29669K [0x00000000eab00000, 0x00000000ecc00000, 0x0000000100000000)
  eden space 25600K, 99% used [0x00000000eab00000,0x00000000ec3fb2e0,0x00000000ec400000)
  from space 4096K, 99% used [0x00000000ec400000,0x00000000ec7fe3b8,0x00000000ec800000)
  to   space 4096K, 0% used [0x00000000ec800000,0x00000000ec800000,0x00000000ecc00000)
 ParOldGen       total 68608K, used 5155K [0x00000000c0000000, 0x00000000c4300000, 0x00000000eab00000)
  object space 68608K, 7% used [0x00000000c0000000,0x00000000c0508fa0,0x00000000c4300000)
 Metaspace       used 20623K, committed 21056K, reserved 1114112K
  class space    used 2092K, committed 2304K, reserved 1048576K
}
Event: 9.138 GC heap after
{Heap after GC invocations=4 (full 0):
 PSYoungGen      total 29696K, used 4092K [0x00000000eab00000, 0x00000000ecc00000, 0x0000000100000000)
  eden space 25600K, 0% used [0x00000000eab00000,0x00000000eab00000,0x00000000ec400000)
  from space 4096K, 99% used [0x00000000ec800000,0x00000000ecbff280,0x00000000ecc00000)
  to   space 4096K, 0% used [0x00000000ec400000,0x00000000ec400000,0x00000000ec800000)
 ParOldGen       total 68608K, used 6246K [0x00000000c0000000, 0x00000000c4300000, 0x00000000eab00000)
  object space 68608K, 9% used [0x00000000c0000000,0x00000000c0619aa8,0x00000000c4300000)
 Metaspace       used 20623K, committed 21056K, reserved 1114112K
  class space    used 2092K, committed 2304K, reserved 1048576K
}
Event: 9.338 GC heap before
{Heap before GC invocations=5 (full 0):
 PSYoungGen      total 29696K, used 7384K [0x00000000eab00000, 0x00000000ecc00000, 0x0000000100000000)
  eden space 25600K, 12% used [0x00000000eab00000,0x00000000eae36e20,0x00000000ec400000)
  from space 4096K, 99% used [0x00000000ec800000,0x00000000ecbff280,0x00000000ecc00000)
  to   space 4096K, 0% used [0x00000000ec400000,0x00000000ec400000,0x00000000ec800000)
 ParOldGen       total 68608K, used 6246K [0x00000000c0000000, 0x00000000c4300000, 0x00000000eab00000)
  object space 68608K, 9% used [0x00000000c0000000,0x00000000c0619aa8,0x00000000c4300000)
 Metaspace       used 21045K, committed 21504K, reserved 1114112K
  class space    used 2137K, committed 2304K, reserved 1048576K
}
Event: 9.344 GC heap after
{Heap after GC invocations=5 (full 0):
 PSYoungGen      total 29696K, used 4090K [0x00000000eab00000, 0x00000000ece00000, 0x0000000100000000)
  eden space 25600K, 0% used [0x00000000eab00000,0x00000000eab00000,0x00000000ec400000)
  from space 4096K, 99% used [0x00000000ec400000,0x00000000ec7fea48,0x00000000ec800000)
  to   space 5120K, 0% used [0x00000000ec900000,0x00000000ec900000,0x00000000ece00000)
 ParOldGen       total 68608K, used 6584K [0x00000000c0000000, 0x00000000c4300000, 0x00000000eab00000)
  object space 68608K, 9% used [0x00000000c0000000,0x00000000c066e168,0x00000000c4300000)
 Metaspace       used 21045K, committed 21504K, reserved 1114112K
  class space    used 2137K, committed 2304K, reserved 1048576K
}
Event: 9.344 GC heap before
{Heap before GC invocations=6 (full 1):
 PSYoungGen      total 29696K, used 4090K [0x00000000eab00000, 0x00000000ece00000, 0x0000000100000000)
  eden space 25600K, 0% used [0x00000000eab00000,0x00000000eab00000,0x00000000ec400000)
  from space 4096K, 99% used [0x00000000ec400000,0x00000000ec7fea48,0x00000000ec800000)
  to   space 5120K, 0% used [0x00000000ec900000,0x00000000ec900000,0x00000000ece00000)
 ParOldGen       total 68608K, used 6584K [0x00000000c0000000, 0x00000000c4300000, 0x00000000eab00000)
  object space 68608K, 9% used [0x00000000c0000000,0x00000000c066e168,0x00000000c4300000)
 Metaspace       used 21045K, committed 21504K, reserved 1114112K
  class space    used 2137K, committed 2304K, reserved 1048576K
}
Event: 9.411 GC heap after
{Heap after GC invocations=6 (full 1):
 PSYoungGen      total 29696K, used 0K [0x00000000eab00000, 0x00000000ece00000, 0x0000000100000000)
  eden space 25600K, 0% used [0x00000000eab00000,0x00000000eab00000,0x00000000ec400000)
  from space 4096K, 0% used [0x00000000ec400000,0x00000000ec400000,0x00000000ec800000)
  to   space 5120K, 0% used [0x00000000ec900000,0x00000000ec900000,0x00000000ece00000)
 ParOldGen       total 68608K, used 10378K [0x00000000c0000000, 0x00000000c4300000, 0x00000000eab00000)
  object space 68608K, 15% used [0x00000000c0000000,0x00000000c0a22b20,0x00000000c4300000)
 Metaspace       used 21032K, committed 21504K, reserved 1114112K
  class space    used 2133K, committed 2304K, reserved 1048576K
}
Event: 11.087 GC heap before
{Heap before GC invocations=7 (full 1):
 PSYoungGen      total 29696K, used 25600K [0x00000000eab00000, 0x00000000ece00000, 0x0000000100000000)
  eden space 25600K, 100% used [0x00000000eab00000,0x00000000ec400000,0x00000000ec400000)
  from space 4096K, 0% used [0x00000000ec400000,0x00000000ec400000,0x00000000ec800000)
  to   space 5120K, 0% used [0x00000000ec900000,0x00000000ec900000,0x00000000ece00000)
 ParOldGen       total 68608K, used 10378K [0x00000000c0000000, 0x00000000c4300000, 0x00000000eab00000)
  object space 68608K, 15% used [0x00000000c0000000,0x00000000c0a22b20,0x00000000c4300000)
 Metaspace       used 24294K, committed 24832K, reserved 1114112K
  class space    used 2472K, committed 2688K, reserved 1048576K
}
Event: 11.092 GC heap after
{Heap after GC invocations=7 (full 1):
 PSYoungGen      total 26624K, used 1298K [0x00000000eab00000, 0x00000000eca80000, 0x0000000100000000)
  eden space 25088K, 0% used [0x00000000eab00000,0x00000000eab00000,0x00000000ec380000)
  from space 1536K, 84% used [0x00000000ec900000,0x00000000eca44898,0x00000000eca80000)
  to   space 2560K, 0% used [0x00000000ec580000,0x00000000ec580000,0x00000000ec800000)
 ParOldGen       total 68608K, used 10386K [0x00000000c0000000, 0x00000000c4300000, 0x00000000eab00000)
  object space 68608K, 15% used [0x00000000c0000000,0x00000000c0a24b20,0x00000000c4300000)
 Metaspace       used 24294K, committed 24832K, reserved 1114112K
  class space    used 2472K, committed 2688K, reserved 1048576K
}
Event: 11.949 GC heap before
{Heap before GC invocations=8 (full 1):
 PSYoungGen      total 26624K, used 26386K [0x00000000eab00000, 0x00000000eca80000, 0x0000000100000000)
  eden space 25088K, 100% used [0x00000000eab00000,0x00000000ec380000,0x00000000ec380000)
  from space 1536K, 84% used [0x00000000ec900000,0x00000000eca44898,0x00000000eca80000)
  to   space 2560K, 0% used [0x00000000ec580000,0x00000000ec580000,0x00000000ec800000)
 ParOldGen       total 68608K, used 10386K [0x00000000c0000000, 0x00000000c4300000, 0x00000000eab00000)
  object space 68608K, 15% used [0x00000000c0000000,0x00000000c0a24b20,0x00000000c4300000)
 Metaspace       used 27482K, committed 28096K, reserved 1114112K
  class space    used 2807K, committed 3008K, reserved 1048576K
}
Event: 11.953 GC heap after
{Heap after GC invocations=8 (full 1):
 PSYoungGen      total 27136K, used 2540K [0x00000000eab00000, 0x00000000ec980000, 0x0000000100000000)
  eden space 24576K, 0% used [0x00000000eab00000,0x00000000eab00000,0x00000000ec300000)
  from space 2560K, 99% used [0x00000000ec580000,0x00000000ec7fb278,0x00000000ec800000)
  to   space 1536K, 0% used [0x00000000ec800000,0x00000000ec800000,0x00000000ec980000)
 ParOldGen       total 68608K, used 10626K [0x00000000c0000000, 0x00000000c4300000, 0x00000000eab00000)
  object space 68608K, 15% used [0x00000000c0000000,0x00000000c0a60b20,0x00000000c4300000)
 Metaspace       used 27482K, committed 28096K, reserved 1114112K
  class space    used 2807K, committed 3008K, reserved 1048576K
}
Event: 12.731 GC heap before
{Heap before GC invocations=9 (full 1):
 PSYoungGen      total 27136K, used 27116K [0x00000000eab00000, 0x00000000ec980000, 0x0000000100000000)
  eden space 24576K, 100% used [0x00000000eab00000,0x00000000ec300000,0x00000000ec300000)
  from space 2560K, 99% used [0x00000000ec580000,0x00000000ec7fb278,0x00000000ec800000)
  to   space 1536K, 0% used [0x00000000ec800000,0x00000000ec800000,0x00000000ec980000)
 ParOldGen       total 68608K, used 10626K [0x00000000c0000000, 0x00000000c4300000, 0x00000000eab00000)
  object space 68608K, 15% used [0x00000000c0000000,0x00000000c0a60b20,0x00000000c4300000)
 Metaspace       used 30021K, committed 30656K, reserved 1114112K
  class space    used 2967K, committed 3200K, reserved 1048576K
}
Event: 12.734 GC heap after
{Heap after GC invocations=9 (full 1):
 PSYoungGen      total 25600K, used 1516K [0x00000000eab00000, 0x00000000ec980000, 0x0000000100000000)
  eden space 24064K, 0% used [0x00000000eab00000,0x00000000eab00000,0x00000000ec280000)
  from space 1536K, 98% used [0x00000000ec800000,0x00000000ec97b028,0x00000000ec980000)
  to   space 3072K, 0% used [0x00000000ec380000,0x00000000ec380000,0x00000000ec680000)
 ParOldGen       total 68608K, used 11750K [0x00000000c0000000, 0x00000000c4300000, 0x00000000eab00000)
  object space 68608K, 17% used [0x00000000c0000000,0x00000000c0b79ba8,0x00000000c4300000)
 Metaspace       used 30021K, committed 30656K, reserved 1114112K
  class space    used 2967K, committed 3200K, reserved 1048576K
}
Event: 14.483 GC heap before
{Heap before GC invocations=10 (full 1):
 PSYoungGen      total 25600K, used 25247K [0x00000000eab00000, 0x00000000ec980000, 0x0000000100000000)
  eden space 24064K, 98% used [0x00000000eab00000,0x00000000ec22cc28,0x00000000ec280000)
  from space 1536K, 98% used [0x00000000ec800000,0x00000000ec97b028,0x00000000ec980000)
  to   space 3072K, 0% used [0x00000000ec380000,0x00000000ec380000,0x00000000ec680000)
 ParOldGen       total 68608K, used 11750K [0x00000000c0000000, 0x00000000c4300000, 0x00000000eab00000)
  object space 68608K, 17% used [0x00000000c0000000,0x00000000c0b79ba8,0x00000000c4300000)
 Metaspace       used 33224K, committed 33984K, reserved 1114112K
  class space    used 3315K, committed 3648K, reserved 1048576K
}
Event: 14.488 GC heap after
{Heap after GC invocations=10 (full 1):
 PSYoungGen      total 26624K, used 1108K [0x00000000eab00000, 0x00000000ec880000, 0x0000000100000000)
  eden space 23552K, 0% used [0x00000000eab00000,0x00000000eab00000,0x00000000ec200000)
  from space 3072K, 36% used [0x00000000ec380000,0x00000000ec495288,0x00000000ec680000)
  to   space 2048K, 0% used [0x00000000ec680000,0x00000000ec680000,0x00000000ec880000)
 ParOldGen       total 68608K, used 12640K [0x00000000c0000000, 0x00000000c4300000, 0x00000000eab00000)
  object space 68608K, 18% used [0x00000000c0000000,0x00000000c0c58200,0x00000000c4300000)
 Metaspace       used 33224K, committed 33984K, reserved 1114112K
  class space    used 3315K, committed 3648K, reserved 1048576K
}

Dll operation events (9 events):
Event: 0.101 Loaded shared library c:\Users\Andrea\.vscode\extensions\redhat.java-1.30.0-win32-x64\jre\17.0.10-win32-x86_64\bin\java.dll
Event: 0.922 Loaded shared library c:\Users\Andrea\.vscode\extensions\redhat.java-1.30.0-win32-x64\jre\17.0.10-win32-x86_64\bin\zip.dll
Event: 0.939 Loaded shared library C:\Users\Andrea\.vscode\extensions\redhat.java-1.30.0-win32-x64\jre\17.0.10-win32-x86_64\bin\instrument.dll
Event: 0.997 Loaded shared library C:\Users\Andrea\.vscode\extensions\redhat.java-1.30.0-win32-x64\jre\17.0.10-win32-x86_64\bin\net.dll
Event: 1.006 Loaded shared library C:\Users\Andrea\.vscode\extensions\redhat.java-1.30.0-win32-x64\jre\17.0.10-win32-x86_64\bin\nio.dll
Event: 1.083 Loaded shared library C:\Users\Andrea\.vscode\extensions\redhat.java-1.30.0-win32-x64\jre\17.0.10-win32-x86_64\bin\zip.dll
Event: 1.180 Loaded shared library C:\Users\Andrea\.vscode\extensions\redhat.java-1.30.0-win32-x64\jre\17.0.10-win32-x86_64\bin\jimage.dll
Event: 1.485 Loaded shared library c:\Users\Andrea\.vscode\extensions\redhat.java-1.30.0-win32-x64\jre\17.0.10-win32-x86_64\bin\verify.dll
Event: 6.123 Loaded shared library C:\Users\Andrea\AppData\Roaming\Code\User\globalStorage\redhat.java\1.30.0\config_win\org.eclipse.equinox.launcher\org.eclipse.equinox.launcher.win32.win32.x86_64_1.2.900.v20240213-1244\eclipse_11900.dll

Deoptimization events (20 events):
Event: 13.033 Thread 0x0000017a9e0333d0 DEOPT PACKING pc=0x0000017a8e0c6668 sp=0x0000003798ffd110
Event: 13.033 Thread 0x0000017a9e0333d0 DEOPT UNPACKING pc=0x0000017a8da966a3 sp=0x0000003798ffd0a8 mode 2
Event: 13.034 Thread 0x0000017a9e116060 DEOPT PACKING pc=0x0000017a868f1b94 sp=0x0000003798bf4db0
Event: 13.034 Thread 0x0000017a9e116060 DEOPT UNPACKING pc=0x0000017a8da96e43 sp=0x0000003798bf4300 mode 0
Event: 13.080 Thread 0x0000017a9e0324a0 Uncommon trap: trap_request=0xffffffde fr.pc=0x0000017a8e138750 relative=0x00000000000000b0
Event: 13.080 Thread 0x0000017a9e0324a0 Uncommon trap: reason=class_check action=maybe_recompile pc=0x0000017a8e138750 method=java.lang.Character.codePointAt(Ljava/lang/CharSequence;I)I @ 2 c2
Event: 13.080 Thread 0x0000017a9e0324a0 DEOPT PACKING pc=0x0000017a8e138750 sp=0x00000037990fe640
Event: 13.080 Thread 0x0000017a9e0324a0 DEOPT UNPACKING pc=0x0000017a8da966a3 sp=0x00000037990fe5c8 mode 2
Event: 13.080 Thread 0x0000017a9e0324a0 Uncommon trap: trap_request=0xffffffde fr.pc=0x0000017a8e138750 relative=0x00000000000000b0
Event: 13.080 Thread 0x0000017a9e0324a0 Uncommon trap: reason=class_check action=maybe_recompile pc=0x0000017a8e138750 method=java.lang.Character.codePointAt(Ljava/lang/CharSequence;I)I @ 2 c2
Event: 13.080 Thread 0x0000017a9e0324a0 DEOPT PACKING pc=0x0000017a8e138750 sp=0x00000037990fe640
Event: 13.080 Thread 0x0000017a9e0324a0 DEOPT UNPACKING pc=0x0000017a8da966a3 sp=0x00000037990fe5c8 mode 2
Event: 13.080 Thread 0x0000017a9e0324a0 Uncommon trap: trap_request=0xffffffde fr.pc=0x0000017a8e138750 relative=0x00000000000000b0
Event: 13.080 Thread 0x0000017a9e0324a0 Uncommon trap: reason=class_check action=maybe_recompile pc=0x0000017a8e138750 method=java.lang.Character.codePointAt(Ljava/lang/CharSequence;I)I @ 2 c2
Event: 13.080 Thread 0x0000017a9e0324a0 DEOPT PACKING pc=0x0000017a8e138750 sp=0x00000037990fe640
Event: 13.080 Thread 0x0000017a9e0324a0 DEOPT UNPACKING pc=0x0000017a8da966a3 sp=0x00000037990fe5c8 mode 2
Event: 13.080 Thread 0x0000017a9e0324a0 Uncommon trap: trap_request=0xffffffde fr.pc=0x0000017a8e138750 relative=0x00000000000000b0
Event: 13.080 Thread 0x0000017a9e0324a0 Uncommon trap: reason=class_check action=maybe_recompile pc=0x0000017a8e138750 method=java.lang.Character.codePointAt(Ljava/lang/CharSequence;I)I @ 2 c2
Event: 13.080 Thread 0x0000017a9e0324a0 DEOPT PACKING pc=0x0000017a8e138750 sp=0x00000037990fe640
Event: 13.080 Thread 0x0000017a9e0324a0 DEOPT UNPACKING pc=0x0000017a8da966a3 sp=0x00000037990fe5c8 mode 2

Classes unloaded (7 events):
Event: 9.353 Thread 0x0000017a9c7b2930 Unloading class 0x0000000100248400 'java/lang/invoke/LambdaForm$MH+0x0000000100248400'
Event: 9.353 Thread 0x0000017a9c7b2930 Unloading class 0x0000000100248000 'java/lang/invoke/LambdaForm$MH+0x0000000100248000'
Event: 9.353 Thread 0x0000017a9c7b2930 Unloading class 0x0000000100247c00 'java/lang/invoke/LambdaForm$MH+0x0000000100247c00'
Event: 9.353 Thread 0x0000017a9c7b2930 Unloading class 0x0000000100247800 'java/lang/invoke/LambdaForm$MH+0x0000000100247800'
Event: 9.354 Thread 0x0000017a9c7b2930 Unloading class 0x0000000100247400 'java/lang/invoke/LambdaForm$BMH+0x0000000100247400'
Event: 9.354 Thread 0x0000017a9c7b2930 Unloading class 0x0000000100247000 'java/lang/invoke/LambdaForm$DMH+0x0000000100247000'
Event: 9.354 Thread 0x0000017a9c7b2930 Unloading class 0x0000000100244400 'java/lang/invoke/LambdaForm$DMH+0x0000000100244400'

Classes redefined (0 events):
No events

Internal exceptions (20 events):
Event: 12.126 Thread 0x0000017a9e116060 Exception <a 'java/io/FileNotFoundException'{0x00000000eb75cdb8}> (0x00000000eb75cdb8) 
thrown [s\src\hotspot\share\prims\jni.cpp, line 516]
Event: 12.674 Thread 0x0000017a9e0324a0 Exception <a 'java/lang/NoSuchMethodError'{0x00000000eaff9798}: 'void java.lang.invoke.DirectMethodHandle$Holder.invokeStatic(java.lang.Object, java.lang.Object, java.lang.Object, java.lang.Object)'> (0x00000000eaff9798) 
thrown [s\src\hotspot\share\interpreter\linkResolver.cpp, line 759]
Event: 12.748 Thread 0x0000017a9e0333d0 Exception <a 'java/lang/NoSuchMethodError'{0x00000000eab3a658}: 'java.lang.Object java.lang.invoke.DirectMethodHandle$Holder.invokeStaticInit(java.lang.Object, java.lang.Object, java.lang.Object, java.lang.Object, java.lang.Object, java.lang.Object, java.lang.Object)'> (0x00000000eab3a658) 
thrown [s\src\hotspot\share\interpreter\linkResolver.cpp, line 759]
Event: 12.752 Thread 0x0000017a9e0333d0 Exception <a 'java/lang/NoSuchMethodError'{0x00000000eab43350}: 'java.lang.Object java.lang.invoke.DirectMethodHandle$Holder.invokeSpecial(java.lang.Object, java.lang.Object, java.lang.Object, java.lang.Object, java.lang.Object, java.lang.Object, java.lang.Object, java.lang.Object, java.lang.Object)'> (0x00000000eab43350) 
thrown [s\src\hotspot\share\interpreter\linkResolver.cpp, line 759]
Event: 12.753 Thread 0x0000017a9e0333d0 Exception <a 'java/lang/NoSuchMethodError'{0x00000000eab48138}: 'java.lang.Object java.lang.invoke.Invokers$Holder.invoke_MT(java.lang.Object, java.lang.Object, java.lang.Object, java.lang.Object, java.lang.Object, java.lang.Object, java.lang.Object, java.lang.Object, java.lang.Object)'> (0x00000000eab48138) 
thrown [s\src\hotspot\share\interpreter\linkResolver.cpp, line 759]
Event: 12.787 Thread 0x0000017a9e0333d0 Exception <a 'java/lang/NoSuchMethodError'{0x00000000eac43550}: 'int java.lang.invoke.DirectMethodHandle$Holder.invokeVirtual(java.lang.Object, java.lang.Object, java.lang.Object)'> (0x00000000eac43550) 
thrown [s\src\hotspot\share\interpreter\linkResolver.cpp, line 759]
Event: 12.795 Thread 0x0000017a9e0333d0 Exception <a 'java/lang/NoSuchMethodError'{0x00000000eac46e08}: 'int java.lang.invoke.DirectMethodHandle$Holder.invokeVirtual(java.lang.Object, java.lang.Object)'> (0x00000000eac46e08) 
thrown [s\src\hotspot\share\interpreter\linkResolver.cpp, line 759]
Event: 12.797 Thread 0x0000017a9e0333d0 Exception <a 'java/lang/NoSuchMethodError'{0x00000000eac4b310}: 'int java.lang.invoke.DirectMethodHandle$Holder.invokeStaticInit(java.lang.Object, int, int)'> (0x00000000eac4b310) 
thrown [s\src\hotspot\share\interpreter\linkResolver.cpp, line 759]
Event: 12.801 Thread 0x0000017a9e0333d0 Exception <a 'java/lang/NoSuchMethodError'{0x00000000eac52d40}: 'int java.lang.invoke.DirectMethodHandle$Holder.invokeStaticInit(java.lang.Object, long, long)'> (0x00000000eac52d40) 
thrown [s\src\hotspot\share\interpreter\linkResolver.cpp, line 759]
Event: 12.804 Thread 0x0000017a9e0333d0 Exception <a 'java/lang/NoSuchMethodError'{0x00000000eac59de0}: 'int java.lang.invoke.DirectMethodHandle$Holder.invokeStaticInit(java.lang.Object, float, float)'> (0x00000000eac59de0) 
thrown [s\src\hotspot\share\interpreter\linkResolver.cpp, line 759]
Event: 12.805 Thread 0x0000017a9e0333d0 Exception <a 'java/lang/NoSuchMethodError'{0x00000000eac60e98}: 'int java.lang.invoke.DirectMethodHandle$Holder.invokeStaticInit(java.lang.Object, double, double)'> (0x00000000eac60e98) 
thrown [s\src\hotspot\share\interpreter\linkResolver.cpp, line 759]
Event: 12.807 Thread 0x0000017a9e0333d0 Exception <a 'java/lang/NoSuchMethodError'{0x00000000eac654a0}: 'int java.lang.invoke.DirectMethodHandle$Holder.invokeStatic(java.lang.Object, long)'> (0x00000000eac654a0) 
thrown [s\src\hotspot\share\interpreter\linkResolver.cpp, line 759]
Event: 12.841 Thread 0x0000017a9e0333d0 Exception <a 'java/lang/NoSuchMethodError'{0x00000000eac82fe0}: 'int java.lang.invoke.DirectMethodHandle$Holder.invokeSpecial(java.lang.Object, java.lang.Object, int, int)'> (0x00000000eac82fe0) 
thrown [s\src\hotspot\share\interpreter\linkResolver.cpp, line 759]
Event: 12.846 Thread 0x0000017a9e0333d0 Exception <a 'java/lang/NoSuchMethodError'{0x00000000eac97820}: 'int java.lang.invoke.Invokers$Holder.linkToTargetMethod(java.lang.Object, java.lang.Object)'> (0x00000000eac97820) 
thrown [s\src\hotspot\share\interpreter\linkResolver.cpp, line 759]
Event: 12.846 Thread 0x0000017a9e0324a0 Exception <a 'java/lang/NoSuchMethodError'{0x00000000eac99770}: 'int java.lang.invoke.Invokers$Holder.linkToTargetMethod(java.lang.Object, java.lang.Object)'> (0x00000000eac99770) 
thrown [s\src\hotspot\share\interpreter\linkResolver.cpp, line 759]
Event: 12.850 Thread 0x0000017a9e0333d0 Exception <a 'java/lang/NoSuchMethodError'{0x00000000eacb1d00}: 'int java.lang.invoke.DirectMethodHandle$Holder.invokeSpecial(java.lang.Object, java.lang.Object, java.lang.Object, java.lang.Object)'> (0x00000000eacb1d00) 
thrown [s\src\hotspot\share\interpreter\linkResolver.cpp, line 759]
Event: 12.995 Thread 0x0000017a9e0333d0 Exception <a 'java/lang/NoSuchMethodError'{0x00000000ead85b68}: 'java.lang.Object java.lang.invoke.DirectMethodHandle$Holder.invokeStatic(java.lang.Object, int, java.lang.Object, java.lang.Object)'> (0x00000000ead85b68) 
thrown [s\src\hotspot\share\interpreter\linkResolver.cpp, line 759]
Event: 13.017 Thread 0x0000017a9e0333d0 Exception <a 'java/lang/NoSuchMethodError'{0x00000000ead89620}: 'java.lang.Object java.lang.invoke.DelegatingMethodHandle$Holder.delegate(java.lang.Object, int, java.lang.Object, java.lang.Object)'> (0x00000000ead89620) 
thrown [s\src\hotspot\share\interpreter\linkResolver.cpp, line 759]
Event: 13.035 Thread 0x0000017a9e0333d0 Exception <a 'java/lang/NoSuchMethodError'{0x00000000eadefd60}: 'int java.lang.invoke.Invokers$Holder.linkToTargetMethod(java.lang.Object, java.lang.Object, java.lang.Object)'> (0x00000000eadefd60) 
thrown [s\src\hotspot\share\interpreter\linkResolver.cpp, line 759]
Event: 13.233 Thread 0x0000017a9e0324a0 Exception <a 'java/lang/NoSuchMethodError'{0x00000000eb045738}: 'java.lang.Object java.lang.invoke.DirectMethodHandle$Holder.invokeSpecialIFC(java.lang.Object, java.lang.Object, java.lang.Object, java.lang.Object)'> (0x00000000eb045738) 
thrown [s\src\hotspot\share\interpreter\linkResolver.cpp, line 759]

VM Operations (20 events):
Event: 10.546 Executing VM operation: HandshakeAllThreads
Event: 10.546 Executing VM operation: HandshakeAllThreads done
Event: 10.594 Executing VM operation: HandshakeAllThreads
Event: 10.595 Executing VM operation: HandshakeAllThreads done
Event: 11.087 Executing VM operation: ParallelGCFailedAllocation
Event: 11.092 Executing VM operation: ParallelGCFailedAllocation done
Event: 11.949 Executing VM operation: ParallelGCFailedAllocation
Event: 11.953 Executing VM operation: ParallelGCFailedAllocation done
Event: 12.692 Executing VM operation: ParallelGCFailedAllocation
Event: 12.763 Executing VM operation: ParallelGCFailedAllocation done
Event: 12.950 Executing VM operation: HandshakeAllThreads
Event: 12.993 Executing VM operation: HandshakeAllThreads done
Event: 13.011 Executing VM operation: HandshakeAllThreads
Event: 13.011 Executing VM operation: HandshakeAllThreads done
Event: 13.013 Executing VM operation: HandshakeAllThreads
Event: 13.014 Executing VM operation: HandshakeAllThreads done
Event: 14.014 Executing VM operation: Cleanup
Event: 14.116 Executing VM operation: Cleanup done
Event: 14.481 Executing VM operation: ParallelGCFailedAllocation
Event: 14.488 Executing VM operation: ParallelGCFailedAllocation done

Events (20 events):
Event: 14.660 loading class sun/reflect/generics/tree/ClassSignature
Event: 14.660 loading class sun/reflect/generics/tree/Signature
Event: 14.661 loading class sun/reflect/generics/tree/Signature done
Event: 14.661 loading class sun/reflect/generics/tree/ClassSignature done
Event: 14.661 loading class sun/reflect/annotation/TypeAnnotation$TypeAnnotationTarget
Event: 14.661 loading class sun/reflect/annotation/TypeAnnotation$TypeAnnotationTarget done
Event: 14.661 loading class sun/reflect/annotation/TypeAnnotation$LocationInfo
Event: 14.662 loading class sun/reflect/annotation/TypeAnnotation$LocationInfo done
Event: 14.662 loading class sun/reflect/annotation/TypeAnnotation$LocationInfo$Location
Event: 14.662 loading class sun/reflect/annotation/TypeAnnotation$LocationInfo$Location done
Event: 14.662 loading class sun/reflect/annotation/AnnotatedTypeFactory
Event: 14.663 loading class sun/reflect/annotation/AnnotatedTypeFactory done
Event: 14.664 loading class sun/reflect/annotation/AnnotatedTypeFactory$AnnotatedTypeBaseImpl
Event: 14.664 loading class sun/reflect/annotation/AnnotatedTypeFactory$AnnotatedTypeBaseImpl done
Event: 14.665 loading class java/util/stream/Streams$ConcatSpliterator$OfRef
Event: 14.665 loading class java/util/stream/Streams$ConcatSpliterator
Event: 14.665 loading class java/util/stream/Streams$ConcatSpliterator done
Event: 14.666 loading class java/util/stream/Streams$ConcatSpliterator$OfRef done
Event: 14.666 loading class java/util/stream/Streams$2
Event: 14.666 loading class java/util/stream/Streams$2 done


Dynamic libraries:
0x00007ff6a3970000 - 0x00007ff6a397e000 	c:\Users\Andrea\.vscode\extensions\redhat.java-1.30.0-win32-x64\jre\17.0.10-win32-x86_64\bin\java.exe
0x00007ffe98af0000 - 0x00007ffe98d07000 	C:\WINDOWS\SYSTEM32\ntdll.dll
0x00007ffe8adc0000 - 0x00007ffe8add9000 	C:\Program Files\Avast Software\Avast\aswhook.dll
0x00007ffe97c10000 - 0x00007ffe97cd4000 	C:\WINDOWS\System32\KERNEL32.DLL
0x00007ffe960c0000 - 0x00007ffe96467000 	C:\WINDOWS\System32\KERNELBASE.dll
0x00007ffe96470000 - 0x00007ffe96581000 	C:\WINDOWS\System32\ucrtbase.dll
0x00007ffe75460000 - 0x00007ffe75477000 	c:\Users\Andrea\.vscode\extensions\redhat.java-1.30.0-win32-x64\jre\17.0.10-win32-x86_64\bin\jli.dll
0x00007ffe96940000 - 0x00007ffe96aee000 	C:\WINDOWS\System32\USER32.dll
0x00007ffe96680000 - 0x00007ffe966a6000 	C:\WINDOWS\System32\win32u.dll
0x00007ffe97040000 - 0x00007ffe97069000 	C:\WINDOWS\System32\GDI32.dll
0x00007ffe95e10000 - 0x00007ffe95f29000 	C:\WINDOWS\System32\gdi32full.dll
0x00007ffe95fb0000 - 0x00007ffe9604a000 	C:\WINDOWS\System32\msvcp_win.dll
0x00007ffe75330000 - 0x00007ffe7534b000 	c:\Users\Andrea\.vscode\extensions\redhat.java-1.30.0-win32-x64\jre\17.0.10-win32-x86_64\bin\VCRUNTIME140.dll
0x00007ffe952d0000 - 0x00007ffe95563000 	C:\WINDOWS\WinSxS\amd64_microsoft.windows.common-controls_6595b64144ccf1df_6.0.22621.3527_none_270e469b73872a76\COMCTL32.dll
0x00007ffe96b50000 - 0x00007ffe96bf7000 	C:\WINDOWS\System32\msvcrt.dll
0x00007ffe98370000 - 0x00007ffe983a1000 	C:\WINDOWS\System32\IMM32.DLL
0x00007ffe7dd50000 - 0x00007ffe7dd5c000 	c:\Users\Andrea\.vscode\extensions\redhat.java-1.30.0-win32-x64\jre\17.0.10-win32-x86_64\bin\vcruntime140_1.dll
0x00007ffe61910000 - 0x00007ffe6199d000 	c:\Users\Andrea\.vscode\extensions\redhat.java-1.30.0-win32-x64\jre\17.0.10-win32-x86_64\bin\msvcp140.dll
0x00007ffdcc440000 - 0x00007ffdcd0a2000 	c:\Users\Andrea\.vscode\extensions\redhat.java-1.30.0-win32-x64\jre\17.0.10-win32-x86_64\bin\server\jvm.dll
0x00007ffe97070000 - 0x00007ffe97122000 	C:\WINDOWS\System32\ADVAPI32.dll
0x00007ffe98500000 - 0x00007ffe985a8000 	C:\WINDOWS\System32\sechost.dll
0x00007ffe96650000 - 0x00007ffe96678000 	C:\WINDOWS\System32\bcrypt.dll
0x00007ffe96820000 - 0x00007ffe96935000 	C:\WINDOWS\System32\RPCRT4.dll
0x00007ffe95cd0000 - 0x00007ffe95d1d000 	C:\WINDOWS\SYSTEM32\POWRPROF.dll
0x00007ffe8c4f0000 - 0x00007ffe8c524000 	C:\WINDOWS\SYSTEM32\WINMM.dll
0x00007ffe8c530000 - 0x00007ffe8c53a000 	C:\WINDOWS\SYSTEM32\VERSION.dll
0x00007ffe7bc70000 - 0x00007ffe7bc79000 	C:\WINDOWS\SYSTEM32\WSOCK32.dll
0x00007ffe97330000 - 0x00007ffe973a1000 	C:\WINDOWS\System32\WS2_32.dll
0x00007ffe95cb0000 - 0x00007ffe95cc3000 	C:\WINDOWS\SYSTEM32\UMPDC.dll
0x00007ffe945a0000 - 0x00007ffe945b8000 	C:\WINDOWS\SYSTEM32\kernel.appcore.dll
0x00007ffe7d1b0000 - 0x00007ffe7d1ba000 	c:\Users\Andrea\.vscode\extensions\redhat.java-1.30.0-win32-x64\jre\17.0.10-win32-x86_64\bin\jimage.dll
0x00007ffe95680000 - 0x00007ffe958b3000 	C:\WINDOWS\SYSTEM32\DBGHELP.DLL
0x00007ffe97f60000 - 0x00007ffe982e8000 	C:\WINDOWS\System32\combase.dll
0x00007ffe98420000 - 0x00007ffe984f7000 	C:\WINDOWS\System32\OLEAUT32.dll
0x00007ffe95570000 - 0x00007ffe955a2000 	C:\WINDOWS\SYSTEM32\dbgcore.DLL
0x00007ffe95f30000 - 0x00007ffe95fa9000 	C:\WINDOWS\System32\bcryptPrimitives.dll
0x00007ffe757f0000 - 0x00007ffe757fe000 	c:\Users\Andrea\.vscode\extensions\redhat.java-1.30.0-win32-x64\jre\17.0.10-win32-x86_64\bin\instrument.dll
0x00007ffe74fe0000 - 0x00007ffe75005000 	c:\Users\Andrea\.vscode\extensions\redhat.java-1.30.0-win32-x64\jre\17.0.10-win32-x86_64\bin\java.dll
0x00007ffe75300000 - 0x00007ffe75318000 	c:\Users\Andrea\.vscode\extensions\redhat.java-1.30.0-win32-x64\jre\17.0.10-win32-x86_64\bin\zip.dll
0x00007ffe973b0000 - 0x00007ffe97c0c000 	C:\WINDOWS\System32\SHELL32.dll
0x00007ffe932f0000 - 0x00007ffe93be6000 	C:\WINDOWS\SYSTEM32\windows.storage.dll
0x00007ffe931b0000 - 0x00007ffe932ee000 	C:\WINDOWS\SYSTEM32\wintypes.dll
0x00007ffe97cf0000 - 0x00007ffe97de5000 	C:\WINDOWS\System32\SHCORE.dll
0x00007ffe985d0000 - 0x00007ffe9862e000 	C:\WINDOWS\System32\shlwapi.dll
0x00007ffe95d40000 - 0x00007ffe95d61000 	C:\WINDOWS\SYSTEM32\profapi.dll
0x00007ffe72310000 - 0x00007ffe72329000 	C:\Users\Andrea\.vscode\extensions\redhat.java-1.30.0-win32-x64\jre\17.0.10-win32-x86_64\bin\net.dll
0x00007ffe8d170000 - 0x00007ffe8d2a6000 	C:\WINDOWS\SYSTEM32\WINHTTP.dll
0x00007ffe94b60000 - 0x00007ffe94bc9000 	C:\WINDOWS\system32\mswsock.dll
0x00007ffe70b20000 - 0x00007ffe70b36000 	C:\Users\Andrea\.vscode\extensions\redhat.java-1.30.0-win32-x64\jre\17.0.10-win32-x86_64\bin\nio.dll
0x00007ffe71be0000 - 0x00007ffe71bf0000 	c:\Users\Andrea\.vscode\extensions\redhat.java-1.30.0-win32-x64\jre\17.0.10-win32-x86_64\bin\verify.dll
0x00007ffe68db0000 - 0x00007ffe68dee000 	C:\Users\Andrea\AppData\Roaming\Code\User\globalStorage\redhat.java\1.30.0\config_win\org.eclipse.equinox.launcher\org.eclipse.equinox.launcher.win32.win32.x86_64_1.2.900.v20240213-1244\eclipse_11900.dll
0x00007ffe97180000 - 0x00007ffe97325000 	C:\WINDOWS\System32\ole32.dll

dbghelp: loaded successfully - version: 4.0.5 - missing functions: none
symbol engine: initialized successfully - sym options: 0x614 - pdb path: .;c:\Users\Andrea\.vscode\extensions\redhat.java-1.30.0-win32-x64\jre\17.0.10-win32-x86_64\bin;C:\WINDOWS\SYSTEM32;C:\Program Files\Avast Software\Avast;C:\WINDOWS\WinSxS\amd64_microsoft.windows.common-controls_6595b64144ccf1df_6.0.22621.3527_none_270e469b73872a76;c:\Users\Andrea\.vscode\extensions\redhat.java-1.30.0-win32-x64\jre\17.0.10-win32-x86_64\bin\server;C:\Users\Andrea\AppData\Roaming\Code\User\globalStorage\redhat.java\1.30.0\config_win\org.eclipse.equinox.launcher\org.eclipse.equinox.launcher.win32.win32.x86_64_1.2.900.v20240213-1244

VM Arguments:
jvm_args: --add-modules=ALL-SYSTEM --add-opens=java.base/java.util=ALL-UNNAMED --add-opens=java.base/java.lang=ALL-UNNAMED --add-opens=java.base/sun.nio.fs=ALL-UNNAMED -Declipse.application=org.eclipse.jdt.ls.core.id1 -Dosgi.bundles.defaultStartLevel=4 -Declipse.product=org.eclipse.jdt.ls.core.product -Djava.import.generatesMetadataFilesAtProjectRoot=false -DDetectVMInstallationsJob.disabled=true -Dfile.encoding=utf8 -XX:+UseParallelGC -XX:GCTimeRatio=4 -XX:AdaptiveSizePolicyWeight=90 -Dsun.zip.disableMemoryMapping=true -Xmx1G -Xms100m -Xlog:disable -javaagent:c:\Users\Andrea\.vscode\extensions\redhat.java-1.30.0-win32-x64\lombok\lombok-1.18.32.jar -XX:+HeapDumpOnOutOfMemoryError -XX:HeapDumpPath=c:\Users\Andrea\AppData\Roaming\Code\User\workspaceStorage\65f746c1a281849824745425ba6593dc\redhat.java -Daether.dependencyCollector.impl=bf 
java_command: c:\Users\Andrea\.vscode\extensions\redhat.java-1.30.0-win32-x64\server\plugins\org.eclipse.equinox.launcher_1.6.800.v20240330-1250.jar -configuration c:\Users\Andrea\AppData\Roaming\Code\User\globalStorage\redhat.java\1.30.0\config_win -data c:\Users\Andrea\AppData\Roaming\Code\User\workspaceStorage\65f746c1a281849824745425ba6593dc\redhat.java\jdt_ws --pipe=\\.\pipe\lsp-f1eaa101191a660fd458411c106058ef-sock
java_class_path (initial): c:\Users\Andrea\.vscode\extensions\redhat.java-1.30.0-win32-x64\server\plugins\org.eclipse.equinox.launcher_1.6.800.v20240330-1250.jar
Launcher Type: SUN_STANDARD

[Global flags]
    uintx AdaptiveSizePolicyWeight                 = 90                                        {product} {command line}
     intx CICompilerCount                          = 4                                         {product} {ergonomic}
    uintx GCTimeRatio                              = 4                                         {product} {command line}
     bool HeapDumpOnOutOfMemoryError               = true                                   {manageable} {command line}
    ccstr HeapDumpPath                             = c:\Users\Andrea\AppData\Roaming\Code\User\workspaceStorage\65f746c1a281849824745425ba6593dc\redhat.java         {manageable} {command line}
   size_t InitialHeapSize                          = 104857600                                 {product} {command line}
   size_t MaxHeapSize                              = 1073741824                                {product} {command line}
   size_t MaxNewSize                               = 357564416                                 {product} {ergonomic}
   size_t MinHeapDeltaBytes                        = 524288                                    {product} {ergonomic}
   size_t MinHeapSize                              = 104857600                                 {product} {command line}
   size_t NewSize                                  = 34603008                                  {product} {ergonomic}
    uintx NonNMethodCodeHeapSize                   = 5839372                                {pd product} {ergonomic}
    uintx NonProfiledCodeHeapSize                  = 122909434                              {pd product} {ergonomic}
   size_t OldSize                                  = 70254592                                  {product} {ergonomic}
    uintx ProfiledCodeHeapSize                     = 122909434                              {pd product} {ergonomic}
    uintx ReservedCodeCacheSize                    = 251658240                              {pd product} {ergonomic}
     bool SegmentedCodeCache                       = true                                      {product} {ergonomic}
   size_t SoftMaxHeapSize                          = 1073741824                             {manageable} {ergonomic}
     bool UseCompressedClassPointers               = true                           {product lp64_product} {ergonomic}
     bool UseCompressedOops                        = true                           {product lp64_product} {ergonomic}
     bool UseLargePagesIndividualAllocation        = false                                  {pd product} {ergonomic}
     bool UseParallelGC                            = true                                      {product} {command line}

Logging:
Log output configuration:
 #0: stdout all=off uptime,level,tags
 #1: stderr all=off uptime,level,tags

Environment Variables:
PATH=C:\Program Files\Microsoft SDKs\Azure\CLI2\wbin;C:\Gradle\gradle-8.5\bin;C:\Program Files\Common Files\Oracle\Java\javapath;C:\WINDOWS\system32;C:\WINDOWS;C:\WINDOWS\System32\Wbem;C:\WINDOWS\System32\WindowsPowerShell\v1.0\;C:\WINDOWS\System32\OpenSSH\;C:\Program Files\Docker\Docker\resources\bin;C:\Program Files\Git\cmd;C:\Program Files\nodejs\;C:\ProgramData\chocolatey\bin;C:\Users\Andrea\AppData\Local\Programs\Python\Launcher\;C:\Users\Andrea\AppData\Local\Microsoft\WindowsApps;C:\Users\Andrea\AppData\Local\Programs\Microsoft VS Code\bin;C:\Gradle\gradle-8.5\bin;C:\Users\Andrea\AppData\Roaming\npm;C:\Program Files\wkhtmltopdf\bin;C:\Program Files\wkhtmltopdf\bin\wkhtmltopdf.exe;
USERNAME=Andrea
OS=Windows_NT
PROCESSOR_IDENTIFIER=AMD64 Family 23 Model 24 Stepping 1, AuthenticAMD
TMP=C:\Users\Andrea\AppData\Local\Temp
TEMP=C:\Users\Andrea\AppData\Local\Temp



Periodic native trim disabled


---------------  S Y S T E M  ---------------

OS:
 Windows 11 , 64 bit Build 22621 (10.0.22621.3527)
OS uptime: 0 days 20:41 hours
Hyper-V role detected

CPU: total 8 (initial active 8) (8 cores per cpu, 2 threads per core) family 23 model 24 stepping 1 microcode 0x0, cx8, cmov, fxsr, ht, mmx, 3dnowpref, sse, sse2, sse3, ssse3, sse4a, sse4.1, sse4.2, popcnt, lzcnt, tsc, tscinvbit, avx, avx2, aes, clmul, bmi1, bmi2, adx, sha, fma, vzeroupper, clflush, clflushopt, hv
Processor Information for all 8 processors :
  Max Mhz: 2100, Current Mhz: 2100, Mhz Limit: 2100

Memory: 4k page, system-wide physical 6058M (477M free)
TotalPageFile size 13994M (AvailPageFile size 1730M)
current process WorkingSet (physical memory assigned to process): 180M, peak: 186M
current process commit charge ("private bytes"): 282M, peak: 290M

vm_info: OpenJDK 64-Bit Server VM (17.0.10+7) for windows-amd64 JRE (17.0.10+7), built on Jan 16 2024 23:25:11 by "admin" with MS VC++ 16.10 / 16.11 (VS2019)

END.
