#
# A fatal error has been detected by the Java Runtime Environment:
#
#  EXCEPTION_ACCESS_VIOLATION (0xc0000005) at pc=0x00007ffb8acbcb30, pid=6292, tid=14216
#
# JRE version: OpenJDK Runtime Environment Temurin-17.0.10+7 (17.0.10+7) (build 17.0.10+7)
# Java VM: OpenJDK 64-Bit Server VM Temurin-17.0.10+7 (17.0.10+7, mixed mode, tiered, compressed oops, compressed class ptrs, parallel gc, windows-amd64)
# Problematic frame:
# V  [jvm.dll+0xcb30]
#
# No core dump will be written. Minidumps are not enabled by default on client versions of Windows
#
# If you would like to submit a bug report, please visit:
#   https://github.com/adoptium/adoptium-support/issues
#

---------------  S U M M A R Y ------------

Command Line: --add-modules=ALL-SYSTEM --add-opens=java.base/java.util=ALL-UNNAMED --add-opens=java.base/java.lang=ALL-UNNAMED --add-opens=java.base/sun.nio.fs=ALL-UNNAMED -Declipse.application=org.eclipse.jdt.ls.core.id1 -Dosgi.bundles.defaultStartLevel=4 -Declipse.product=org.eclipse.jdt.ls.core.product -Djava.import.generatesMetadataFilesAtProjectRoot=false -DDetectVMInstallationsJob.disabled=true -Dfile.encoding=utf8 -XX:+UseParallelGC -XX:GCTimeRatio=4 -XX:AdaptiveSizePolicyWeight=90 -Dsun.zip.disableMemoryMapping=true -Xmx1G -Xms100m -Xlog:disable -javaagent:c:\Users\Andrea\.vscode\extensions\redhat.java-1.28.1-win32-x64\lombok\lombok-1.18.31.jar -XX:+HeapDumpOnOutOfMemoryError -XX:HeapDumpPath=c:\Users\Andrea\AppData\Roaming\Code\User\workspaceStorage\65f746c1a281849824745425ba6593dc\redhat.java -Daether.dependencyCollector.impl=bf c:\Users\Andrea\.vscode\extensions\redhat.java-1.28.1-win32-x64\server\plugins\org.eclipse.equinox.launcher_1.6.700.v20231214-2017.jar -configuration c:\Users\Andrea\AppData\Roaming\Code\User\globalStorage\redhat.java\1.28.1\config_win -data c:\Users\Andrea\AppData\Roaming\Code\User\workspaceStorage\65f746c1a281849824745425ba6593dc\redhat.java\jdt_ws --stdio

Host: AMD Ryzen 5 3500U with Radeon Vega Mobile Gfx  , 8 cores, 5G,  Windows 11 , 64 bit Build 22621 (10.0.22621.3235)
Time: Fri Mar 29 11:33:39 2024 ora solare Europa occidentale elapsed time: 511.129624 seconds (0d 0h 8m 31s)

---------------  T H R E A D  ---------------

Current thread (0x00000170ccd2c0d0):  GCTaskThread "GC Thread#6" [stack: 0x0000002208f00000,0x0000002209000000] [id=14216]

Stack: [0x0000002208f00000,0x0000002209000000],  sp=0x0000002208fff7f8,  free space=1021k
Native frames: (J=compiled Java code, j=interpreted, Vv=VM code, C=native code)
V  [jvm.dll+0xcb30]


siginfo: EXCEPTION_ACCESS_VIOLATION (0xc0000005), reading address 0xffffffffffffffff


Registers:
RAX=0x6f6e676169642f65, RBX=0x00000000cb917c69, RCX=0x00000000c1000400, RDX=0x00000000cb917c69
RSP=0x0000002208fff7f8, RBP=0x0000002208fff8f0, RSI=0x00000000cb917c68, RDI=0x00000170c64c8030
R8 =0x00000000c1000400, R9 =0x000000000005c8be, R10=0x0000000063697473, R11=0x0000000000000003
R12=0x00000000000003d8, R13=0x0000002208fffa50, R14=0x0000000100041df0, R15=0x00000000cb917c50
RIP=0x00007ffb8acbcb30, EFLAGS=0x0000000000010202


Register to memory mapping:

RIP=0x00007ffb8acbcb30 jvm.dll
RAX=0x6f6e676169642f65 is an unknown value
RBX=0x00000000cb917c69 is pointing into object: [B 
{0x00000000cb917c68} - klass: {type array byte}
 - length: 24
RCX=0x00000000c1000400 is pointing into object: [B 
{0x00000000c10003e8} - klass: {type array byte}
 - length: 28
RDX=0x00000000cb917c69 is pointing into object: [B 
{0x00000000cb917c68} - klass: {type array byte}
 - length: 24
RSP=0x0000002208fff7f8 points into unknown readable memory: 0x00007ffb8b360cc2 | c2 0c 36 8b fb 7f 00 00
RBP=0x0000002208fff8f0 points into unknown readable memory: 0x00007ffb8b661158 | 58 11 66 8b fb 7f 00 00
RSI=0x00000000cb917c68 is an oop: [B 
{0x00000000cb917c68} - klass: {type array byte}
 - length: 24
RDI=0x00000170c64c8030 points into unknown readable memory: 0x00000170b0570150 | 50 01 57 b0 70 01 00 00
R8 =0x00000000c1000400 is pointing into object: [B 
{0x00000000c10003e8} - klass: {type array byte}
 - length: 28
R9 =0x000000000005c8be is an unknown value
R10=0x0000000063697473 is an unknown value
R11=0x0000000000000003 is an unknown value
R12=0x00000000000003d8 is an unknown value
R13=0x0000002208fffa50 points into unknown readable memory: 0x00007ffb8b661b50 | 50 1b 66 8b fb 7f 00 00
R14=0x0000000100041df0 is a pointer to class: 
java.lang.reflect.AnnotatedElement {0x0000000100041df8}
 - instance size:     2
 - klass size:        63
 - access:            public interface abstract 
 - state:             fully_initialized
 - name:              'java/lang/reflect/AnnotatedElement'
 - super:             'java/lang/Object'
 - sub:               
 - nof implementors:  2
 - arrays:            'java/lang/reflect/AnnotatedElement'[]
 - methods:           Array<T>(0x00000170c7010f80)
 - method ordering:   Array<T>(0x00000170c7000018)
 - default_methods:   Array<T>(0x0000000000000000)
 - local interfaces:  Array<T>(0x00000170c7000058)
 - trans. interfaces: Array<T>(0x00000170c7000058)
 - constants:         constant pool [145]/operands[21] {0x00000170c7010a18} for 'java/lang/reflect/AnnotatedElement' cache=0x00000170c710e128
 - class loader data:  loader data: 0x00000170b26f38f0 of 'bootstrap'
 - class annotations:       Array<T>(0x0000000000000000)
 - class type annotations:  Array<T>(0x0000000000000000)
 - field annotations:       Array<T>(0x0000000000000000)
 - field type annotations:  Array<T>(0x0000000000000000)
 - inner classes:     Array<T>(0x00000170c7011510)
 - nest members:     Array<T>(0x00000170c7000028)
 - permitted subclasses:     Array<T>(0x00000170c7000028)
 - java mirror:       a 'java/lang/Class'{0x00000000c038ede0} = 'java/lang/reflect/AnnotatedElement'
 - vtable length      5  (start addr: 0x0000000100041fb8)
 - itable length      0 (start addr: 0x0000000100041fe0)
 - ---- static fields (0 words):
 - ---- non-static fields (0 words):
 - non-static oop maps: 
R15=0x00000000cb917c50 is an oop: java.lang.String 
{0x00000000cb917c50} - klass: 'java/lang/String'
 - ---- fields (total size 3 words):
 - private 'hash' 'I' @12  0
 - private final 'coder' 'B' @16  0
 - private 'hashIsZero' 'Z' @17  false
 - private final synchronized 'value' '[B' @20  
[error occurred during error reporting (printing register info), id 0xc0000005, EXCEPTION_ACCESS_VIOLATION (0xc0000005) at pc=0x00007ffb8b319a99]

Top of Stack: (sp=0x0000002208fff7f8)
0x0000002208fff7f8:   00007ffb8b360cc2 00000000cb917d88
0x0000002208fff808:   0000000000000005 0000002208fff8f0
0x0000002208fff818:   00007ffb8b35fad9 00000170c64c8030
0x0000002208fff828:   00007ffb8b35e572 00000000cb917c69
0x0000002208fff838:   000000010070ec88 00000000ca0bf3d8
0x0000002208fff848:   00007ffb8b35f81f 0000000100041de8
0x0000002208fff858:   00007ffb8b35edee 00000000cb917c64
0x0000002208fff868:   00007ffb8b36035e 00000000cb917cc8
0x0000002208fff878:   00000000cb917cc4 0000000000000000
0x0000002208fff888:   00007ffb8b7dc7a0 0000000000005c17
0x0000002208fff898:   00007ffb8b3606a4 00007ffb8b661158
0x0000002208fff8a8:   00000170c64c8030 00007ffb8b5cbb90
0x0000002208fff8b8:   0000000000005c18 0000000000000000
0x0000002208fff8c8:   0000000000000000 00000170c65888c0
0x0000002208fff8d8:   00007ffb8b490001 0000000000000001
0x0000002208fff8e8:   00000000c035a108 00007ffb8b661158
0x0000002208fff8f8:   00000170b271c530 0000017000000003
0x0000002208fff908:   00000170c64c8030 0000000000000000
0x0000002208fff918:   0000000000000000 00000170c65888c0
0x0000002208fff928:   00000170ccc8a488 00000170ccce1c60
0x0000002208fff938:   00000170ccc8a0b0 00000170ccc8a0a0
0x0000002208fff948:   00007ffb8b365218 00000170c64c8030
0x0000002208fff958:   00007a54000047fa 00000170ccc8a0b0
0x0000002208fff968:   00000170c64c8030 00007ffb8b661948
0x0000002208fff978:   00000170c64c8030 00007ffb8b604ad0
0x0000002208fff988:   0000002208fff970 0000000000000000
0x0000002208fff998:   0000000000000000 0000000000000002
0x0000002208fff9a8:   0000000000000001 00007ffb8b661948
0x0000002208fff9b8:   0000002207dfec80 00000170cd320d60
0x0000002208fff9c8:   00007ffb8b4981e8 00000000000003da
0x0000002208fff9d8:   00000170cd320e90 0000002208fffa50
0x0000002208fff9e8:   00000170c64c8030 0000002207dfedc0 

Instructions: (pc=0x00007ffb8acbcb30)
0x00007ffb8acbca30:   8b d0 48 85 c0 74 20 48 8b c7 f0 48 0f b1 13 74
0x00007ffb8acbca40:   16 48 85 05 d0 49 bb 00 74 0d 48 8b c8 f0 48 0f
0x00007ffb8acbca50:   b1 13 48 3b c1 75 ea 48 8b 5c 24 30 48 8b c2 48
0x00007ffb8acbca60:   83 c4 20 5f c3 cc cc cc cc cc cc cc cc cc cc cc
0x00007ffb8acbca70:   4c 8b 01 4c 8b c9 48 8b 0d 53 60 b6 00 ba 64 60
0x00007ffb8acbca80:   08 00 e9 49 f1 ff ff cc cc cc cc cc cc cc cc cc
0x00007ffb8acbca90:   8b 05 62 a8 b0 00 c3 cc cc cc cc cc cc cc cc cc
0x00007ffb8acbcaa0:   0f b6 05 db 68 b7 00 48 8b d1 84 c0 74 16 44 8b
0x00007ffb8acbcab0:   41 08 8b 0d 40 a8 b0 00 49 d3 e0 4c 03 05 2e a8
0x00007ffb8acbcac0:   b0 00 eb 04 4c 8b 41 08 45 8b 50 08 45 85 d2 7e
0x00007ffb8acbcad0:   0e 41 f6 c2 01 75 53 41 c1 fa 03 41 8b c2 c3 79
0x00007ffb8acbcae0:   49 84 c0 b9 10 00 00 00 8b 05 46 b7 b0 00 41 b8
0x00007ffb8acbcaf0:   0c 00 00 00 41 0f 45 c8 ff c8 4c 63 c8 48 63 14
0x00007ffb8acbcb00:   11 41 8b ca 83 e1 3f 48 d3 e2 41 8b ca 48 c1 f9
0x00007ffb8acbcb10:   10 0f b6 c1 49 8d 0c 11 49 f7 d1 48 03 c1 49 c1
0x00007ffb8acbcb20:   e9 03 48 c1 e8 03 41 23 c1 c3 49 8b 00 49 8b c8
0x00007ffb8acbcb30:   48 ff a0 00 01 00 00 cc cc cc cc cc cc cc cc cc
0x00007ffb8acbcb40:   8b 44 24 30 45 03 c9 44 2b 4c 24 28 83 c0 0b 44
0x00007ffb8acbcb50:   03 ca 45 03 c8 41 03 c1 c3 cc cc cc cc cc cc cc
0x00007ffb8acbcb60:   4c 8b ca 48 8b d1 45 8b 41 08 45 85 c0 7e 0e 41
0x00007ffb8acbcb70:   f6 c0 01 75 56 41 c1 f8 03 41 8b c0 c3 79 4c 80
0x00007ffb8acbcb80:   3d fc 67 b7 00 00 b8 0c 00 00 00 b9 10 00 00 00
0x00007ffb8acbcb90:   0f 45 c8 8b 05 9b b6 b0 00 ff c8 4c 63 c8 48 63
0x00007ffb8acbcba0:   14 11 41 8b c8 83 e1 3f 48 d3 e2 41 8b c8 48 c1
0x00007ffb8acbcbb0:   f9 10 0f b6 c1 49 8d 0c 11 49 f7 d1 48 03 c1 49
0x00007ffb8acbcbc0:   c1 e9 03 48 c1 e8 03 41 23 c1 c3 49 8b 01 49 8b
0x00007ffb8acbcbd0:   c9 48 ff a0 00 01 00 00 cc cc cc cc cc cc cc cc
0x00007ffb8acbcbe0:   48 8b 41 08 0f b7 48 2a 0f b7 40 28 83 c0 48 03
0x00007ffb8acbcbf0:   c1 c3 cc cc cc cc cc cc cc cc cc cc cc cc cc cc
0x00007ffb8acbcc00:   48 89 5c 24 08 57 48 83 ec 20 0f b6 05 df 4f bb
0x00007ffb8acbcc10:   00 48 8b fa 48 8b d9 84 c0 74 4f 48 85 15 f6 47
0x00007ffb8acbcc20:   bb 00 74 38 48 8b ca e8 54 99 85 00 48 8b d0 48 


Stack slot to memory mapping:
stack at sp + 0 slots: 0x00007ffb8b360cc2 jvm.dll
stack at sp + 1 slots: 0x00000000cb917d88 is an oop: [B 
{0x00000000cb917d88} - klass: {type array byte}
 - length: 22
stack at sp + 2 slots: 0x0000000000000005 is an unknown value
stack at sp + 3 slots: 0x0000002208fff8f0 points into unknown readable memory: 0x00007ffb8b661158 | 58 11 66 8b fb 7f 00 00
stack at sp + 4 slots: 0x00007ffb8b35fad9 jvm.dll
stack at sp + 5 slots: 0x00000170c64c8030 points into unknown readable memory: 0x00000170b0570150 | 50 01 57 b0 70 01 00 00
stack at sp + 6 slots: 0x00007ffb8b35e572 jvm.dll
stack at sp + 7 slots: 0x00000000cb917c69 is pointing into object: [B 
{0x00000000cb917c68} - klass: {type array byte}
 - length: 24


---------------  P R O C E S S  ---------------

Threads class SMR info:
_java_thread_list=0x00000170ceb179f0, length=40, elements={
0x00000170b2704700, 0x00000170c6586010, 0x00000170c65888c0, 0x00000170cb6c7320,
0x00000170cb6c80b0, 0x00000170cb6c8f30, 0x00000170cb6cac60, 0x00000170cb6cdb10,
0x00000170cb7285d0, 0x00000170cb72c2d0, 0x00000170b2767250, 0x00000170cb9d96d0,
0x00000170ccfbb220, 0x00000170ccf8cf10, 0x00000170cd594930, 0x00000170cd503f50,
0x00000170cd6b1440, 0x00000170cd6b4bf0, 0x00000170cd6b1e60, 0x00000170cd6b41d0,
0x00000170cd58a0c0, 0x00000170cd58a5d0, 0x00000170cd5845a0, 0x00000170cd5859e0,
0x00000170cd58bf20, 0x00000170cd588c80, 0x00000170cd5896a0, 0x00000170cd587330,
0x00000170cd587d50, 0x00000170cd58b500, 0x00000170cd58ba10, 0x00000170cd5854d0,
0x00000170cd587840, 0x00000170cd586e20, 0x00000170cd588260, 0x00000170cd6b46e0,
0x00000170cd6b2370, 0x00000170cd6b2d90, 0x00000170cd6b1950, 0x00000170cd6b32a0
}

Java Threads: ( => current thread )
  0x00000170b2704700 JavaThread "main" [_thread_blocked, id=4688, stack(0x0000002207b00000,0x0000002207c00000)]
  0x00000170c6586010 JavaThread "Reference Handler" daemon [_thread_blocked, id=6412, stack(0x0000002207e00000,0x0000002207f00000)]
  0x00000170c65888c0 JavaThread "Finalizer" daemon [_thread_blocked, id=3636, stack(0x0000002207f00000,0x0000002208000000)]
  0x00000170cb6c7320 JavaThread "Signal Dispatcher" daemon [_thread_blocked, id=2416, stack(0x0000002208000000,0x0000002208100000)]
  0x00000170cb6c80b0 JavaThread "Attach Listener" daemon [_thread_blocked, id=11036, stack(0x0000002208100000,0x0000002208200000)]
  0x00000170cb6c8f30 JavaThread "Service Thread" daemon [_thread_blocked, id=12888, stack(0x0000002208200000,0x0000002208300000)]
  0x00000170cb6cac60 JavaThread "Monitor Deflation Thread" daemon [_thread_blocked, id=14520, stack(0x0000002208300000,0x0000002208400000)]
  0x00000170cb6cdb10 JavaThread "C2 CompilerThread0" daemon [_thread_blocked, id=9956, stack(0x0000002208400000,0x0000002208500000)]
  0x00000170cb7285d0 JavaThread "C1 CompilerThread0" daemon [_thread_blocked, id=10016, stack(0x0000002208500000,0x0000002208600000)]
  0x00000170cb72c2d0 JavaThread "Sweeper thread" daemon [_thread_blocked, id=15132, stack(0x0000002208600000,0x0000002208700000)]
  0x00000170b2767250 JavaThread "Common-Cleaner" daemon [_thread_blocked, id=15096, stack(0x0000002208700000,0x0000002208800000)]
  0x00000170cb9d96d0 JavaThread "Notification Thread" daemon [_thread_blocked, id=6776, stack(0x0000002208800000,0x0000002208900000)]
  0x00000170ccfbb220 JavaThread "Active Thread: Equinox Container: 0498a681-c7bc-4bb9-9c72-0a0b0ce47e1f" [_thread_blocked, id=15408, stack(0x0000002209000000,0x0000002209100000)]
  0x00000170ccf8cf10 JavaThread "Framework Event Dispatcher: Equinox Container: 0498a681-c7bc-4bb9-9c72-0a0b0ce47e1f" daemon [_thread_blocked, id=14528, stack(0x0000002209100000,0x0000002209200000)]
  0x00000170cd594930 JavaThread "Start Level: Equinox Container: 0498a681-c7bc-4bb9-9c72-0a0b0ce47e1f" daemon [_thread_blocked, id=5012, stack(0x0000002209200000,0x0000002209300000)]
  0x00000170cd503f50 JavaThread "Bundle File Closer" daemon [_thread_blocked, id=9504, stack(0x0000002209400000,0x0000002209500000)]
  0x00000170cd6b1440 JavaThread "SCR Component Actor" daemon [_thread_blocked, id=11312, stack(0x0000002209500000,0x0000002209600000)]
  0x00000170cd6b4bf0 JavaThread "Worker-JM" [_thread_blocked, id=7008, stack(0x0000002209700000,0x0000002209800000)]
  0x00000170cd6b1e60 JavaThread "Java indexing" daemon [_thread_blocked, id=12956, stack(0x0000002209b00000,0x0000002209c00000)]
  0x00000170cd6b41d0 JavaThread "JNA Cleaner" daemon [_thread_blocked, id=11124, stack(0x0000002209d00000,0x0000002209e00000)]
  0x00000170cd58a0c0 JavaThread "pool-2-thread-1" [_thread_blocked, id=12564, stack(0x0000002209600000,0x0000002209700000)]
  0x00000170cd58a5d0 JavaThread "WorkspaceEventsHandler" [_thread_blocked, id=9200, stack(0x0000002209e00000,0x0000002209f00000)]
  0x00000170cd5845a0 JavaThread "pool-1-thread-1" [_thread_blocked, id=14948, stack(0x0000002209f00000,0x000000220a000000)]
  0x00000170cd5859e0 JavaThread "pool-3-thread-1" [_thread_in_native, id=8900, stack(0x000000220a200000,0x000000220a300000)]
  0x00000170cd58bf20 JavaThread "Worker-6" [_thread_blocked, id=1580, stack(0x0000002207900000,0x0000002207a00000)]
  0x00000170cd588c80 JavaThread "ForkJoinPool.commonPool-worker-2" daemon [_thread_blocked, id=2716, stack(0x000000220a100000,0x000000220a200000)]
  0x00000170cd5896a0 JavaThread "ForkJoinPool.commonPool-worker-4" daemon [_thread_blocked, id=16288, stack(0x000000220a800000,0x000000220a900000)]
  0x00000170cd587330 JavaThread "ForkJoinPool.commonPool-worker-6" daemon [_thread_blocked, id=13452, stack(0x000000220aa00000,0x000000220ab00000)]
  0x00000170cd587d50 JavaThread "ForkJoinPool.commonPool-worker-7" daemon [_thread_blocked, id=8912, stack(0x000000220ab00000,0x000000220ac00000)]
  0x00000170cd58b500 JavaThread "ForkJoinPool.commonPool-worker-8" daemon [_thread_blocked, id=14680, stack(0x0000002207800000,0x0000002207900000)]
  0x00000170cd58ba10 JavaThread "Java Debug Server" daemon [_thread_in_native, id=9188, stack(0x0000002207a00000,0x0000002207b00000)]
  0x00000170cd5854d0 JavaThread "pool-4-thread-1" [_thread_in_native, id=12352, stack(0x0000002209800000,0x0000002209900000)]
  0x00000170cd587840 JavaThread "RxSchedulerPurge-1" daemon [_thread_blocked, id=13460, stack(0x0000002209900000,0x0000002209a00000)]
  0x00000170cd586e20 JavaThread "RxCachedWorkerPoolEvictor-1" daemon [_thread_blocked, id=8108, stack(0x0000002209c00000,0x0000002209d00000)]
  0x00000170cd588260 JavaThread "RxNewThreadScheduler-1" daemon [_thread_blocked, id=15016, stack(0x000000220a300000,0x000000220a400000)]
  0x00000170cd6b46e0 JavaThread "process reaper (pid 14876)" daemon [_thread_in_native, id=9760, stack(0x0000002207590000,0x00000022075b0000)]
  0x00000170cd6b2370 JavaThread "Worker-11" [_thread_blocked, id=14932, stack(0x000000220a400000,0x000000220a500000)]
  0x00000170cd6b2d90 JavaThread "ForkJoinPool.commonPool-worker-9" daemon [_thread_blocked, id=17072, stack(0x000000220a600000,0x000000220a700000)]
  0x00000170cd6b1950 JavaThread "ForkJoinPool.commonPool-worker-10" daemon [_thread_blocked, id=16580, stack(0x0000002209a00000,0x0000002209b00000)]
  0x00000170cd6b32a0 JavaThread "Worker-12" [_thread_blocked, id=12396, stack(0x000000220a000000,0x000000220a100000)]

Other Threads:
  0x00000170b278eef0 VMThread "VM Thread" [stack: 0x0000002207d00000,0x0000002207e00000] [id=14896]
  0x00000170cb9f4ba0 WatcherThread [stack: 0x0000002208900000,0x0000002208a00000] [id=5092]
  0x00000170b271b0f0 GCTaskThread "GC Thread#0" [stack: 0x0000002207c00000,0x0000002207d00000] [id=11816]
  0x00000170ccf606e0 GCTaskThread "GC Thread#1" [stack: 0x0000002208a00000,0x0000002208b00000] [id=8808]
  0x00000170ccedc1b0 GCTaskThread "GC Thread#2" [stack: 0x0000002208b00000,0x0000002208c00000] [id=14480]
  0x00000170ccf609a0 GCTaskThread "GC Thread#3" [stack: 0x0000002208c00000,0x0000002208d00000] [id=12920]
  0x00000170ccf60c60 GCTaskThread "GC Thread#4" [stack: 0x0000002208d00000,0x0000002208e00000] [id=9640]
  0x00000170ccc93570 GCTaskThread "GC Thread#5" [stack: 0x0000002208e00000,0x0000002208f00000] [id=8976]
=>0x00000170ccd2c0d0 GCTaskThread "GC Thread#6" [stack: 0x0000002208f00000,0x0000002209000000] [id=14216]
  0x00000170ccf2d030 GCTaskThread "GC Thread#7" [stack: 0x0000002209300000,0x0000002209400000] [id=12400]

Threads with active compile tasks:
C2 CompilerThread0   511353 10486 %     4       org.eclipse.jdt.internal.compiler.parser.diagnose.DiagnoseParser::scopeTrialCheck @ 197 (779 bytes)

VM state: at safepoint (normal execution)

VM Mutex/Monitor currently owned by a thread:  ([mutex/lock_event])
[0x00000170b2701b40] Threads_lock - owner thread: 0x00000170b278eef0
[0x00000170b2700700] Heap_lock - owner thread: 0x00000170cd6b1950

Heap address: 0x00000000c0000000, size: 1024 MB, Compressed Oops mode: 32-bit

CDS archive(s) not mapped
Compressed class space mapped at: 0x0000000100000000-0x0000000140000000, reserved size: 1073741824
Narrow klass base: 0x0000000000000000, Narrow klass shift: 3, Narrow klass range: 0x140000000

GC Precious Log:
 CPUs: 8 total, 8 available
 Memory: 6058M
 Large Page Support: Disabled
 NUMA Support: Disabled
 Compressed Oops: Enabled (32-bit)
 Alignments: Space 512K, Generation 512K, Heap 2M
 Heap Min Capacity: 100M
 Heap Initial Capacity: 100M
 Heap Max Capacity: 1G
 Pre-touch: Disabled
 Parallel Workers: 8

Heap:
 PSYoungGen      total 3584K, used 1016K [0x00000000eab00000, 0x00000000eb480000, 0x0000000100000000)
  eden space 2560K, 0% used [0x00000000eab00000,0x00000000eab00000,0x00000000ead80000)
  from space 1024K, 99% used [0x00000000ead80000,0x00000000eae7e048,0x00000000eae80000)
  to   space 3584K, 0% used [0x00000000eb100000,0x00000000eb100000,0x00000000eb480000)
 ParOldGen       total 406528K, used 405422K [0x00000000c0000000, 0x00000000d8d00000, 0x00000000eab00000)
  object space 406528K, 99% used [0x00000000c0000000,0x00000000d8bebbc8,0x00000000d8d00000)
 Metaspace       used 74343K, committed 75712K, reserved 1179648K
  class space    used 7993K, committed 8576K, reserved 1048576K

Card table byte_map: [0x00000170b20a0000,0x00000170b22b0000] _byte_map_base: 0x00000170b1aa0000

Marking Bits: (ParMarkBitMap*) 0x00007ffb8b84d7d0
 Begin Bits: [0x00000170c4390000, 0x00000170c5390000)
 End Bits:   [0x00000170c5390000, 0x00000170c6390000)

Polling page: 0x00000170b06e0000

Metaspace:

Usage:
  Non-class:     64.79 MB used.
      Class:      7.81 MB used.
       Both:     72.60 MB used.

Virtual space:
  Non-class space:      128.00 MB reserved,      65.56 MB ( 51%) committed,  2 nodes.
      Class space:        1.00 GB reserved,       8.38 MB ( <1%) committed,  1 nodes.
             Both:        1.12 GB reserved,      73.94 MB (  6%) committed. 

Chunk freelists:
   Non-Class:  14.42 MB
       Class:  7.61 MB
        Both:  22.03 MB

MaxMetaspaceSize: unlimited
CompressedClassSpaceSize: 1.00 GB
Initial GC threshold: 21.00 MB
Current GC threshold: 112.81 MB
CDS: off
MetaspaceReclaimPolicy: balanced
 - commit_granule_bytes: 65536.
 - commit_granule_words: 8192.
 - virtual_space_node_default_size: 8388608.
 - enlarge_chunks_in_place: 1.
 - new_chunks_are_fully_committed: 0.
 - uncommit_free_chunks: 1.
 - use_allocation_guard: 0.
 - handle_deallocations: 1.


Internal statistics:

num_allocs_failed_limit: 6.
num_arena_births: 734.
num_arena_deaths: 18.
num_vsnodes_births: 3.
num_vsnodes_deaths: 0.
num_space_committed: 1183.
num_space_uncommitted: 0.
num_chunks_returned_to_freelist: 25.
num_chunks_taken_from_freelist: 3852.
num_chunk_merges: 11.
num_chunk_splits: 2374.
num_chunks_enlarged: 1371.
num_inconsistent_stats: 0.

CodeHeap 'non-profiled nmethods': size=120000Kb used=6420Kb max_used=6649Kb free=113579Kb
 bounds [0x00000170bce60000, 0x00000170bd4e0000, 0x00000170c4390000]
CodeHeap 'profiled nmethods': size=120000Kb used=17108Kb max_used=17108Kb free=102891Kb
 bounds [0x00000170b5390000, 0x00000170b6460000, 0x00000170bc8c0000]
CodeHeap 'non-nmethods': size=5760Kb used=1381Kb max_used=1422Kb free=4378Kb
 bounds [0x00000170bc8c0000, 0x00000170bcb30000, 0x00000170bce60000]
 total_blobs=8818 nmethods=8086 adapters=646
 compilation: enabled
              stopped_count=0, restarted_count=0
 full_count=0

Compilation events (20 events):
Event: 510.747 Thread 0x00000170cb7285d0 10483       3       org.eclipse.jdt.internal.compiler.parser.Scanner::<init> (493 bytes)
Event: 510.749 Thread 0x00000170cb7285d0 nmethod 10483 0x00000170b5795710 code [0x00000170b57959a0, 0x00000170b5796d68]
Event: 510.749 Thread 0x00000170cb7285d0 10485       3       org.eclipse.jdt.internal.codeassist.impl.AssistParser::isInsideMethod (56 bytes)
Event: 510.749 Thread 0x00000170cb7285d0 nmethod 10485 0x00000170b5795110 code [0x00000170b57952c0, 0x00000170b57955f8]
Event: 510.749 Thread 0x00000170cb7285d0 10484       3       org.eclipse.jdt.internal.compiler.util.CharDeduplication::getThreadLocalInstance (16 bytes)
Event: 510.749 Thread 0x00000170cb6cdb10 nmethod 10479 0x00000170bd26ea10 code [0x00000170bd26ebe0, 0x00000170bd26ef10]
Event: 510.749 Thread 0x00000170cb6cdb10 10486 %     4       org.eclipse.jdt.internal.compiler.parser.diagnose.DiagnoseParser::scopeTrialCheck @ 197 (779 bytes)
Event: 510.749 Thread 0x00000170cb7285d0 nmethod 10484 0x00000170b5794a90 code [0x00000170b5794c60, 0x00000170b5794ff8]
Event: 510.749 Thread 0x00000170cb7285d0 10487       3       org.eclipse.jdt.internal.core.search.JavaSearchScope::add (230 bytes)
Event: 510.751 Thread 0x00000170cb7285d0 nmethod 10487 0x00000170b5792a90 code [0x00000170b5792d80, 0x00000170b5794188]
Event: 510.751 Thread 0x00000170cb7285d0 10488       3       org.eclipse.jdt.internal.core.search.JavaSearchScope::addEnclosingProjectOrJar (64 bytes)
Event: 510.751 Thread 0x00000170cb7285d0 nmethod 10488 0x00000170b5792010 code [0x00000170b5792200, 0x00000170b57927d8]
Event: 510.752 Thread 0x00000170cb7285d0 10489       3       java.util.concurrent.ForkJoinPool::externalSubmit (63 bytes)
Event: 510.755 Thread 0x00000170cb7285d0 nmethod 10489 0x00000170b5791410 code [0x00000170b5791640, 0x00000170b5791d98]
Event: 510.755 Thread 0x00000170cb7285d0 10491   !   3       java.util.concurrent.ForkJoinTask::doExec (37 bytes)
Event: 510.756 Thread 0x00000170cb7285d0 nmethod 10491 0x00000170b5790090 code [0x00000170b5790320, 0x00000170b5790fb8]
Event: 510.756 Thread 0x00000170cb7285d0 10492       3       java.util.concurrent.ForkJoinPool$WorkQueue::nextLocalTask (115 bytes)
Event: 510.761 Thread 0x00000170cb7285d0 nmethod 10492 0x00000170b6216a90 code [0x00000170b6216f80, 0x00000170b6219c28]
Event: 510.761 Thread 0x00000170cb7285d0 10493  s!   3       org.eclipse.jdt.internal.core.search.indexing.ReadWriteMonitor::enterRead (29 bytes)
Event: 510.762 Thread 0x00000170cb7285d0 nmethod 10493 0x00000170b578fa10 code [0x00000170b578fbc0, 0x00000170b578ff28]

GC Heap History (20 events):
Event: 507.767 GC heap after
{Heap after GC invocations=948 (full 27):
 PSYoungGen      total 4608K, used 2845K [0x00000000eab00000, 0x00000000eb300000, 0x0000000100000000)
  eden space 1536K, 0% used [0x00000000eab00000,0x00000000eab00000,0x00000000eac80000)
  from space 3072K, 92% used [0x00000000eaf80000,0x00000000eb2477f0,0x00000000eb280000)
  to   space 3072K, 0% used [0x00000000eac80000,0x00000000eac80000,0x00000000eaf80000)
 ParOldGen       total 406528K, used 402607K [0x00000000c0000000, 0x00000000d8d00000, 0x00000000eab00000)
  object space 406528K, 99% used [0x00000000c0000000,0x00000000d892bfb0,0x00000000d8d00000)
 Metaspace       used 74130K, committed 75392K, reserved 1179648K
  class space    used 7978K, committed 8512K, reserved 1048576K
}
Event: 507.794 GC heap before
{Heap before GC invocations=949 (full 27):
 PSYoungGen      total 4608K, used 4381K [0x00000000eab00000, 0x00000000eb300000, 0x0000000100000000)
  eden space 1536K, 99% used [0x00000000eab00000,0x00000000eac7fff0,0x00000000eac80000)
  from space 3072K, 92% used [0x00000000eaf80000,0x00000000eb2477f0,0x00000000eb280000)
  to   space 3072K, 0% used [0x00000000eac80000,0x00000000eac80000,0x00000000eaf80000)
 ParOldGen       total 406528K, used 402607K [0x00000000c0000000, 0x00000000d8d00000, 0x00000000eab00000)
  object space 406528K, 99% used [0x00000000c0000000,0x00000000d892bfb0,0x00000000d8d00000)
 Metaspace       used 74132K, committed 75392K, reserved 1179648K
  class space    used 7978K, committed 8512K, reserved 1048576K
}
Event: 507.799 GC heap after
{Heap after GC invocations=949 (full 27):
 PSYoungGen      total 2048K, used 160K [0x00000000eab00000, 0x00000000eb000000, 0x0000000100000000)
  eden space 1536K, 0% used [0x00000000eab00000,0x00000000eab00000,0x00000000eac80000)
  from space 512K, 31% used [0x00000000eac80000,0x00000000eaca8000,0x00000000ead00000)
  to   space 1536K, 0% used [0x00000000eae80000,0x00000000eae80000,0x00000000eb000000)
 ParOldGen       total 406528K, used 403303K [0x00000000c0000000, 0x00000000d8d00000, 0x00000000eab00000)
  object space 406528K, 99% used [0x00000000c0000000,0x00000000d89d9fb0,0x00000000d8d00000)
 Metaspace       used 74132K, committed 75392K, reserved 1179648K
  class space    used 7978K, committed 8512K, reserved 1048576K
}
Event: 507.818 GC heap before
{Heap before GC invocations=950 (full 27):
 PSYoungGen      total 2048K, used 1695K [0x00000000eab00000, 0x00000000eb000000, 0x0000000100000000)
  eden space 1536K, 99% used [0x00000000eab00000,0x00000000eac7ffb0,0x00000000eac80000)
  from space 512K, 31% used [0x00000000eac80000,0x00000000eaca8000,0x00000000ead00000)
  to   space 1536K, 0% used [0x00000000eae80000,0x00000000eae80000,0x00000000eb000000)
 ParOldGen       total 406528K, used 403303K [0x00000000c0000000, 0x00000000d8d00000, 0x00000000eab00000)
  object space 406528K, 99% used [0x00000000c0000000,0x00000000d89d9fb0,0x00000000d8d00000)
 Metaspace       used 74141K, committed 75456K, reserved 1179648K
  class space    used 7978K, committed 8576K, reserved 1048576K
}
Event: 507.823 GC heap after
{Heap after GC invocations=950 (full 27):
 PSYoungGen      total 2560K, used 400K [0x00000000eab00000, 0x00000000eaf00000, 0x0000000100000000)
  eden space 2048K, 0% used [0x00000000eab00000,0x00000000eab00000,0x00000000ead00000)
  from space 512K, 78% used [0x00000000eae80000,0x00000000eaee4010,0x00000000eaf00000)
  to   space 512K, 0% used [0x00000000eae00000,0x00000000eae00000,0x00000000eae80000)
 ParOldGen       total 406528K, used 403343K [0x00000000c0000000, 0x00000000d8d00000, 0x00000000eab00000)
  object space 406528K, 99% used [0x00000000c0000000,0x00000000d89e3fb0,0x00000000d8d00000)
 Metaspace       used 74141K, committed 75456K, reserved 1179648K
  class space    used 7978K, committed 8576K, reserved 1048576K
}
Event: 507.857 GC heap before
{Heap before GC invocations=951 (full 27):
 PSYoungGen      total 2560K, used 2447K [0x00000000eab00000, 0x00000000eaf00000, 0x0000000100000000)
  eden space 2048K, 99% used [0x00000000eab00000,0x00000000eacfffe8,0x00000000ead00000)
  from space 512K, 78% used [0x00000000eae80000,0x00000000eaee4010,0x00000000eaf00000)
  to   space 512K, 0% used [0x00000000eae00000,0x00000000eae00000,0x00000000eae80000)
 ParOldGen       total 406528K, used 403343K [0x00000000c0000000, 0x00000000d8d00000, 0x00000000eab00000)
  object space 406528K, 99% used [0x00000000c0000000,0x00000000d89e3fb0,0x00000000d8d00000)
 Metaspace       used 74151K, committed 75456K, reserved 1179648K
  class space    used 7979K, committed 8576K, reserved 1048576K
}
Event: 507.862 GC heap after
{Heap after GC invocations=951 (full 27):
 PSYoungGen      total 3072K, used 448K [0x00000000eab00000, 0x00000000eaf00000, 0x0000000100000000)
  eden space 2560K, 0% used [0x00000000eab00000,0x00000000eab00000,0x00000000ead80000)
  from space 512K, 87% used [0x00000000eae00000,0x00000000eae70000,0x00000000eae80000)
  to   space 512K, 0% used [0x00000000eae80000,0x00000000eae80000,0x00000000eaf00000)
 ParOldGen       total 406528K, used 403391K [0x00000000c0000000, 0x00000000d8d00000, 0x00000000eab00000)
  object space 406528K, 99% used [0x00000000c0000000,0x00000000d89effb0,0x00000000d8d00000)
 Metaspace       used 74151K, committed 75456K, reserved 1179648K
  class space    used 7979K, committed 8576K, reserved 1048576K
}
Event: 509.222 GC heap before
{Heap before GC invocations=952 (full 27):
 PSYoungGen      total 3072K, used 3008K [0x00000000eab00000, 0x00000000eaf00000, 0x0000000100000000)
  eden space 2560K, 100% used [0x00000000eab00000,0x00000000ead80000,0x00000000ead80000)
  from space 512K, 87% used [0x00000000eae00000,0x00000000eae70000,0x00000000eae80000)
  to   space 512K, 0% used [0x00000000eae80000,0x00000000eae80000,0x00000000eaf00000)
 ParOldGen       total 406528K, used 403391K [0x00000000c0000000, 0x00000000d8d00000, 0x00000000eab00000)
  object space 406528K, 99% used [0x00000000c0000000,0x00000000d89effb0,0x00000000d8d00000)
 Metaspace       used 74209K, committed 75520K, reserved 1179648K
  class space    used 7980K, committed 8576K, reserved 1048576K
}
Event: 509.226 GC heap after
{Heap after GC invocations=952 (full 27):
 PSYoungGen      total 3072K, used 372K [0x00000000eab00000, 0x00000000eaf00000, 0x0000000100000000)
  eden space 2560K, 0% used [0x00000000eab00000,0x00000000eab00000,0x00000000ead80000)
  from space 512K, 72% used [0x00000000eae80000,0x00000000eaedd220,0x00000000eaf00000)
  to   space 512K, 0% used [0x00000000eae00000,0x00000000eae00000,0x00000000eae80000)
 ParOldGen       total 406528K, used 403415K [0x00000000c0000000, 0x00000000d8d00000, 0x00000000eab00000)
  object space 406528K, 99% used [0x00000000c0000000,0x00000000d89f5fb0,0x00000000d8d00000)
 Metaspace       used 74209K, committed 75520K, reserved 1179648K
  class space    used 7980K, committed 8576K, reserved 1048576K
}
Event: 509.422 GC heap before
{Heap before GC invocations=953 (full 27):
 PSYoungGen      total 3072K, used 2932K [0x00000000eab00000, 0x00000000eaf00000, 0x0000000100000000)
  eden space 2560K, 99% used [0x00000000eab00000,0x00000000ead7ff80,0x00000000ead80000)
  from space 512K, 72% used [0x00000000eae80000,0x00000000eaedd220,0x00000000eaf00000)
  to   space 512K, 0% used [0x00000000eae00000,0x00000000eae00000,0x00000000eae80000)
 ParOldGen       total 406528K, used 403415K [0x00000000c0000000, 0x00000000d8d00000, 0x00000000eab00000)
  object space 406528K, 99% used [0x00000000c0000000,0x00000000d89f5fb0,0x00000000d8d00000)
 Metaspace       used 74255K, committed 75584K, reserved 1179648K
  class space    used 7986K, committed 8576K, reserved 1048576K
}
Event: 509.426 GC heap after
{Heap after GC invocations=953 (full 27):
 PSYoungGen      total 3072K, used 256K [0x00000000eab00000, 0x00000000eaf00000, 0x0000000100000000)
  eden space 2560K, 0% used [0x00000000eab00000,0x00000000eab00000,0x00000000ead80000)
  from space 512K, 50% used [0x00000000eae00000,0x00000000eae40000,0x00000000eae80000)
  to   space 512K, 0% used [0x00000000eae80000,0x00000000eae80000,0x00000000eaf00000)
 ParOldGen       total 406528K, used 403423K [0x00000000c0000000, 0x00000000d8d00000, 0x00000000eab00000)
  object space 406528K, 99% used [0x00000000c0000000,0x00000000d89f7fb0,0x00000000d8d00000)
 Metaspace       used 74255K, committed 75584K, reserved 1179648K
  class space    used 7986K, committed 8576K, reserved 1048576K
}
Event: 509.465 GC heap before
{Heap before GC invocations=954 (full 27):
 PSYoungGen      total 3072K, used 2816K [0x00000000eab00000, 0x00000000eaf00000, 0x0000000100000000)
  eden space 2560K, 100% used [0x00000000eab00000,0x00000000ead80000,0x00000000ead80000)
  from space 512K, 50% used [0x00000000eae00000,0x00000000eae40000,0x00000000eae80000)
  to   space 512K, 0% used [0x00000000eae80000,0x00000000eae80000,0x00000000eaf00000)
 ParOldGen       total 406528K, used 403423K [0x00000000c0000000, 0x00000000d8d00000, 0x00000000eab00000)
  object space 406528K, 99% used [0x00000000c0000000,0x00000000d89f7fb0,0x00000000d8d00000)
 Metaspace       used 74279K, committed 75648K, reserved 1179648K
  class space    used 7989K, committed 8576K, reserved 1048576K
}
Event: 509.470 GC heap after
{Heap after GC invocations=954 (full 27):
 PSYoungGen      total 3072K, used 484K [0x00000000eab00000, 0x00000000eaf80000, 0x0000000100000000)
  eden space 2560K, 0% used [0x00000000eab00000,0x00000000eab00000,0x00000000ead80000)
  from space 512K, 94% used [0x00000000eae80000,0x00000000eaef9230,0x00000000eaf00000)
  to   space 1024K, 0% used [0x00000000ead80000,0x00000000ead80000,0x00000000eae80000)
 ParOldGen       total 406528K, used 403583K [0x00000000c0000000, 0x00000000d8d00000, 0x00000000eab00000)
  object space 406528K, 99% used [0x00000000c0000000,0x00000000d8a1ffd0,0x00000000d8d00000)
 Metaspace       used 74279K, committed 75648K, reserved 1179648K
  class space    used 7989K, committed 8576K, reserved 1048576K
}
Event: 510.193 GC heap before
{Heap before GC invocations=955 (full 27):
 PSYoungGen      total 3072K, used 3044K [0x00000000eab00000, 0x00000000eaf80000, 0x0000000100000000)
  eden space 2560K, 100% used [0x00000000eab00000,0x00000000ead80000,0x00000000ead80000)
  from space 512K, 94% used [0x00000000eae80000,0x00000000eaef9230,0x00000000eaf00000)
  to   space 1024K, 0% used [0x00000000ead80000,0x00000000ead80000,0x00000000eae80000)
 ParOldGen       total 406528K, used 403583K [0x00000000c0000000, 0x00000000d8d00000, 0x00000000eab00000)
  object space 406528K, 99% used [0x00000000c0000000,0x00000000d8a1ffd0,0x00000000d8d00000)
 Metaspace       used 74300K, committed 75648K, reserved 1179648K
  class space    used 7989K, committed 8576K, reserved 1048576K
}
Event: 510.195 GC heap after
{Heap after GC invocations=955 (full 27):
 PSYoungGen      total 3584K, used 618K [0x00000000eab00000, 0x00000000eaf80000, 0x0000000100000000)
  eden space 2560K, 0% used [0x00000000eab00000,0x00000000eab00000,0x00000000ead80000)
  from space 1024K, 60% used [0x00000000ead80000,0x00000000eae1a950,0x00000000eae80000)
  to   space 1024K, 0% used [0x00000000eae80000,0x00000000eae80000,0x00000000eaf80000)
 ParOldGen       total 406528K, used 403607K [0x00000000c0000000, 0x00000000d8d00000, 0x00000000eab00000)
  object space 406528K, 99% used [0x00000000c0000000,0x00000000d8a25fd0,0x00000000d8d00000)
 Metaspace       used 74300K, committed 75648K, reserved 1179648K
  class space    used 7989K, committed 8576K, reserved 1048576K
}
Event: 510.753 GC heap before
{Heap before GC invocations=956 (full 27):
 PSYoungGen      total 3584K, used 3162K [0x00000000eab00000, 0x00000000eaf80000, 0x0000000100000000)
  eden space 2560K, 99% used [0x00000000eab00000,0x00000000ead7c258,0x00000000ead80000)
  from space 1024K, 60% used [0x00000000ead80000,0x00000000eae1a950,0x00000000eae80000)
  to   space 1024K, 0% used [0x00000000eae80000,0x00000000eae80000,0x00000000eaf80000)
 ParOldGen       total 406528K, used 403607K [0x00000000c0000000, 0x00000000d8d00000, 0x00000000eab00000)
  object space 406528K, 99% used [0x00000000c0000000,0x00000000d8a25fd0,0x00000000d8d00000)
 Metaspace       used 74335K, committed 75712K, reserved 1179648K
  class space    used 7993K, committed 8576K, reserved 1048576K
}
Event: 510.754 GC heap after
{Heap after GC invocations=956 (full 27):
 PSYoungGen      total 3584K, used 798K [0x00000000eab00000, 0x00000000eaf80000, 0x0000000100000000)
  eden space 2560K, 0% used [0x00000000eab00000,0x00000000eab00000,0x00000000ead80000)
  from space 1024K, 78% used [0x00000000eae80000,0x00000000eaf47b50,0x00000000eaf80000)
  to   space 1024K, 0% used [0x00000000ead80000,0x00000000ead80000,0x00000000eae80000)
 ParOldGen       total 406528K, used 403607K [0x00000000c0000000, 0x00000000d8d00000, 0x00000000eab00000)
  object space 406528K, 99% used [0x00000000c0000000,0x00000000d8a25fd0,0x00000000d8d00000)
 Metaspace       used 74335K, committed 75712K, reserved 1179648K
  class space    used 7993K, committed 8576K, reserved 1048576K
}
Event: 510.764 GC heap before
{Heap before GC invocations=957 (full 27):
 PSYoungGen      total 3584K, used 3358K [0x00000000eab00000, 0x00000000eaf80000, 0x0000000100000000)
  eden space 2560K, 100% used [0x00000000eab00000,0x00000000ead80000,0x00000000ead80000)
  from space 1024K, 78% used [0x00000000eae80000,0x00000000eaf47b50,0x00000000eaf80000)
  to   space 1024K, 0% used [0x00000000ead80000,0x00000000ead80000,0x00000000eae80000)
 ParOldGen       total 406528K, used 403607K [0x00000000c0000000, 0x00000000d8d00000, 0x00000000eab00000)
  object space 406528K, 99% used [0x00000000c0000000,0x00000000d8a25fd0,0x00000000d8d00000)
 Metaspace       used 74343K, committed 75712K, reserved 1179648K
  class space    used 7993K, committed 8576K, reserved 1048576K
}
Event: 510.767 GC heap after
{Heap after GC invocations=957 (full 27):
 PSYoungGen      total 3584K, used 1016K [0x00000000eab00000, 0x00000000eb480000, 0x0000000100000000)
  eden space 2560K, 0% used [0x00000000eab00000,0x00000000eab00000,0x00000000ead80000)
  from space 1024K, 99% used [0x00000000ead80000,0x00000000eae7e048,0x00000000eae80000)
  to   space 3584K, 0% used [0x00000000eb100000,0x00000000eb100000,0x00000000eb480000)
 ParOldGen       total 406528K, used 405422K [0x00000000c0000000, 0x00000000d8d00000, 0x00000000eab00000)
  object space 406528K, 99% used [0x00000000c0000000,0x00000000d8bebbc8,0x00000000d8d00000)
 Metaspace       used 74343K, committed 75712K, reserved 1179648K
  class space    used 7993K, committed 8576K, reserved 1048576K
}
Event: 510.767 GC heap before
{Heap before GC invocations=958 (full 28):
 PSYoungGen      total 3584K, used 1016K [0x00000000eab00000, 0x00000000eb480000, 0x0000000100000000)
  eden space 2560K, 0% used [0x00000000eab00000,0x00000000eab00000,0x00000000ead80000)
  from space 1024K, 99% used [0x00000000ead80000,0x00000000eae7e048,0x00000000eae80000)
  to   space 3584K, 0% used [0x00000000eb100000,0x00000000eb100000,0x00000000eb480000)
 ParOldGen       total 406528K, used 405422K [0x00000000c0000000, 0x00000000d8d00000, 0x00000000eab00000)
  object space 406528K, 99% used [0x00000000c0000000,0x00000000d8bebbc8,0x00000000d8d00000)
 Metaspace       used 74343K, committed 75712K, reserved 1179648K
  class space    used 7993K, committed 8576K, reserved 1048576K
}

Dll operation events (12 events):
Event: 0.044 Loaded shared library c:\Users\Andrea\.vscode\extensions\redhat.java-1.28.1-win32-x64\jre\17.0.10-win32-x86_64\bin\java.dll
Event: 1.056 Loaded shared library c:\Users\Andrea\.vscode\extensions\redhat.java-1.28.1-win32-x64\jre\17.0.10-win32-x86_64\bin\zip.dll
Event: 1.067 Loaded shared library C:\Users\Andrea\.vscode\extensions\redhat.java-1.28.1-win32-x64\jre\17.0.10-win32-x86_64\bin\instrument.dll
Event: 1.118 Loaded shared library C:\Users\Andrea\.vscode\extensions\redhat.java-1.28.1-win32-x64\jre\17.0.10-win32-x86_64\bin\net.dll
Event: 1.126 Loaded shared library C:\Users\Andrea\.vscode\extensions\redhat.java-1.28.1-win32-x64\jre\17.0.10-win32-x86_64\bin\nio.dll
Event: 1.170 Loaded shared library C:\Users\Andrea\.vscode\extensions\redhat.java-1.28.1-win32-x64\jre\17.0.10-win32-x86_64\bin\zip.dll
Event: 1.241 Loaded shared library C:\Users\Andrea\.vscode\extensions\redhat.java-1.28.1-win32-x64\jre\17.0.10-win32-x86_64\bin\jimage.dll
Event: 1.596 Loaded shared library c:\Users\Andrea\.vscode\extensions\redhat.java-1.28.1-win32-x64\jre\17.0.10-win32-x86_64\bin\verify.dll
Event: 6.038 Loaded shared library C:\Users\Andrea\AppData\Roaming\Code\User\globalStorage\redhat.java\1.28.1\config_win\org.eclipse.equinox.launcher\org.eclipse.equinox.launcher.win32.win32.x86_64_1.2.900.v20240129-1338\eclipse_11900.dll
Event: 19.184 Loaded shared library C:\Users\Andrea\AppData\Local\Temp\jna-1965574007\jna11147315441293423319.dll
Event: 127.221 Loaded shared library C:\Users\Andrea\.vscode\extensions\redhat.java-1.28.1-win32-x64\jre\17.0.10-win32-x86_64\bin\sunmscapi.dll
Event: 277.499 Loaded shared library C:\Users\Andrea\.vscode\extensions\redhat.java-1.28.1-win32-x64\jre\17.0.10-win32-x86_64\bin\extnet.dll

Deoptimization events (20 events):
Event: 507.583 Thread 0x00000170cd6b2d90 Uncommon trap: trap_request=0xffffff45 fr.pc=0x00000170bcf3000c relative=0x00000000000002cc
Event: 507.583 Thread 0x00000170cd6b2d90 Uncommon trap: reason=unstable_if action=reinterpret pc=0x00000170bcf3000c method=org.eclipse.jdt.internal.core.index.DiskIndex.readStreamChars(Ljava/io/InputStream;)[C @ 169 c2
Event: 507.583 Thread 0x00000170cd6b2d90 DEOPT PACKING pc=0x00000170bcf3000c sp=0x000000220a6fe9b0
Event: 507.583 Thread 0x00000170cd6b2d90 DEOPT UNPACKING pc=0x00000170bc9166a3 sp=0x000000220a6fe938 mode 2
Event: 509.229 Thread 0x00000170cd587d50 Uncommon trap: trap_request=0xffffffd6 fr.pc=0x00000170bd3a2850 relative=0x00000000000000b0
Event: 509.229 Thread 0x00000170cd587d50 Uncommon trap: reason=array_check action=maybe_recompile pc=0x00000170bd3a2850 method=java.util.stream.Nodes$FixedNodeBuilder.accept(Ljava/lang/Object;)V @ 28 c2
Event: 509.229 Thread 0x00000170cd587d50 DEOPT PACKING pc=0x00000170bd3a2850 sp=0x000000220abfe0f0
Event: 509.229 Thread 0x00000170cd587d50 DEOPT UNPACKING pc=0x00000170bc9166a3 sp=0x000000220abfe080 mode 2
Event: 509.229 Thread 0x00000170cd587d50 Uncommon trap: trap_request=0xffffffd6 fr.pc=0x00000170bd3a2850 relative=0x00000000000000b0
Event: 509.229 Thread 0x00000170cd587d50 Uncommon trap: reason=array_check action=maybe_recompile pc=0x00000170bd3a2850 method=java.util.stream.Nodes$FixedNodeBuilder.accept(Ljava/lang/Object;)V @ 28 c2
Event: 509.229 Thread 0x00000170cd587d50 DEOPT PACKING pc=0x00000170bd3a2850 sp=0x000000220abfe0f0
Event: 509.229 Thread 0x00000170cd587d50 DEOPT UNPACKING pc=0x00000170bc9166a3 sp=0x000000220abfe080 mode 2
Event: 509.229 Thread 0x00000170cd587d50 Uncommon trap: trap_request=0xffffffd6 fr.pc=0x00000170bd3a2850 relative=0x00000000000000b0
Event: 509.229 Thread 0x00000170cd587d50 Uncommon trap: reason=array_check action=maybe_recompile pc=0x00000170bd3a2850 method=java.util.stream.Nodes$FixedNodeBuilder.accept(Ljava/lang/Object;)V @ 28 c2
Event: 509.229 Thread 0x00000170cd587d50 DEOPT PACKING pc=0x00000170bd3a2850 sp=0x000000220abfe0f0
Event: 509.229 Thread 0x00000170cd587d50 DEOPT UNPACKING pc=0x00000170bc9166a3 sp=0x000000220abfe080 mode 2
Event: 509.229 Thread 0x00000170cd587d50 Uncommon trap: trap_request=0xffffffd6 fr.pc=0x00000170bd3a2850 relative=0x00000000000000b0
Event: 509.229 Thread 0x00000170cd587d50 Uncommon trap: reason=array_check action=maybe_recompile pc=0x00000170bd3a2850 method=java.util.stream.Nodes$FixedNodeBuilder.accept(Ljava/lang/Object;)V @ 28 c2
Event: 509.229 Thread 0x00000170cd587d50 DEOPT PACKING pc=0x00000170bd3a2850 sp=0x000000220abfe0f0
Event: 509.229 Thread 0x00000170cd587d50 DEOPT UNPACKING pc=0x00000170bc9166a3 sp=0x000000220abfe080 mode 2

Classes unloaded (9 events):
Event: 16.460 Thread 0x00000170b278eef0 Unloading class 0x000000010024a400 'java/lang/invoke/LambdaForm$MH+0x000000010024a400'
Event: 16.461 Thread 0x00000170b278eef0 Unloading class 0x000000010024a000 'java/lang/invoke/LambdaForm$MH+0x000000010024a000'
Event: 16.461 Thread 0x00000170b278eef0 Unloading class 0x0000000100249c00 'java/lang/invoke/LambdaForm$MH+0x0000000100249c00'
Event: 16.461 Thread 0x00000170b278eef0 Unloading class 0x0000000100249800 'java/lang/invoke/LambdaForm$MH+0x0000000100249800'
Event: 16.461 Thread 0x00000170b278eef0 Unloading class 0x0000000100249400 'java/lang/invoke/LambdaForm$BMH+0x0000000100249400'
Event: 16.461 Thread 0x00000170b278eef0 Unloading class 0x0000000100249000 'java/lang/invoke/LambdaForm$DMH+0x0000000100249000'
Event: 16.461 Thread 0x00000170b278eef0 Unloading class 0x0000000100244400 'java/lang/invoke/LambdaForm$DMH+0x0000000100244400'
Event: 128.282 Thread 0x00000170b278eef0 Unloading class 0x0000000100734000 'java/lang/invoke/LambdaForm$DMH+0x0000000100734000'
Event: 128.283 Thread 0x00000170b278eef0 Unloading class 0x000000010072d800 'java/lang/invoke/LambdaForm$DMH+0x000000010072d800'

Classes redefined (0 events):
No events

Internal exceptions (20 events):
Event: 145.131 Thread 0x00000170cd584ab0 Exception <a 'java/io/FileNotFoundException'{0x00000000eacaea28}> (0x00000000eacaea28) 
thrown [s\src\hotspot\share\prims\jni.cpp, line 516]
Event: 155.435 Thread 0x00000170cd6b1e60 Exception <a 'sun/nio/fs/WindowsException'{0x00000000eacfa4f8}> (0x00000000eacfa4f8) 
thrown [s\src\hotspot\share\prims\jni.cpp, line 516]
Event: 273.732 Thread 0x00000170cd58aae0 Implicit null exception at 0x00000170bcf5339e to 0x00000170bcf534e8
Event: 275.105 Thread 0x00000170cd588770 Exception <a 'java/lang/NoSuchMethodError'{0x00000000ead587e8}: 'void java.lang.invoke.DirectMethodHandle$Holder.invokeSpecial(java.lang.Object, java.lang.Object, java.lang.Object, java.lang.Object, java.lang.Object)'> (0x00000000ead587e8) 
thrown [s\src\hotspot\share\interpreter\linkResolver.cpp, line 759]
Event: 277.582 Thread 0x00000170cd5854d0 Exception <a 'java/io/FileNotFoundException'{0x00000000eacd5e30}> (0x00000000eacd5e30) 
thrown [s\src\hotspot\share\prims\jni.cpp, line 516]
Event: 278.093 Thread 0x00000170cd5854d0 Exception <a 'java/lang/NoSuchMethodError'{0x00000000eb015290}: 'java.lang.Object java.lang.invoke.DirectMethodHandle$Holder.invokeVirtual(java.lang.Object, java.lang.Object, java.lang.Object, java.lang.Object)'> (0x00000000eb015290) 
thrown [s\src\hotspot\share\interpreter\linkResolver.cpp, line 759]
Event: 278.243 Thread 0x00000170cd588260 Exception <a 'java/lang/NoSuchMethodError'{0x00000000eae82868}: 'java.lang.Object java.lang.invoke.DirectMethodHandle$Holder.invokeStatic(java.lang.Object, long, java.lang.Object, java.lang.Object)'> (0x00000000eae82868) 
thrown [s\src\hotspot\share\interpreter\linkResolver.cpp, line 759]
Event: 278.298 Thread 0x00000170cd588260 Exception <a 'sun/nio/fs/WindowsException'{0x00000000eaf09ad8}> (0x00000000eaf09ad8) 
thrown [s\src\hotspot\share\prims\jni.cpp, line 516]
Event: 278.298 Thread 0x00000170cd588260 Exception <a 'sun/nio/fs/WindowsException'{0x00000000eaf09dc0}> (0x00000000eaf09dc0) 
thrown [s\src\hotspot\share\prims\jni.cpp, line 516]
Event: 278.299 Thread 0x00000170cd588260 Exception <a 'sun/nio/fs/WindowsException'{0x00000000eaf0b1d0}> (0x00000000eaf0b1d0) 
thrown [s\src\hotspot\share\prims\jni.cpp, line 516]
Event: 278.299 Thread 0x00000170cd588260 Exception <a 'sun/nio/fs/WindowsException'{0x00000000eaf0b4b0}> (0x00000000eaf0b4b0) 
thrown [s\src\hotspot\share\prims\jni.cpp, line 516]
Event: 329.990 Thread 0x00000170cd58aae0 Exception <a 'java/lang/NoSuchMethodError'{0x00000000eabb9e68}: 'java.lang.Object java.lang.invoke.DirectMethodHandle$Holder.newInvokeSpecial(java.lang.Object, java.lang.Object, java.lang.Object, java.lang.Object, java.lang.Object, java.lang.Object, java.lang.Object, java.lang.Object)'> (0x00000000eabb9e68) 
thrown [s\src\hotspot\share\interpreter\linkResolver.cpp, line 759]
Event: 329.991 Thread 0x00000170cd58aae0 Exception <a 'java/lang/NoSuchMethodError'{0x00000000eabbf178}: 'java.lang.Object java.lang.invoke.DirectMethodHandle$Holder.invokeSpecial(java.lang.Object, java.lang.Object, java.lang.Object, java.lang.Object, java.lang.Object, java.lang.Object, java.lang.Object, java.lang.Object, java.lang.Object)'> (0x00000000eabbf178) 
thrown [s\src\hotspot\share\interpreter\linkResolver.cpp, line 759]
Event: 329.992 Thread 0x00000170cd58aae0 Exception <a 'java/lang/NoSuchMethodError'{0x00000000eabc3da8}: 'java.lang.Object java.lang.invoke.Invokers$Holder.linkToTargetMethod(java.lang.Object, java.lang.Object, java.lang.Object, java.lang.Object, java.lang.Object, java.lang.Object, java.lang.Object, java.lang.Object)'> (0x00000000eabc3da8) 
thrown [s\src\hotspot\share\interpreter\linkResolver.cpp, line 759]
Event: 413.981 Thread 0x00000170cd587d50 Exception <a 'java/lang/ArrayIndexOutOfBoundsException'{0x00000000eaf1c1e0}> (0x00000000eaf1c1e0) 
thrown [s\src\hotspot\share\runtime\sharedRuntime.cpp, line 631]
Event: 414.554 Thread 0x00000170cd6b1e60 Exception <a 'sun/nio/fs/WindowsException'{0x00000000eab4e460}> (0x00000000eab4e460) 
thrown [s\src\hotspot\share\prims\jni.cpp, line 516]
Event: 504.688 Thread 0x00000170cd587d50 Exception <a 'java/lang/ArrayIndexOutOfBoundsException'{0x00000000eadb27a8}> (0x00000000eadb27a8) 
thrown [s\src\hotspot\share\runtime\sharedRuntime.cpp, line 631]
Event: 505.925 Thread 0x00000170cd6b1950 Exception <a 'java/lang/ArrayIndexOutOfBoundsException'{0x00000000eabf9598}> (0x00000000eabf9598) 
thrown [s\src\hotspot\share\runtime\sharedRuntime.cpp, line 631]
Event: 509.257 Thread 0x00000170cd587d50 Exception <a 'java/lang/ArrayIndexOutOfBoundsException'{0x00000000eac528f0}> (0x00000000eac528f0) 
thrown [s\src\hotspot\share\runtime\sharedRuntime.cpp, line 631]
Event: 509.694 Thread 0x00000170cd6b2d90 Exception <a 'java/lang/ArrayIndexOutOfBoundsException'{0x00000000eabaead8}> (0x00000000eabaead8) 
thrown [s\src\hotspot\share\runtime\sharedRuntime.cpp, line 631]

VM Operations (20 events):
Event: 507.767 Executing VM operation: ParallelGCFailedAllocation done
Event: 507.794 Executing VM operation: ParallelGCFailedAllocation
Event: 507.799 Executing VM operation: ParallelGCFailedAllocation done
Event: 507.818 Executing VM operation: ParallelGCFailedAllocation
Event: 507.823 Executing VM operation: ParallelGCFailedAllocation done
Event: 507.857 Executing VM operation: ParallelGCFailedAllocation
Event: 507.862 Executing VM operation: ParallelGCFailedAllocation done
Event: 508.864 Executing VM operation: Cleanup
Event: 508.864 Executing VM operation: Cleanup done
Event: 509.222 Executing VM operation: ParallelGCFailedAllocation
Event: 509.226 Executing VM operation: ParallelGCFailedAllocation done
Event: 509.422 Executing VM operation: ParallelGCFailedAllocation
Event: 509.426 Executing VM operation: ParallelGCFailedAllocation done
Event: 509.465 Executing VM operation: ParallelGCFailedAllocation
Event: 509.470 Executing VM operation: ParallelGCFailedAllocation done
Event: 510.192 Executing VM operation: ParallelGCFailedAllocation
Event: 510.195 Executing VM operation: ParallelGCFailedAllocation done
Event: 510.752 Executing VM operation: ParallelGCFailedAllocation
Event: 510.756 Executing VM operation: ParallelGCFailedAllocation done
Event: 510.763 Executing VM operation: ParallelGCFailedAllocation

Events (20 events):
Event: 414.792 Thread 0x00000170cd6b32a0 Thread added: 0x00000170cd6b32a0
Event: 414.810 Thread 0x00000170cd6b32a0 Thread exited: 0x00000170cd6b32a0
Event: 475.880 Thread 0x00000170cd6b1950 Thread exited: 0x00000170cd6b1950
Event: 475.880 Thread 0x00000170cd58aae0 Thread exited: 0x00000170cd58aae0
Event: 502.969 Thread 0x00000170cd6b1950 Thread added: 0x00000170cd6b1950
Event: 505.748 loading class java/util/stream/ReferencePipeline$4
Event: 505.749 loading class java/util/stream/ReferencePipeline$4 done
Event: 505.751 loading class java/util/stream/Nodes$IntFixedNodeBuilder
Event: 505.752 loading class java/util/stream/Node$Builder$OfInt
Event: 505.752 loading class java/util/stream/Node$Builder$OfInt done
Event: 505.752 loading class java/util/stream/Nodes$IntArrayNode
Event: 505.753 loading class java/util/stream/Nodes$IntArrayNode done
Event: 505.754 loading class java/util/stream/Nodes$IntFixedNodeBuilder done
Event: 505.754 loading class java/util/stream/ReferencePipeline$4$1
Event: 505.755 loading class java/util/stream/ReferencePipeline$4$1 done
Event: 506.152 loading class java/util/stream/ReduceOps$2
Event: 506.152 loading class java/util/stream/ReduceOps$2 done
Event: 506.152 loading class java/util/stream/ReduceOps$2ReducingSink
Event: 506.153 loading class java/util/stream/ReduceOps$2ReducingSink done
Event: 507.791 Thread 0x00000170cd6b32a0 Thread added: 0x00000170cd6b32a0


Dynamic libraries:
0x00007ff64dbb0000 - 0x00007ff64dbbe000 	c:\Users\Andrea\.vscode\extensions\redhat.java-1.28.1-win32-x64\jre\17.0.10-win32-x86_64\bin\java.exe
0x00007ffbee4b0000 - 0x00007ffbee6c6000 	C:\WINDOWS\SYSTEM32\ntdll.dll
0x00007ffbe1df0000 - 0x00007ffbe1e09000 	C:\Program Files\Avast Software\Avast\aswhook.dll
0x00007ffbecbf0000 - 0x00007ffbeccb4000 	C:\WINDOWS\System32\KERNEL32.DLL
0x00007ffbebe50000 - 0x00007ffbec1f6000 	C:\WINDOWS\System32\KERNELBASE.dll
0x00007ffbeba50000 - 0x00007ffbebb61000 	C:\WINDOWS\System32\ucrtbase.dll
0x00007ffbae2b0000 - 0x00007ffbae2cb000 	c:\Users\Andrea\.vscode\extensions\redhat.java-1.28.1-win32-x64\jre\17.0.10-win32-x86_64\bin\VCRUNTIME140.dll
0x00007ffbc62e0000 - 0x00007ffbc62f7000 	c:\Users\Andrea\.vscode\extensions\redhat.java-1.28.1-win32-x64\jre\17.0.10-win32-x86_64\bin\jli.dll
0x00007ffbedab0000 - 0x00007ffbedc5d000 	C:\WINDOWS\System32\USER32.dll
0x00007ffbeba20000 - 0x00007ffbeba46000 	C:\WINDOWS\System32\win32u.dll
0x00007ffbed9b0000 - 0x00007ffbed9d9000 	C:\WINDOWS\System32\GDI32.dll
0x00007ffbebc80000 - 0x00007ffbebd98000 	C:\WINDOWS\System32\gdi32full.dll
0x00007ffbebb70000 - 0x00007ffbebc0a000 	C:\WINDOWS\System32\msvcp_win.dll
0x00007ffbead40000 - 0x00007ffbeafd3000 	C:\WINDOWS\WinSxS\amd64_microsoft.windows.common-controls_6595b64144ccf1df_6.0.22621.3235_none_270f74e173860f98\COMCTL32.dll
0x00007ffbedc60000 - 0x00007ffbedd07000 	C:\WINDOWS\System32\msvcrt.dll
0x00007ffbeca50000 - 0x00007ffbeca81000 	C:\WINDOWS\System32\IMM32.DLL
0x00007ffbe5c50000 - 0x00007ffbe5c5c000 	c:\Users\Andrea\.vscode\extensions\redhat.java-1.28.1-win32-x64\jre\17.0.10-win32-x86_64\bin\vcruntime140_1.dll
0x00007ffbacb30000 - 0x00007ffbacbbd000 	c:\Users\Andrea\.vscode\extensions\redhat.java-1.28.1-win32-x64\jre\17.0.10-win32-x86_64\bin\msvcp140.dll
0x00007ffb8acb0000 - 0x00007ffb8b912000 	c:\Users\Andrea\.vscode\extensions\redhat.java-1.28.1-win32-x64\jre\17.0.10-win32-x86_64\bin\server\jvm.dll
0x00007ffbed9f0000 - 0x00007ffbedaa2000 	C:\WINDOWS\System32\ADVAPI32.dll
0x00007ffbecf20000 - 0x00007ffbecfc8000 	C:\WINDOWS\System32\sechost.dll
0x00007ffbebda0000 - 0x00007ffbebdc8000 	C:\WINDOWS\System32\bcrypt.dll
0x00007ffbec930000 - 0x00007ffbeca45000 	C:\WINDOWS\System32\RPCRT4.dll
0x00007ffbeb110000 - 0x00007ffbeb15d000 	C:\WINDOWS\SYSTEM32\POWRPROF.dll
0x00007ffbe1ac0000 - 0x00007ffbe1af4000 	C:\WINDOWS\SYSTEM32\WINMM.dll
0x00007ffbcfae0000 - 0x00007ffbcfae9000 	C:\WINDOWS\SYSTEM32\WSOCK32.dll
0x00007ffbecfd0000 - 0x00007ffbed041000 	C:\WINDOWS\System32\WS2_32.dll
0x00007ffbe1b00000 - 0x00007ffbe1b0a000 	C:\WINDOWS\SYSTEM32\VERSION.dll
0x00007ffbeafe0000 - 0x00007ffbeaff3000 	C:\WINDOWS\SYSTEM32\UMPDC.dll
0x00007ffbe9fd0000 - 0x00007ffbe9fe8000 	C:\WINDOWS\SYSTEM32\kernel.appcore.dll
0x00007ffbe2d80000 - 0x00007ffbe2d8a000 	c:\Users\Andrea\.vscode\extensions\redhat.java-1.28.1-win32-x64\jre\17.0.10-win32-x86_64\bin\jimage.dll
0x00007ffbeb160000 - 0x00007ffbeb393000 	C:\WINDOWS\SYSTEM32\DBGHELP.DLL
0x00007ffbec3c0000 - 0x00007ffbec748000 	C:\WINDOWS\System32\combase.dll
0x00007ffbee390000 - 0x00007ffbee467000 	C:\WINDOWS\System32\OLEAUT32.dll
0x00007ffbeb000000 - 0x00007ffbeb032000 	C:\WINDOWS\SYSTEM32\dbgcore.DLL
0x00007ffbebdd0000 - 0x00007ffbebe4a000 	C:\WINDOWS\System32\bcryptPrimitives.dll
0x00007ffbd36d0000 - 0x00007ffbd36de000 	c:\Users\Andrea\.vscode\extensions\redhat.java-1.28.1-win32-x64\jre\17.0.10-win32-x86_64\bin\instrument.dll
0x00007ffbacb00000 - 0x00007ffbacb25000 	c:\Users\Andrea\.vscode\extensions\redhat.java-1.28.1-win32-x64\jre\17.0.10-win32-x86_64\bin\java.dll
0x00007ffbae1a0000 - 0x00007ffbae1b8000 	c:\Users\Andrea\.vscode\extensions\redhat.java-1.28.1-win32-x64\jre\17.0.10-win32-x86_64\bin\zip.dll
0x00007ffbed0b0000 - 0x00007ffbed90d000 	C:\WINDOWS\System32\SHELL32.dll
0x00007ffbe8d00000 - 0x00007ffbe95f8000 	C:\WINDOWS\SYSTEM32\windows.storage.dll
0x00007ffbe8ba0000 - 0x00007ffbe8cde000 	C:\WINDOWS\SYSTEM32\wintypes.dll
0x00007ffbecaf0000 - 0x00007ffbecbe3000 	C:\WINDOWS\System32\SHCORE.dll
0x00007ffbeceb0000 - 0x00007ffbecf0e000 	C:\WINDOWS\System32\shlwapi.dll
0x00007ffbeb720000 - 0x00007ffbeb746000 	C:\WINDOWS\SYSTEM32\profapi.dll
0x00007ffbacae0000 - 0x00007ffbacaf9000 	C:\Users\Andrea\.vscode\extensions\redhat.java-1.28.1-win32-x64\jre\17.0.10-win32-x86_64\bin\net.dll
0x00007ffbe2db0000 - 0x00007ffbe2ee7000 	C:\WINDOWS\SYSTEM32\WINHTTP.dll
0x00007ffbea430000 - 0x00007ffbea499000 	C:\WINDOWS\system32\mswsock.dll
0x00007ffbacac0000 - 0x00007ffbacad6000 	C:\Users\Andrea\.vscode\extensions\redhat.java-1.28.1-win32-x64\jre\17.0.10-win32-x86_64\bin\nio.dll
0x00007ffbc35b0000 - 0x00007ffbc35c0000 	c:\Users\Andrea\.vscode\extensions\redhat.java-1.28.1-win32-x64\jre\17.0.10-win32-x86_64\bin\verify.dll
0x00007ffbaca40000 - 0x00007ffbaca7e000 	C:\Users\Andrea\AppData\Roaming\Code\User\globalStorage\redhat.java\1.28.1\config_win\org.eclipse.equinox.launcher\org.eclipse.equinox.launcher.win32.win32.x86_64_1.2.900.v20240129-1338\eclipse_11900.dll
0x00007ffbecd10000 - 0x00007ffbeceaf000 	C:\WINDOWS\System32\ole32.dll
0x00007ffbeb490000 - 0x00007ffbeb4ab000 	C:\WINDOWS\SYSTEM32\CRYPTSP.dll
0x00007ffbea6b0000 - 0x00007ffbea6e5000 	C:\WINDOWS\system32\rsaenh.dll
0x00007ffbea520000 - 0x00007ffbea54c000 	C:\WINDOWS\SYSTEM32\USERENV.dll
0x00007ffbea8b0000 - 0x00007ffbea8bc000 	C:\WINDOWS\SYSTEM32\CRYPTBASE.dll
0x00007ffbe9a50000 - 0x00007ffbe9a7d000 	C:\WINDOWS\SYSTEM32\IPHLPAPI.DLL
0x00007ffbed9e0000 - 0x00007ffbed9e9000 	C:\WINDOWS\System32\NSI.dll
0x00007ffbe21d0000 - 0x00007ffbe21e9000 	C:\WINDOWS\SYSTEM32\dhcpcsvc6.DLL
0x00007ffbe2190000 - 0x00007ffbe21af000 	C:\WINDOWS\SYSTEM32\dhcpcsvc.DLL
0x00007ffbe9a80000 - 0x00007ffbe9b79000 	C:\WINDOWS\SYSTEM32\DNSAPI.dll
0x00007ffbac920000 - 0x00007ffbac965000 	C:\Users\Andrea\AppData\Local\Temp\jna-1965574007\jna11147315441293423319.dll
0x00007ffbede10000 - 0x00007ffbede18000 	C:\WINDOWS\System32\PSAPI.DLL
0x00007ffbd8830000 - 0x00007ffbd883e000 	C:\Users\Andrea\.vscode\extensions\redhat.java-1.28.1-win32-x64\jre\17.0.10-win32-x86_64\bin\sunmscapi.dll
0x00007ffbeb8b0000 - 0x00007ffbeba16000 	C:\WINDOWS\System32\CRYPT32.dll
0x00007ffbeaa40000 - 0x00007ffbeaa6e000 	C:\WINDOWS\SYSTEM32\ncrypt.dll
0x00007ffbeaa00000 - 0x00007ffbeaa37000 	C:\WINDOWS\SYSTEM32\NTASN1.dll
0x00007ffbcaa70000 - 0x00007ffbcaa79000 	C:\Users\Andrea\.vscode\extensions\redhat.java-1.28.1-win32-x64\jre\17.0.10-win32-x86_64\bin\extnet.dll

dbghelp: loaded successfully - version: 4.0.5 - missing functions: none
symbol engine: initialized successfully - sym options: 0x614 - pdb path: .;c:\Users\Andrea\.vscode\extensions\redhat.java-1.28.1-win32-x64\jre\17.0.10-win32-x86_64\bin;C:\WINDOWS\SYSTEM32;C:\Program Files\Avast Software\Avast;C:\WINDOWS\WinSxS\amd64_microsoft.windows.common-controls_6595b64144ccf1df_6.0.22621.3235_none_270f74e173860f98;c:\Users\Andrea\.vscode\extensions\redhat.java-1.28.1-win32-x64\jre\17.0.10-win32-x86_64\bin\server;C:\Users\Andrea\AppData\Roaming\Code\User\globalStorage\redhat.java\1.28.1\config_win\org.eclipse.equinox.launcher\org.eclipse.equinox.launcher.win32.win32.x86_64_1.2.900.v20240129-1338;C:\Users\Andrea\AppData\Local\Temp\jna-1965574007

VM Arguments:
jvm_args: --add-modules=ALL-SYSTEM --add-opens=java.base/java.util=ALL-UNNAMED --add-opens=java.base/java.lang=ALL-UNNAMED --add-opens=java.base/sun.nio.fs=ALL-UNNAMED -Declipse.application=org.eclipse.jdt.ls.core.id1 -Dosgi.bundles.defaultStartLevel=4 -Declipse.product=org.eclipse.jdt.ls.core.product -Djava.import.generatesMetadataFilesAtProjectRoot=false -DDetectVMInstallationsJob.disabled=true -Dfile.encoding=utf8 -XX:+UseParallelGC -XX:GCTimeRatio=4 -XX:AdaptiveSizePolicyWeight=90 -Dsun.zip.disableMemoryMapping=true -Xmx1G -Xms100m -Xlog:disable -javaagent:c:\Users\Andrea\.vscode\extensions\redhat.java-1.28.1-win32-x64\lombok\lombok-1.18.31.jar -XX:+HeapDumpOnOutOfMemoryError -XX:HeapDumpPath=c:\Users\Andrea\AppData\Roaming\Code\User\workspaceStorage\65f746c1a281849824745425ba6593dc\redhat.java -Daether.dependencyCollector.impl=bf 
java_command: c:\Users\Andrea\.vscode\extensions\redhat.java-1.28.1-win32-x64\server\plugins\org.eclipse.equinox.launcher_1.6.700.v20231214-2017.jar -configuration c:\Users\Andrea\AppData\Roaming\Code\User\globalStorage\redhat.java\1.28.1\config_win -data c:\Users\Andrea\AppData\Roaming\Code\User\workspaceStorage\65f746c1a281849824745425ba6593dc\redhat.java\jdt_ws --stdio
java_class_path (initial): c:\Users\Andrea\.vscode\extensions\redhat.java-1.28.1-win32-x64\server\plugins\org.eclipse.equinox.launcher_1.6.700.v20231214-2017.jar
Launcher Type: SUN_STANDARD

[Global flags]
    uintx AdaptiveSizePolicyWeight                 = 90                                        {product} {command line}
     intx CICompilerCount                          = 4                                         {product} {ergonomic}
    uintx GCTimeRatio                              = 4                                         {product} {command line}
     bool HeapDumpOnOutOfMemoryError               = true                                   {manageable} {command line}
    ccstr HeapDumpPath                             = c:\Users\Andrea\AppData\Roaming\Code\User\workspaceStorage\65f746c1a281849824745425ba6593dc\redhat.java         {manageable} {command line}
   size_t InitialHeapSize                          = 104857600                                 {product} {command line}
   size_t MaxHeapSize                              = 1073741824                                {product} {command line}
   size_t MaxNewSize                               = 357564416                                 {product} {ergonomic}
   size_t MinHeapDeltaBytes                        = 524288                                    {product} {ergonomic}
   size_t MinHeapSize                              = 104857600                                 {product} {command line}
   size_t NewSize                                  = 34603008                                  {product} {ergonomic}
    uintx NonNMethodCodeHeapSize                   = 5839372                                {pd product} {ergonomic}
    uintx NonProfiledCodeHeapSize                  = 122909434                              {pd product} {ergonomic}
   size_t OldSize                                  = 70254592                                  {product} {ergonomic}
    uintx ProfiledCodeHeapSize                     = 122909434                              {pd product} {ergonomic}
    uintx ReservedCodeCacheSize                    = 251658240                              {pd product} {ergonomic}
     bool SegmentedCodeCache                       = true                                      {product} {ergonomic}
   size_t SoftMaxHeapSize                          = 1073741824                             {manageable} {ergonomic}
     bool UseCompressedClassPointers               = true                           {product lp64_product} {ergonomic}
     bool UseCompressedOops                        = true                           {product lp64_product} {ergonomic}
     bool UseLargePagesIndividualAllocation        = false                                  {pd product} {ergonomic}
     bool UseParallelGC                            = true                                      {product} {command line}

Logging:
Log output configuration:
 #0: stdout all=off uptime,level,tags
 #1: stderr all=off uptime,level,tags

Environment Variables:
PATH=C:\Program Files\Microsoft SDKs\Azure\CLI2\wbin;C:\Gradle\gradle-8.5\bin;C:\Program Files\Common Files\Oracle\Java\javapath;C:\WINDOWS\system32;C:\WINDOWS;C:\WINDOWS\System32\Wbem;C:\WINDOWS\System32\WindowsPowerShell\v1.0\;C:\WINDOWS\System32\OpenSSH\;C:\Program Files\Docker\Docker\resources\bin;C:\Program Files\Git\cmd;C:\Program Files\nodejs\;C:\ProgramData\chocolatey\bin;C:\Users\Andrea\AppData\Local\Programs\Python\Launcher\;C:\Users\Andrea\AppData\Local\Microsoft\WindowsApps;C:\Users\Andrea\AppData\Local\Programs\Microsoft VS Code\bin;C:\Gradle\gradle-8.5\bin;C:\Users\Andrea\AppData\Roaming\npm;
USERNAME=Andrea
OS=Windows_NT
PROCESSOR_IDENTIFIER=AMD64 Family 23 Model 24 Stepping 1, AuthenticAMD
TMP=C:\Users\Andrea\AppData\Local\Temp
TEMP=C:\Users\Andrea\AppData\Local\Temp



Periodic native trim disabled


---------------  S Y S T E M  ---------------

OS:
 Windows 11 , 64 bit Build 22621 (10.0.22621.3235)
OS uptime: 0 days 0:20 hours
Hyper-V role detected

CPU: total 8 (initial active 8) (8 cores per cpu, 2 threads per core) family 23 model 24 stepping 1 microcode 0x0, cx8, cmov, fxsr, ht, mmx, 3dnowpref, sse, sse2, sse3, ssse3, sse4a, sse4.1, sse4.2, popcnt, lzcnt, tsc, tscinvbit, avx, avx2, aes, clmul, bmi1, bmi2, adx, sha, fma, vzeroupper, clflush, clflushopt, hv
Processor Information for all 8 processors :
  Max Mhz: 2100, Current Mhz: 2100, Mhz Limit: 2100

Memory: 4k page, system-wide physical 6058M (288M free)
TotalPageFile size 13994M (AvailPageFile size 1806M)
current process WorkingSet (physical memory assigned to process): 375M, peak: 626M
current process commit charge ("private bytes"): 650M, peak: 652M

vm_info: OpenJDK 64-Bit Server VM (17.0.10+7) for windows-amd64 JRE (17.0.10+7), built on Jan 16 2024 23:25:11 by "admin" with MS VC++ 16.10 / 16.11 (VS2019)

END.
