#
# A fatal error has been detected by the Java Runtime Environment:
#
#  Internal Error (assembler_x86.cpp:1105), pid=14068, tid=7492
#  Error: ShouldNotReachHere()
#
# JRE version: OpenJDK Runtime Environment Temurin-17.0.10+7 (17.0.10+7) (build 17.0.10+7)
# Java VM: OpenJDK 64-Bit Server VM Temurin-17.0.10+7 (17.0.10+7, mixed mode, emulated-client, tiered, compressed oops, compressed class ptrs, g1 gc, windows-amd64)
# No core dump will be written. Minidumps are not enabled by default on client versions of Windows
#
# If you would like to submit a bug report, please visit:
#   https://github.com/adoptium/adoptium-support/issues
#

---------------  S U M M A R Y ------------

Command Line: -XX:+HeapDumpOnOutOfMemoryError -Xmx1024m -Dsts.lsp.client=vscode -Dsts.log.file=/dev/null -XX:TieredStopAtLevel=1 -Xlog:jni+resolve=off -Dspring.config.location=file:c:\Users\Andrea\.vscode\extensions\vmware.vscode-spring-boot-1.53.0\language-server\BOOT-INF\classes\application.properties org.springframework.ide.vscode.boot.app.BootLanguageServerBootApp

Host: AMD Ryzen 5 3500U with Radeon Vega Mobile Gfx  , 8 cores, 5G,  Windows 11 , 64 bit Build 22621 (10.0.22621.3235)
Time: Fri Mar 29 13:04:24 2024 ora solare Europa occidentale elapsed time: 1285.363518 seconds (0d 0h 21m 25s)

---------------  T H R E A D  ---------------

Current thread (0x00000220b0c5b260):  GCTaskThread "GC Thread#0" [stack: 0x0000007c92f00000,0x0000007c93000000] [id=7492]

Stack: [0x0000007c92f00000,0x0000007c93000000]
Native frames: (J=compiled Java code, j=interpreted, Vv=VM code, C=native code)
V  [jvm.dll+0x67d2c9]
V  [jvm.dll+0x834afa]
V  [jvm.dll+0x8365be]
V  [jvm.dll+0x836bd7]
V  [jvm.dll+0x24772a]
V  [jvm.dll+0x247663]
V  [jvm.dll+0xd242c]
V  [jvm.dll+0x6cd772]
V  [jvm.dll+0x2302b6]
V  [jvm.dll+0x2313c3]
V  [jvm.dll+0x6532b8]
V  [jvm.dll+0x687e93]
V  [jvm.dll+0x30a4d3]
V  [jvm.dll+0x86226b]
V  [jvm.dll+0x8622b6]
V  [jvm.dll+0x7e3fba]
V  [jvm.dll+0x67c1b5]
C  [ucrtbase.dll+0x29363]
C  [KERNEL32.DLL+0x1257d]
C  [ntdll.dll+0x5aa58]


---------------  P R O C E S S  ---------------

Threads class SMR info:
_java_thread_list=0x00000220c20c8880, length=29, elements={
0x00000220bb9fc380, 0x00000220bb9fd110, 0x00000220bbb90010, 0x00000220bbb908e0,
0x00000220bbb911b0, 0x00000220bbb91a80, 0x00000220bbb94410, 0x00000220bbb94d20,
0x00000220bbd76500, 0x00000220bbd8e010, 0x00000220c12ffd90, 0x00000220c13011d0,
0x00000220c13002a0, 0x00000220c13007b0, 0x00000220c1300cc0, 0x00000220c12ff880,
0x00000220c15f5ac0, 0x00000220c15f8850, 0x00000220c15f50a0, 0x00000220c15f7410,
0x00000220c15f5fd0, 0x00000220c1563310, 0x00000220c1561ed0, 0x00000220c1563820,
0x00000220c289f2a0, 0x00000220c289ca20, 0x00000220c289e370, 0x00000220c289de60,
0x00000220c28a0bf0
}

Java Threads: ( => current thread )
  0x00000220bb9fc380 JavaThread "Reference Handler" daemon [_thread_blocked, id=10664, stack(0x0000007c93500000,0x0000007c93600000)]
  0x00000220bb9fd110 JavaThread "Finalizer" daemon [_thread_blocked, id=12172, stack(0x0000007c93600000,0x0000007c93700000)]
  0x00000220bbb90010 JavaThread "Signal Dispatcher" daemon [_thread_blocked, id=5732, stack(0x0000007c93700000,0x0000007c93800000)]
  0x00000220bbb908e0 JavaThread "Attach Listener" daemon [_thread_blocked, id=14940, stack(0x0000007c93800000,0x0000007c93900000)]
  0x00000220bbb911b0 JavaThread "Service Thread" daemon [_thread_blocked, id=4928, stack(0x0000007c93900000,0x0000007c93a00000)]
  0x00000220bbb91a80 JavaThread "Monitor Deflation Thread" daemon [_thread_blocked, id=10528, stack(0x0000007c93a00000,0x0000007c93b00000)]
  0x00000220bbb94410 JavaThread "C1 CompilerThread0" daemon [_thread_blocked, id=13500, stack(0x0000007c93b00000,0x0000007c93c00000)]
  0x00000220bbb94d20 JavaThread "Sweeper thread" daemon [_thread_blocked, id=3300, stack(0x0000007c93c00000,0x0000007c93d00000)]
  0x00000220bbd76500 JavaThread "Notification Thread" daemon [_thread_blocked, id=8860, stack(0x0000007c93e00000,0x0000007c93f00000)]
  0x00000220bbd8e010 JavaThread "Common-Cleaner" daemon [_thread_blocked, id=12976, stack(0x0000007c94000000,0x0000007c94100000)]
  0x00000220c12ffd90 JavaThread "boundedElastic-evictor-1" daemon [_thread_blocked, id=2028, stack(0x0000007c94500000,0x0000007c94600000)]
  0x00000220c13011d0 JavaThread "pool-13-thread-1" [_thread_blocked, id=6716, stack(0x0000007c94a00000,0x0000007c94b00000)]
  0x00000220c13002a0 JavaThread "LanguageServerApp-lifecycle" [_thread_blocked, id=10868, stack(0x0000007c94b00000,0x0000007c94c00000)]
  0x00000220c13007b0 JavaThread "DestroyJavaVM" [_thread_blocked, id=9164, stack(0x0000007c92e00000,0x0000007c92f00000)]
  0x00000220c1300cc0 JavaThread "pool-14-thread-1" [_thread_in_native, id=12032, stack(0x0000007c94c00000,0x0000007c94d00000)]
  0x00000220c12ff880 JavaThread "Simple-Language-Server main thread" daemon [_thread_blocked, id=11852, stack(0x0000007c94d00000,0x0000007c94e00000)]
  0x00000220c15f5ac0 JavaThread "pool-8-thread-1" [_thread_blocked, id=1440, stack(0x0000007c95100000,0x0000007c95200000)]
  0x00000220c15f8850 JavaThread "parallel-1" daemon [_thread_blocked, id=13388, stack(0x0000007c95200000,0x0000007c95300000)]
  0x00000220c15f50a0 JavaThread "pool-6-thread-1" [_thread_blocked, id=10748, stack(0x0000007c95300000,0x0000007c95400000)]
  0x00000220c15f7410 JavaThread "parallel-2" daemon [_thread_blocked, id=6412, stack(0x0000007c95400000,0x0000007c95500000)]
  0x00000220c15f5fd0 JavaThread "parallel-3" daemon [_thread_blocked, id=988, stack(0x0000007c95500000,0x0000007c95600000)]
  0x00000220c1563310 JavaThread "parallel-4" daemon [_thread_blocked, id=7920, stack(0x0000007c95c00000,0x0000007c95d00000)]
  0x00000220c1561ed0 JavaThread "parallel-5" daemon [_thread_blocked, id=2692, stack(0x0000007c95d00000,0x0000007c95e00000)]
  0x00000220c1563820 JavaThread "Reconciler-1" daemon [_thread_blocked, id=10156, stack(0x0000007c95e00000,0x0000007c95f00000)]
  0x00000220c289f2a0 JavaThread "parallel-6" daemon [_thread_blocked, id=4448, stack(0x0000007c95600000,0x0000007c95700000)]
  0x00000220c289ca20 JavaThread "parallel-7" daemon [_thread_blocked, id=15800, stack(0x0000007c95800000,0x0000007c95900000)]
  0x00000220c289e370 JavaThread "parallel-8" daemon [_thread_blocked, id=2408, stack(0x0000007c92b00000,0x0000007c92c00000)]
  0x00000220c289de60 JavaThread "pool-5-thread-19" [_thread_blocked, id=3684, stack(0x0000007c95000000,0x0000007c95100000)]
  0x00000220c28a0bf0 JavaThread "pool-4-thread-7" [_thread_blocked, id=1324, stack(0x0000007c92c00000,0x0000007c92d00000)]

Other Threads:
  0x00000220bb9ae740 VMThread "VM Thread" [stack: 0x0000007c93400000,0x0000007c93500000] [id=5996]
  0x00000220bbd789f0 WatcherThread [stack: 0x0000007c93f00000,0x0000007c94000000] [id=12724]
=>0x00000220b0c5b260 GCTaskThread "GC Thread#0" [stack: 0x0000007c92f00000,0x0000007c93000000] [id=7492]
  0x00000220c0137f80 GCTaskThread "GC Thread#1" [stack: 0x0000007c93d00000,0x0000007c93e00000] [id=12920]
  0x00000220bbd2d930 GCTaskThread "GC Thread#2" [stack: 0x0000007c94100000,0x0000007c94200000] [id=4124]
  0x00000220c0a37040 GCTaskThread "GC Thread#3" [stack: 0x0000007c94200000,0x0000007c94300000] [id=12760]
  0x00000220c0c561d0 GCTaskThread "GC Thread#4" [stack: 0x0000007c94300000,0x0000007c94400000] [id=10416]
  0x00000220c0c56490 GCTaskThread "GC Thread#5" [stack: 0x0000007c94400000,0x0000007c94500000] [id=8864]
  0x00000220c0f47460 GCTaskThread "GC Thread#6" [stack: 0x0000007c94700000,0x0000007c94800000] [id=14524]
  0x00000220c0e876a0 GCTaskThread "GC Thread#7" [stack: 0x0000007c94800000,0x0000007c94900000] [id=7728]
  0x00000220b0c640c0 ConcurrentGCThread "G1 Main Marker" [stack: 0x0000007c93000000,0x0000007c93100000] [id=12612]
  0x00000220b0c649f0 ConcurrentGCThread "G1 Conc#0" [stack: 0x0000007c93100000,0x0000007c93200000] [id=12244]
  0x00000220c0e037d0 ConcurrentGCThread "G1 Conc#1" [stack: 0x0000007c94900000,0x0000007c94a00000] [id=6248]
  0x00000220b0cb5ae0 ConcurrentGCThread "G1 Refine#0" [stack: 0x0000007c93200000,0x0000007c93300000] [id=6580]
  0x00000220b0cb6420 ConcurrentGCThread "G1 Service" [stack: 0x0000007c93300000,0x0000007c93400000] [id=9740]

Threads with active compile tasks:

VM state: at safepoint (normal execution)

VM Mutex/Monitor currently owned by a thread:  ([mutex/lock_event])
[0x00000220ae91f8d0] Threads_lock - owner thread: 0x00000220bb9ae740
[0x00000220ae91d5d0] Heap_lock - owner thread: 0x00000220c13011d0

Heap address: 0x00000000c0000000, size: 1024 MB, Compressed Oops mode: 32-bit

CDS archive(s) not mapped
Compressed class space mapped at: 0x0000000100000000-0x0000000140000000, reserved size: 1073741824
Narrow klass base: 0x0000000000000000, Narrow klass shift: 3, Narrow klass range: 0x140000000

GC Precious Log:
 CPUs: 8 total, 8 available
 Memory: 6058M
 Large Page Support: Disabled
 NUMA Support: Disabled
 Compressed Oops: Enabled (32-bit)
 Heap Region Size: 1M
 Heap Min Capacity: 8M
 Heap Initial Capacity: 96M
 Heap Max Capacity: 1G
 Pre-touch: Disabled
 Parallel Workers: 8
 Concurrent Workers: 2
 Concurrent Refinement Workers: 8
 Periodic GC: Disabled

Heap:
 garbage-first heap   total 78848K, used 47149K [0x00000000c0000000, 0x0000000100000000)
  region size 1024K, 14 young (14336K), 3 survivors (3072K)
 Metaspace       used 59074K, committed 59520K, reserved 1114112K
  class space    used 7358K, committed 7552K, reserved 1048576K

Heap Regions: E=young(eden), S=young(survivor), O=old, HS=humongous(starts), HC=humongous(continues), CS=collection set, F=free, OA=open archive, CA=closed archive, TAMS=top-at-mark-start (previous, next)
|   0|0x00000000c0000000, 0x00000000c0100000, 0x00000000c0100000|100%|HS|  |TAMS 0x00000000c0100000, 0x00000000c0000000| Untracked 
|   1|0x00000000c0100000, 0x00000000c0200000, 0x00000000c0200000|100%|HC|  |TAMS 0x00000000c0200000, 0x00000000c0100000| Untracked 
|   2|0x00000000c0200000, 0x00000000c0300000, 0x00000000c0300000|100%|HC|  |TAMS 0x00000000c0300000, 0x00000000c0200000| Untracked 
|   3|0x00000000c0300000, 0x00000000c0400000, 0x00000000c0400000|100%|HC|  |TAMS 0x00000000c0400000, 0x00000000c0300000| Untracked 
|   4|0x00000000c0400000, 0x00000000c0500000, 0x00000000c0500000|100%|HS|  |TAMS 0x00000000c0500000, 0x00000000c0400000| Untracked 
|   5|0x00000000c0500000, 0x00000000c0600000, 0x00000000c0600000|100%|HC|  |TAMS 0x00000000c0600000, 0x00000000c0500000| Untracked 
|   6|0x00000000c0600000, 0x00000000c0700000, 0x00000000c0700000|100%| O|  |TAMS 0x00000000c0700000, 0x00000000c0600000| Untracked 
|   7|0x00000000c0700000, 0x00000000c0800000, 0x00000000c0800000|100%| O|  |TAMS 0x00000000c0800000, 0x00000000c0700000| Untracked 
|   8|0x00000000c0800000, 0x00000000c08fffb0, 0x00000000c0900000| 99%| O|  |TAMS 0x00000000c08fffb0, 0x00000000c0800000| Untracked 
|   9|0x00000000c0900000, 0x00000000c0a00000, 0x00000000c0a00000|100%| O|  |TAMS 0x00000000c0a00000, 0x00000000c0900000| Untracked 
|  10|0x00000000c0a00000, 0x00000000c0afffd8, 0x00000000c0b00000| 99%| O|  |TAMS 0x00000000c0afffd8, 0x00000000c0a00000| Untracked 
|  11|0x00000000c0b00000, 0x00000000c0c00000, 0x00000000c0c00000|100%| O|  |TAMS 0x00000000c0c00000, 0x00000000c0b00000| Untracked 
|  12|0x00000000c0c00000, 0x00000000c0d00000, 0x00000000c0d00000|100%| O|  |TAMS 0x00000000c0d00000, 0x00000000c0c00000| Untracked 
|  13|0x00000000c0d00000, 0x00000000c0e00000, 0x00000000c0e00000|100%| O|  |TAMS 0x00000000c0e00000, 0x00000000c0d00000| Untracked 
|  14|0x00000000c0e00000, 0x00000000c0f00000, 0x00000000c0f00000|100%| O|  |TAMS 0x00000000c0f00000, 0x00000000c0e00000| Untracked 
|  15|0x00000000c0f00000, 0x00000000c0ffffe8, 0x00000000c1000000| 99%| O|  |TAMS 0x00000000c0ffffe8, 0x00000000c0f00000| Untracked 
|  16|0x00000000c1000000, 0x00000000c10ffff8, 0x00000000c1100000| 99%| O|  |TAMS 0x00000000c10ffff8, 0x00000000c1000000| Untracked 
|  17|0x00000000c1100000, 0x00000000c11ffff0, 0x00000000c1200000| 99%| O|  |TAMS 0x00000000c11ffff0, 0x00000000c1100000| Untracked 
|  18|0x00000000c1200000, 0x00000000c12fffc8, 0x00000000c1300000| 99%| O|  |TAMS 0x00000000c12fffc8, 0x00000000c1200000| Untracked 
|  19|0x00000000c1300000, 0x00000000c13fffe8, 0x00000000c1400000| 99%| O|  |TAMS 0x00000000c13fffe8, 0x00000000c1300000| Untracked 
|  20|0x00000000c1400000, 0x00000000c14fffd8, 0x00000000c1500000| 99%| O|  |TAMS 0x00000000c14fffd8, 0x00000000c1400000| Untracked 
|  21|0x00000000c1500000, 0x00000000c1600000, 0x00000000c1600000|100%| O|  |TAMS 0x00000000c1600000, 0x00000000c1500000| Untracked 
|  22|0x00000000c1600000, 0x00000000c16ffff0, 0x00000000c1700000| 99%| O|  |TAMS 0x00000000c16ffff0, 0x00000000c1600000| Untracked 
|  23|0x00000000c1700000, 0x00000000c1800000, 0x00000000c1800000|100%| O|  |TAMS 0x00000000c1800000, 0x00000000c1700000| Untracked 
|  24|0x00000000c1800000, 0x00000000c18fffc0, 0x00000000c1900000| 99%| O|  |TAMS 0x00000000c18fffc0, 0x00000000c1800000| Untracked 
|  25|0x00000000c1900000, 0x00000000c1a00000, 0x00000000c1a00000|100%| O|  |TAMS 0x00000000c1a00000, 0x00000000c1900000| Untracked 
|  26|0x00000000c1a00000, 0x00000000c1affff0, 0x00000000c1b00000| 99%| O|  |TAMS 0x00000000c1affff0, 0x00000000c1a00000| Untracked 
|  27|0x00000000c1b00000, 0x00000000c1bffff8, 0x00000000c1c00000| 99%| O|  |TAMS 0x00000000c1bffff8, 0x00000000c1b00000| Untracked 
|  28|0x00000000c1c00000, 0x00000000c1cfffe0, 0x00000000c1d00000| 99%| O|  |TAMS 0x00000000c1cfffe0, 0x00000000c1c00000| Untracked 
|  29|0x00000000c1d00000, 0x00000000c1dbdc00, 0x00000000c1e00000| 74%| O|  |TAMS 0x00000000c1d00000, 0x00000000c1d00000| Untracked 
|  30|0x00000000c1e00000, 0x00000000c1e977c0, 0x00000000c1f00000| 59%| O|  |TAMS 0x00000000c1e00000, 0x00000000c1e00000| Untracked 
|  31|0x00000000c1f00000, 0x00000000c1f65200, 0x00000000c2000000| 39%| O|  |TAMS 0x00000000c1f00000, 0x00000000c1f00000| Untracked 
|  32|0x00000000c2000000, 0x00000000c2000000, 0x00000000c2100000|  0%| F|  |TAMS 0x00000000c2000000, 0x00000000c2000000| Untracked 
|  33|0x00000000c2100000, 0x00000000c2100000, 0x00000000c2200000|  0%| F|  |TAMS 0x00000000c2100000, 0x00000000c2100000| Untracked 
|  34|0x00000000c2200000, 0x00000000c2200000, 0x00000000c2300000|  0%| F|  |TAMS 0x00000000c2200000, 0x00000000c2200000| Untracked 
|  35|0x00000000c2300000, 0x00000000c2300000, 0x00000000c2400000|  0%| F|  |TAMS 0x00000000c2300000, 0x00000000c2300000| Untracked 
|  36|0x00000000c2400000, 0x00000000c2400000, 0x00000000c2500000|  0%| F|  |TAMS 0x00000000c2400000, 0x00000000c2400000| Untracked 
|  37|0x00000000c2500000, 0x00000000c2500000, 0x00000000c2600000|  0%| F|  |TAMS 0x00000000c2500000, 0x00000000c2500000| Untracked 
|  38|0x00000000c2600000, 0x00000000c2600000, 0x00000000c2700000|  0%| F|  |TAMS 0x00000000c2600000, 0x00000000c2600000| Untracked 
|  39|0x00000000c2700000, 0x00000000c2700000, 0x00000000c2800000|  0%| F|  |TAMS 0x00000000c2700000, 0x00000000c2700000| Untracked 
|  40|0x00000000c2800000, 0x00000000c2800000, 0x00000000c2900000|  0%| F|  |TAMS 0x00000000c2800000, 0x00000000c2800000| Untracked 
|  41|0x00000000c2900000, 0x00000000c2900000, 0x00000000c2a00000|  0%| F|  |TAMS 0x00000000c2900000, 0x00000000c2900000| Untracked 
|  42|0x00000000c2a00000, 0x00000000c2a00000, 0x00000000c2b00000|  0%| F|  |TAMS 0x00000000c2a00000, 0x00000000c2a00000| Untracked 
|  43|0x00000000c2b00000, 0x00000000c2b8e5f8, 0x00000000c2c00000| 55%| S|  |TAMS 0x00000000c2b00000, 0x00000000c2b00000| Complete 
|  44|0x00000000c2c00000, 0x00000000c2d00000, 0x00000000c2d00000|100%| S|  |TAMS 0x00000000c2c00000, 0x00000000c2c00000| Complete 
|  45|0x00000000c2d00000, 0x00000000c2e00000, 0x00000000c2e00000|100%| S|  |TAMS 0x00000000c2d00000, 0x00000000c2d00000| Complete 
|  46|0x00000000c2e00000, 0x00000000c2e00000, 0x00000000c2f00000|  0%| F|  |TAMS 0x00000000c2e00000, 0x00000000c2e00000| Untracked 
|  47|0x00000000c2f00000, 0x00000000c2f00000, 0x00000000c3000000|  0%| F|  |TAMS 0x00000000c2f00000, 0x00000000c2f00000| Untracked 
|  48|0x00000000c3000000, 0x00000000c3000000, 0x00000000c3100000|  0%| F|  |TAMS 0x00000000c3000000, 0x00000000c3000000| Untracked 
|  49|0x00000000c3100000, 0x00000000c3100000, 0x00000000c3200000|  0%| F|  |TAMS 0x00000000c3100000, 0x00000000c3100000| Untracked 
|  50|0x00000000c3200000, 0x00000000c3200000, 0x00000000c3300000|  0%| F|  |TAMS 0x00000000c3200000, 0x00000000c3200000| Untracked 
|  51|0x00000000c3300000, 0x00000000c3300000, 0x00000000c3400000|  0%| F|  |TAMS 0x00000000c3300000, 0x00000000c3300000| Untracked 
|  52|0x00000000c3400000, 0x00000000c3400000, 0x00000000c3500000|  0%| F|  |TAMS 0x00000000c3400000, 0x00000000c3400000| Untracked 
|  53|0x00000000c3500000, 0x00000000c3500000, 0x00000000c3600000|  0%| F|  |TAMS 0x00000000c3500000, 0x00000000c3500000| Untracked 
|  54|0x00000000c3600000, 0x00000000c3600000, 0x00000000c3700000|  0%| F|  |TAMS 0x00000000c3600000, 0x00000000c3600000| Untracked 
|  55|0x00000000c3700000, 0x00000000c3700000, 0x00000000c3800000|  0%| F|  |TAMS 0x00000000c3700000, 0x00000000c3700000| Untracked 
|  56|0x00000000c3800000, 0x00000000c3800000, 0x00000000c3900000|  0%| F|  |TAMS 0x00000000c3800000, 0x00000000c3800000| Untracked 
|  57|0x00000000c3900000, 0x00000000c3900000, 0x00000000c3a00000|  0%| F|  |TAMS 0x00000000c3900000, 0x00000000c3900000| Untracked 
|  58|0x00000000c3a00000, 0x00000000c3a00000, 0x00000000c3b00000|  0%| F|  |TAMS 0x00000000c3a00000, 0x00000000c3a00000| Untracked 
|  59|0x00000000c3b00000, 0x00000000c3b00000, 0x00000000c3c00000|  0%| F|  |TAMS 0x00000000c3b00000, 0x00000000c3b00000| Untracked 
|  60|0x00000000c3c00000, 0x00000000c3c00000, 0x00000000c3d00000|  0%| F|  |TAMS 0x00000000c3c00000, 0x00000000c3c00000| Untracked 
|  61|0x00000000c3d00000, 0x00000000c3d00000, 0x00000000c3e00000|  0%| F|  |TAMS 0x00000000c3d00000, 0x00000000c3d00000| Untracked 
|  62|0x00000000c3e00000, 0x00000000c3e00000, 0x00000000c3f00000|  0%| F|  |TAMS 0x00000000c3e00000, 0x00000000c3e00000| Untracked 
|  63|0x00000000c3f00000, 0x00000000c3f00000, 0x00000000c4000000|  0%| F|  |TAMS 0x00000000c3f00000, 0x00000000c3f00000| Untracked 
|  64|0x00000000c4000000, 0x00000000c40c2a28, 0x00000000c4100000| 76%| E|  |TAMS 0x00000000c4000000, 0x00000000c4000000| Complete 
|  65|0x00000000c4100000, 0x00000000c4200000, 0x00000000c4200000|100%| E|  |TAMS 0x00000000c4100000, 0x00000000c4100000| Complete 
|  66|0x00000000c4200000, 0x00000000c4300000, 0x00000000c4300000|100%| E|  |TAMS 0x00000000c4200000, 0x00000000c4200000| Complete 
|  67|0x00000000c4300000, 0x00000000c4400000, 0x00000000c4400000|100%| E|  |TAMS 0x00000000c4300000, 0x00000000c4300000| Complete 
|  68|0x00000000c4400000, 0x00000000c4500000, 0x00000000c4500000|100%| E|  |TAMS 0x00000000c4400000, 0x00000000c4400000| Complete 
|  69|0x00000000c4500000, 0x00000000c4600000, 0x00000000c4600000|100%| E|  |TAMS 0x00000000c4500000, 0x00000000c4500000| Complete 
|  70|0x00000000c4600000, 0x00000000c4700000, 0x00000000c4700000|100%| E|  |TAMS 0x00000000c4600000, 0x00000000c4600000| Complete 
|  71|0x00000000c4700000, 0x00000000c4800000, 0x00000000c4800000|100%| E|  |TAMS 0x00000000c4700000, 0x00000000c4700000| Complete 
|  72|0x00000000c4800000, 0x00000000c4900000, 0x00000000c4900000|100%| E|  |TAMS 0x00000000c4800000, 0x00000000c4800000| Complete 
|  73|0x00000000c4900000, 0x00000000c4a00000, 0x00000000c4a00000|100%| E|  |TAMS 0x00000000c4900000, 0x00000000c4900000| Complete 
|  74|0x00000000c4a00000, 0x00000000c4b00000, 0x00000000c4b00000|100%| O|  |TAMS 0x00000000c4b00000, 0x00000000c4a00000| Untracked 
|  94|0x00000000c5e00000, 0x00000000c5f00000, 0x00000000c5f00000|100%| O|  |TAMS 0x00000000c5f00000, 0x00000000c5e00000| Untracked 
|  95|0x00000000c5f00000, 0x00000000c6000000, 0x00000000c6000000|100%| E|  |TAMS 0x00000000c5f00000, 0x00000000c5f00000| Complete 

Card table byte_map: [0x00000220b6bb0000,0x00000220b6db0000] _byte_map_base: 0x00000220b65b0000

Marking Bits (Prev, Next): (CMBitMap*) 0x00000220b0c5b7d0, (CMBitMap*) 0x00000220b0c5b790
 Prev Bits: [0x00000220b7fb0000, 0x00000220b8fb0000)
 Next Bits: [0x00000220b6fb0000, 0x00000220b7fb0000)

Polling page: 0x00000220aeb60000

Metaspace:

Usage:
  Non-class:     50.50 MB used.
      Class:      7.19 MB used.
       Both:     57.69 MB used.

Virtual space:
  Non-class space:       64.00 MB reserved,      50.75 MB ( 79%) committed,  1 nodes.
      Class space:        1.00 GB reserved,       7.38 MB ( <1%) committed,  1 nodes.
             Both:        1.06 GB reserved,      58.12 MB (  5%) committed. 

Chunk freelists:
   Non-Class:  12.38 MB
       Class:  8.60 MB
        Both:  20.98 MB

MaxMetaspaceSize: unlimited
CompressedClassSpaceSize: 1.00 GB
Initial GC threshold: 21.00 MB
Current GC threshold: 95.44 MB
CDS: off
MetaspaceReclaimPolicy: balanced
 - commit_granule_bytes: 65536.
 - commit_granule_words: 8192.
 - virtual_space_node_default_size: 8388608.
 - enlarge_chunks_in_place: 1.
 - new_chunks_are_fully_committed: 0.
 - uncommit_free_chunks: 1.
 - use_allocation_guard: 0.
 - handle_deallocations: 1.


Internal statistics:

num_allocs_failed_limit: 6.
num_arena_births: 786.
num_arena_deaths: 252.
num_vsnodes_births: 2.
num_vsnodes_deaths: 0.
num_space_committed: 930.
num_space_uncommitted: 0.
num_chunks_returned_to_freelist: 301.
num_chunks_taken_from_freelist: 2792.
num_chunk_merges: 91.
num_chunk_splits: 1815.
num_chunks_enlarged: 1337.
num_inconsistent_stats: 0.

CodeCache: size=49152Kb used=15935Kb max_used=16594Kb free=33216Kb
 bounds [0x00000220b38a0000, 0x00000220b49c0000, 0x00000220b68a0000]
 total_blobs=9144 nmethods=8466 adapters=601
 compilation: enabled
              stopped_count=0, restarted_count=0
 full_count=0

Compilation events (20 events):
Event: 1198.879 Thread 0x00000220bbb94410 8459   !   1       jdk.internal.reflect.GeneratedMethodAccessor3::invoke (64 bytes)
Event: 1198.879 Thread 0x00000220bbb94410 nmethod 8459 0x00000220b499b710 code [0x00000220b499b900, 0x00000220b499bd68]
Event: 1198.881 Thread 0x00000220bbb94410 8460       1       jdk.internal.reflect.UnsafeQualifiedObjectFieldAccessorImpl::get (17 bytes)
Event: 1198.882 Thread 0x00000220bbb94410 nmethod 8460 0x00000220b499b010 code [0x00000220b499b1e0, 0x00000220b499b4b8]
Event: 1198.886 Thread 0x00000220bbb94410 8461       1       org.springframework.ide.vscode.boot.index.cache.IndexCacheKey::getIndexer (5 bytes)
Event: 1198.886 Thread 0x00000220bbb94410 nmethod 8461 0x00000220b499ad10 code [0x00000220b499aea0, 0x00000220b499af78]
Event: 1198.886 Thread 0x00000220bbb94410 8462       1       java.util.TreeMap$Entry::getKey (5 bytes)
Event: 1198.886 Thread 0x00000220bbb94410 nmethod 8462 0x00000220b499aa10 code [0x00000220b499aba0, 0x00000220b499ac78]
Event: 1199.925 Thread 0x00000220bbb94410 8463       1       java.util.concurrent.atomic.AtomicInteger::getAndIncrement (12 bytes)
Event: 1199.925 Thread 0x00000220bbb94410 nmethod 8463 0x00000220b499a710 code [0x00000220b499a8a0, 0x00000220b499a978]
Event: 1244.966 Thread 0x00000220bbb94410 8464       1       org.eclipse.jdt.internal.compiler.lookup.ReferenceBinding::isNestmateOf (26 bytes)
Event: 1244.967 Thread 0x00000220bbb94410 nmethod 8464 0x00000220b499a310 code [0x00000220b499a4c0, 0x00000220b499a628]
Event: 1244.993 Thread 0x00000220bbb94410 8465       1       org.eclipse.jdt.internal.compiler.ast.Statement::generateArguments (335 bytes)
Event: 1244.996 Thread 0x00000220bbb94410 nmethod 8465 0x00000220b4998e90 code [0x00000220b49991a0, 0x00000220b4999aa8]
Event: 1244.996 Thread 0x00000220bbb94410 8467       1       org.eclipse.jdt.internal.compiler.codegen.CodeStream::invoke (344 bytes)
Event: 1244.999 Thread 0x00000220bbb94410 nmethod 8467 0x00000220b4998290 code [0x00000220b49984a0, 0x00000220b4998a78]
Event: 1244.999 Thread 0x00000220bbb94410 8468       1       org.eclipse.jdt.internal.compiler.codegen.CodeStream::pushTypeBinding (93 bytes)
Event: 1245.000 Thread 0x00000220bbb94410 nmethod 8468 0x00000220b4997890 code [0x00000220b4997a60, 0x00000220b4997f08]
Event: 1245.001 Thread 0x00000220bbb94410 8466       1       org.eclipse.jdt.internal.compiler.codegen.TypeAnnotationCodeStream::invoke (84 bytes)
Event: 1245.002 Thread 0x00000220bbb94410 nmethod 8466 0x00000220b4997190 code [0x00000220b4997360, 0x00000220b4997668]

GC Heap History (20 events):
Event: 967.430 GC heap after
{Heap after GC invocations=71 (full 39):
 garbage-first heap   total 78848K, used 34060K [0x00000000c0000000, 0x0000000100000000)
  region size 1024K, 1 young (1024K), 1 survivors (1024K)
 Metaspace       used 59031K, committed 59520K, reserved 1114112K
  class space    used 7351K, committed 7552K, reserved 1048576K
}
Event: 975.874 GC heap before
{Heap before GC invocations=71 (full 39):
 garbage-first heap   total 78848K, used 66828K [0x00000000c0000000, 0x0000000100000000)
  region size 1024K, 33 young (33792K), 1 survivors (1024K)
 Metaspace       used 59035K, committed 59520K, reserved 1114112K
  class space    used 7351K, committed 7552K, reserved 1048576K
}
Event: 975.876 GC heap after
{Heap after GC invocations=72 (full 39):
 garbage-first heap   total 78848K, used 34364K [0x00000000c0000000, 0x0000000100000000)
  region size 1024K, 1 young (1024K), 1 survivors (1024K)
 Metaspace       used 59035K, committed 59520K, reserved 1114112K
  class space    used 7351K, committed 7552K, reserved 1048576K
}
Event: 996.163 GC heap before
{Heap before GC invocations=72 (full 39):
 garbage-first heap   total 78848K, used 66108K [0x00000000c0000000, 0x0000000100000000)
  region size 1024K, 32 young (32768K), 1 survivors (1024K)
 Metaspace       used 59035K, committed 59520K, reserved 1114112K
  class space    used 7352K, committed 7552K, reserved 1048576K
}
Event: 996.165 GC heap after
{Heap after GC invocations=73 (full 39):
 garbage-first heap   total 78848K, used 34161K [0x00000000c0000000, 0x0000000100000000)
  region size 1024K, 1 young (1024K), 1 survivors (1024K)
 Metaspace       used 59035K, committed 59520K, reserved 1114112K
  class space    used 7352K, committed 7552K, reserved 1048576K
}
Event: 1010.866 GC heap before
{Heap before GC invocations=73 (full 39):
 garbage-first heap   total 78848K, used 65905K [0x00000000c0000000, 0x0000000100000000)
  region size 1024K, 32 young (32768K), 1 survivors (1024K)
 Metaspace       used 59035K, committed 59520K, reserved 1114112K
  class space    used 7352K, committed 7552K, reserved 1048576K
}
Event: 1010.868 GC heap after
{Heap after GC invocations=74 (full 39):
 garbage-first heap   total 78848K, used 33989K [0x00000000c0000000, 0x0000000100000000)
  region size 1024K, 1 young (1024K), 1 survivors (1024K)
 Metaspace       used 59035K, committed 59520K, reserved 1114112K
  class space    used 7352K, committed 7552K, reserved 1048576K
}
Event: 1017.866 GC heap before
{Heap before GC invocations=74 (full 39):
 garbage-first heap   total 78848K, used 66757K [0x00000000c0000000, 0x0000000100000000)
  region size 1024K, 33 young (33792K), 1 survivors (1024K)
 Metaspace       used 59036K, committed 59520K, reserved 1114112K
  class space    used 7352K, committed 7552K, reserved 1048576K
}
Event: 1017.868 GC heap after
{Heap after GC invocations=75 (full 39):
 garbage-first heap   total 78848K, used 34478K [0x00000000c0000000, 0x0000000100000000)
  region size 1024K, 1 young (1024K), 1 survivors (1024K)
 Metaspace       used 59036K, committed 59520K, reserved 1114112K
  class space    used 7352K, committed 7552K, reserved 1048576K
}
Event: 1039.527 GC heap before
{Heap before GC invocations=75 (full 39):
 garbage-first heap   total 78848K, used 66222K [0x00000000c0000000, 0x0000000100000000)
  region size 1024K, 32 young (32768K), 1 survivors (1024K)
 Metaspace       used 59036K, committed 59520K, reserved 1114112K
  class space    used 7352K, committed 7552K, reserved 1048576K
}
Event: 1039.529 GC heap after
{Heap after GC invocations=76 (full 39):
 garbage-first heap   total 78848K, used 34296K [0x00000000c0000000, 0x0000000100000000)
  region size 1024K, 1 young (1024K), 1 survivors (1024K)
 Metaspace       used 59036K, committed 59520K, reserved 1114112K
  class space    used 7352K, committed 7552K, reserved 1048576K
}
Event: 1072.155 GC heap before
{Heap before GC invocations=76 (full 39):
 garbage-first heap   total 78848K, used 66040K [0x00000000c0000000, 0x0000000100000000)
  region size 1024K, 32 young (32768K), 1 survivors (1024K)
 Metaspace       used 59064K, committed 59520K, reserved 1114112K
  class space    used 7356K, committed 7552K, reserved 1048576K
}
Event: 1072.158 GC heap after
{Heap after GC invocations=77 (full 39):
 garbage-first heap   total 78848K, used 35141K [0x00000000c0000000, 0x0000000100000000)
  region size 1024K, 2 young (2048K), 2 survivors (2048K)
 Metaspace       used 59064K, committed 59520K, reserved 1114112K
  class space    used 7356K, committed 7552K, reserved 1048576K
}
Event: 1135.734 GC heap before
{Heap before GC invocations=77 (full 39):
 garbage-first heap   total 78848K, used 64837K [0x00000000c0000000, 0x0000000100000000)
  region size 1024K, 31 young (31744K), 2 survivors (2048K)
 Metaspace       used 59074K, committed 59520K, reserved 1114112K
  class space    used 7358K, committed 7552K, reserved 1048576K
}
Event: 1135.736 GC heap after
{Heap after GC invocations=78 (full 39):
 garbage-first heap   total 78848K, used 34270K [0x00000000c0000000, 0x0000000100000000)
  region size 1024K, 1 young (1024K), 1 survivors (1024K)
 Metaspace       used 59074K, committed 59520K, reserved 1114112K
  class space    used 7358K, committed 7552K, reserved 1048576K
}
Event: 1149.276 GC heap before
{Heap before GC invocations=78 (full 39):
 garbage-first heap   total 78848K, used 64990K [0x00000000c0000000, 0x0000000100000000)
  region size 1024K, 32 young (32768K), 1 survivors (1024K)
 Metaspace       used 59074K, committed 59520K, reserved 1114112K
  class space    used 7358K, committed 7552K, reserved 1048576K
}
Event: 1149.279 GC heap after
{Heap after GC invocations=79 (full 39):
 garbage-first heap   total 78848K, used 35115K [0x00000000c0000000, 0x0000000100000000)
  region size 1024K, 2 young (2048K), 2 survivors (2048K)
 Metaspace       used 59074K, committed 59520K, reserved 1114112K
  class space    used 7358K, committed 7552K, reserved 1048576K
}
Event: 1198.839 GC heap before
{Heap before GC invocations=79 (full 39):
 garbage-first heap   total 78848K, used 64811K [0x00000000c0000000, 0x0000000100000000)
  region size 1024K, 31 young (31744K), 2 survivors (2048K)
 Metaspace       used 59074K, committed 59520K, reserved 1114112K
  class space    used 7358K, committed 7552K, reserved 1048576K
}
Event: 1198.842 GC heap after
{Heap after GC invocations=80 (full 39):
 garbage-first heap   total 78848K, used 36130K [0x00000000c0000000, 0x0000000100000000)
  region size 1024K, 3 young (3072K), 3 survivors (3072K)
 Metaspace       used 59074K, committed 59520K, reserved 1114112K
  class space    used 7358K, committed 7552K, reserved 1048576K
}
Event: 1285.346 GC heap before
{Heap before GC invocations=80 (full 39):
 garbage-first heap   total 78848K, used 45346K [0x00000000c0000000, 0x0000000100000000)
  region size 1024K, 14 young (14336K), 3 survivors (3072K)
 Metaspace       used 59074K, committed 59520K, reserved 1114112K
  class space    used 7358K, committed 7552K, reserved 1048576K
}

Dll operation events (10 events):
Event: 0.117 Loaded shared library c:\Users\Andrea\.vscode\extensions\redhat.java-1.28.1-win32-x64\jre\17.0.10-win32-x86_64\bin\java.dll
Event: 1.287 Loaded shared library C:\Users\Andrea\.vscode\extensions\redhat.java-1.28.1-win32-x64\jre\17.0.10-win32-x86_64\bin\net.dll
Event: 1.303 Loaded shared library C:\Users\Andrea\.vscode\extensions\redhat.java-1.28.1-win32-x64\jre\17.0.10-win32-x86_64\bin\nio.dll
Event: 1.411 Loaded shared library C:\Users\Andrea\.vscode\extensions\redhat.java-1.28.1-win32-x64\jre\17.0.10-win32-x86_64\bin\zip.dll
Event: 29.104 Loaded shared library C:\Users\Andrea\.vscode\extensions\redhat.java-1.28.1-win32-x64\jre\17.0.10-win32-x86_64\bin\jimage.dll
Event: 40.723 Loaded shared library c:\Users\Andrea\.vscode\extensions\redhat.java-1.28.1-win32-x64\jre\17.0.10-win32-x86_64\bin\verify.dll
Event: 44.437 Loaded shared library C:\Users\Andrea\.vscode\extensions\redhat.java-1.28.1-win32-x64\jre\17.0.10-win32-x86_64\bin\management.dll
Event: 44.442 Loaded shared library C:\Users\Andrea\.vscode\extensions\redhat.java-1.28.1-win32-x64\jre\17.0.10-win32-x86_64\bin\management_ext.dll
Event: 46.594 Loaded shared library C:\Users\Andrea\.vscode\extensions\redhat.java-1.28.1-win32-x64\jre\17.0.10-win32-x86_64\bin\sunmscapi.dll
Event: 47.031 Loaded shared library C:\Users\Andrea\.vscode\extensions\redhat.java-1.28.1-win32-x64\jre\17.0.10-win32-x86_64\bin\extnet.dll

Deoptimization events (20 events):
Event: 46.727 Thread 0x00000220c1560070 DEOPT PACKING pc=0x00000220b3a10d0c sp=0x0000007c95ffad20
Event: 46.727 Thread 0x00000220c1560070 DEOPT UNPACKING pc=0x00000220b38f7143 sp=0x0000007c95ffa1e8 mode 0
Event: 47.575 Thread 0x00000220c15f7e30 DEOPT PACKING pc=0x00000220b3f717a4 sp=0x0000007c959fecd0
Event: 47.575 Thread 0x00000220c15f7e30 DEOPT UNPACKING pc=0x00000220b38f7143 sp=0x0000007c959fe1b8 mode 0
Event: 47.575 Thread 0x00000220c15f69f0 DEOPT PACKING pc=0x00000220b3f717a4 sp=0x0000007c956ff330
Event: 47.575 Thread 0x00000220c15f69f0 DEOPT UNPACKING pc=0x00000220b38f7143 sp=0x0000007c956fe818 mode 0
Event: 124.021 Thread 0x00000220c1300cc0 DEOPT PACKING pc=0x00000220b3ea7454 sp=0x0000007c94cfec50
Event: 124.021 Thread 0x00000220c1300cc0 DEOPT UNPACKING pc=0x00000220b38f7143 sp=0x0000007c94cfe0f8 mode 0
Event: 150.992 Thread 0x00000220c15f50a0 DEOPT PACKING pc=0x00000220b40a0b8c sp=0x0000007c953fe6c0
Event: 150.992 Thread 0x00000220c15f50a0 DEOPT UNPACKING pc=0x00000220b38f7143 sp=0x0000007c953fdc40 mode 0
Event: 150.992 Thread 0x00000220c15f50a0 DEOPT PACKING pc=0x00000220b40a0b8c sp=0x0000007c953fe920
Event: 150.992 Thread 0x00000220c15f50a0 DEOPT UNPACKING pc=0x00000220b38f7143 sp=0x0000007c953fdea0 mode 0
Event: 150.995 Thread 0x00000220c15f50a0 DEOPT PACKING pc=0x00000220b40a0b8c sp=0x0000007c953feda0
Event: 150.995 Thread 0x00000220c15f50a0 DEOPT UNPACKING pc=0x00000220b38f7143 sp=0x0000007c953fe320 mode 0
Event: 1062.365 Thread 0x00000220c289e880 DEOPT PACKING pc=0x00000220b4503efc sp=0x0000007c92dfe220
Event: 1062.365 Thread 0x00000220c289e880 DEOPT UNPACKING pc=0x00000220b38f7143 sp=0x0000007c92dfd7a0 mode 0
Event: 1062.365 Thread 0x00000220c289e880 DEOPT PACKING pc=0x00000220b4503dac sp=0x0000007c92dfe380
Event: 1062.365 Thread 0x00000220c289e880 DEOPT UNPACKING pc=0x00000220b38f7143 sp=0x0000007c92dfd8f0 mode 0
Event: 1062.367 Thread 0x00000220c289e880 DEOPT PACKING pc=0x00000220b450368c sp=0x0000007c92dfe4e0
Event: 1062.367 Thread 0x00000220c289e880 DEOPT UNPACKING pc=0x00000220b38f7143 sp=0x0000007c92dfda68 mode 0

Classes unloaded (20 events):
Event: 245.815 Thread 0x00000220bb9ae740 Unloading class 0x00000001005cd000 'java/lang/invoke/LambdaForm$MH+0x00000001005cd000'
Event: 417.456 Thread 0x00000220bb9ae740 Unloading class 0x00000001003a0000 'java/lang/invoke/LambdaForm$MH+0x00000001003a0000'
Event: 417.456 Thread 0x00000220bb9ae740 Unloading class 0x00000001003a1400 'java/lang/invoke/LambdaForm$MH+0x00000001003a1400'
Event: 417.456 Thread 0x00000220bb9ae740 Unloading class 0x00000001003a2000 'java/lang/invoke/LambdaForm$MH+0x00000001003a2000'
Event: 417.456 Thread 0x00000220bb9ae740 Unloading class 0x00000001003a3400 'java/lang/invoke/LambdaForm$MH+0x00000001003a3400'
Event: 417.456 Thread 0x00000220bb9ae740 Unloading class 0x00000001003a4400 'java/lang/invoke/LambdaForm$MH+0x00000001003a4400'
Event: 417.456 Thread 0x00000220bb9ae740 Unloading class 0x00000001003a4c00 'java/lang/invoke/LambdaForm$MH+0x00000001003a4c00'
Event: 1285.356 Thread 0x00000220bb9ae740 Unloading class 0x000000010075b000 'java/lang/invoke/LambdaForm$MH+0x000000010075b000'
Event: 1285.356 Thread 0x00000220bb9ae740 Unloading class 0x000000010075ac00 'java/lang/invoke/LambdaForm$MH+0x000000010075ac00'
Event: 1285.356 Thread 0x00000220bb9ae740 Unloading class 0x000000010075a800 'java/lang/invoke/LambdaForm$MH+0x000000010075a800'
Event: 1285.356 Thread 0x00000220bb9ae740 Unloading class 0x000000010075a400 'java/lang/invoke/LambdaForm$MH+0x000000010075a400'
Event: 1285.356 Thread 0x00000220bb9ae740 Unloading class 0x000000010075a000 'java/lang/invoke/LambdaForm$MH+0x000000010075a000'
Event: 1285.356 Thread 0x00000220bb9ae740 Unloading class 0x0000000100759c00 'java/lang/invoke/LambdaForm$MH+0x0000000100759c00'
Event: 1285.356 Thread 0x00000220bb9ae740 Unloading class 0x0000000100751400 'java/lang/invoke/LambdaForm$MH+0x0000000100751400'
Event: 1285.356 Thread 0x00000220bb9ae740 Unloading class 0x0000000100751000 'java/lang/invoke/LambdaForm$MH+0x0000000100751000'
Event: 1285.356 Thread 0x00000220bb9ae740 Unloading class 0x0000000100750c00 'java/lang/invoke/LambdaForm$MH+0x0000000100750c00'
Event: 1285.356 Thread 0x00000220bb9ae740 Unloading class 0x0000000100749c00 'java/lang/invoke/LambdaForm$MH+0x0000000100749c00'
Event: 1285.356 Thread 0x00000220bb9ae740 Unloading class 0x0000000100749800 'java/lang/invoke/LambdaForm$MH+0x0000000100749800'
Event: 1285.356 Thread 0x00000220bb9ae740 Unloading class 0x0000000100749400 'java/lang/invoke/LambdaForm$MH+0x0000000100749400'
Event: 1285.356 Thread 0x00000220bb9ae740 Unloading class 0x0000000100749000 'java/lang/invoke/LambdaForm$MH+0x0000000100749000'

Classes redefined (0 events):
No events

Internal exceptions (20 events):
Event: 46.029 Thread 0x00000220c1563820 Exception <a 'java/lang/NoSuchMethodError'{0x00000000c417a518}: 'java.lang.Object java.lang.invoke.DirectMethodHandle$Holder.invokeSpecial(java.lang.Object, java.lang.Object, java.lang.Object, java.lang.Object, java.lang.Object, java.lang.Object, long)'> (0x00000000c417a518) 
thrown [s\src\hotspot\share\interpreter\linkResolver.cpp, line 759]
Event: 46.141 Thread 0x00000220c1560070 Exception <a 'java/lang/NoSuchMethodError'{0x00000000c3c34638}: 'void java.lang.invoke.DirectMethodHandle$Holder.invokeVirtual(java.lang.Object, java.lang.Object, java.lang.Object, java.lang.Object)'> (0x00000000c3c34638) 
thrown [s\src\hotspot\share\interpreter\linkResolver.cpp, line 759]
Event: 46.306 Thread 0x00000220c15628f0 Exception <a 'java/lang/NoSuchMethodError'{0x00000000c38eeb88}: 'java.lang.Object java.lang.invoke.Invokers$Holder.invoke_MT(java.lang.Object, java.lang.Object, java.lang.Object)'> (0x00000000c38eeb88) 
thrown [s\src\hotspot\share\interpreter\linkResolver.cpp, line 759]
Event: 46.424 Thread 0x00000220c1560070 Exception <a 'java/lang/NoSuchMethodError'{0x00000000c4a53110}: 'java.lang.Object java.lang.invoke.DirectMethodHandle$Holder.invokeStatic(java.lang.Object, java.lang.Object, int, java.lang.Object)'> (0x00000000c4a53110) 
thrown [s\src\hotspot\share\interpreter\linkResolver.cpp, line 759]
Event: 46.425 Thread 0x00000220c1560070 Exception <a 'java/lang/NoSuchMethodError'{0x00000000c4a594f0}: 'java.lang.Object java.lang.invoke.DirectMethodHandle$Holder.newInvokeSpecial(java.lang.Object, java.lang.Object, int)'> (0x00000000c4a594f0) 
thrown [s\src\hotspot\share\interpreter\linkResolver.cpp, line 759]
Event: 46.714 Thread 0x00000220c1560070 Exception <a 'sun/nio/fs/WindowsException'{0x00000000c3df10c0}> (0x00000000c3df10c0) 
thrown [s\src\hotspot\share\prims\jni.cpp, line 516]
Event: 47.170 Thread 0x00000220c15628f0 Exception <a 'java/lang/IncompatibleClassChangeError'{0x00000000c40196f8}: Found class java.lang.Object, but interface was expected> (0x00000000c40196f8) 
thrown [s\src\hotspot\share\interpreter\linkResolver.cpp, line 826]
Event: 47.227 Thread 0x00000220c15628f0 Exception <a 'java/lang/NoSuchMethodError'{0x00000000c39469d8}: 'int java.lang.invoke.DirectMethodHandle$Holder.invokeSpecialIFC(java.lang.Object, java.lang.Object, java.lang.Object)'> (0x00000000c39469d8) 
thrown [s\src\hotspot\share\interpreter\linkResolver.cpp, line 759]
Event: 47.372 Thread 0x00000220c15628f0 Exception <a 'java/lang/NoSuchMethodError'{0x00000000c4643520}: 'int java.lang.invoke.DirectMethodHandle$Holder.invokeStatic(java.lang.Object, int, java.lang.Object)'> (0x00000000c4643520) 
thrown [s\src\hotspot\share\interpreter\linkResolver.cpp, line 759]
Event: 84.422 Thread 0x00000220c13011d0 Exception <a 'java/lang/NoSuchMethodError'{0x00000000c4a7f430}: 'void java.lang.invoke.DirectMethodHandle$Holder.invokeStatic(java.lang.Object, long)'> (0x00000000c4a7f430) 
thrown [s\src\hotspot\share\interpreter\linkResolver.cpp, line 759]
Event: 84.423 Thread 0x00000220c13011d0 Exception <a 'java/lang/NoSuchMethodError'{0x00000000c4a847e0}: 'java.lang.Object java.lang.invoke.DirectMethodHandle$Holder.newInvokeSpecial(java.lang.Object, long)'> (0x00000000c4a847e0) 
thrown [s\src\hotspot\share\interpreter\linkResolver.cpp, line 759]
Event: 347.910 Thread 0x00000220c1560fa0 Exception <a 'java/io/IOException'{0x00000000c4840640}> (0x00000000c4840640) 
thrown [s\src\hotspot\share\prims\jni.cpp, line 516]
Event: 348.153 Thread 0x00000220c15614b0 Exception <a 'java/io/IOException'{0x00000000c4870758}> (0x00000000c4870758) 
thrown [s\src\hotspot\share\prims\jni.cpp, line 516]
Event: 348.631 Thread 0x00000220c289f7b0 Exception <a 'java/io/IOException'{0x00000000c4877508}> (0x00000000c4877508) 
thrown [s\src\hotspot\share\prims\jni.cpp, line 516]
Event: 367.447 Thread 0x00000220c289cf30 NullPointerException in code blob at 0x00000220b38f5d24
Event: 367.447 Thread 0x00000220c289cf30 Exception <a 'java/lang/NullPointerException'{0x00000000c5ec2c10}> (0x00000000c5ec2c10) 
thrown [s\src\hotspot\share\runtime\sharedRuntime.cpp, line 631]
Event: 367.453 Thread 0x00000220c289cf30 Exception <a 'java/lang/reflect/InvocationTargetException'{0x00000000c5ed1530}> (0x00000000c5ed1530) 
thrown [s\src\hotspot\share\runtime\reflection.cpp, line 1121]
Event: 367.463 Thread 0x00000220c289cf30 Exception <a 'java/lang/reflect/InvocationTargetException'{0x00000000c5eff990}> (0x00000000c5eff990) 
thrown [s\src\hotspot\share\runtime\reflection.cpp, line 1121]
Event: 797.981 Thread 0x00000220c28a2540 Exception <a 'java/lang/NoSuchMethodError'{0x00000000c4203440}: 'java.lang.Object java.lang.invoke.DirectMethodHandle$Holder.newInvokeSpecial(java.lang.Object, java.lang.Object, int, java.lang.Object)'> (0x00000000c4203440) 
thrown [s\src\hotspot\share\interpreter\linkResolver.cpp, line 759]
Event: 797.984 Thread 0x00000220c28a2540 Exception <a 'java/lang/NoSuchMethodError'{0x00000000c4206d60}: 'java.lang.Object java.lang.invoke.Invokers$Holder.linkToTargetMethod(java.lang.Object, int, java.lang.Object, java.lang.Object)'> (0x00000000c4206d60) 
thrown [s\src\hotspot\share\interpreter\linkResolver.cpp, line 759]

VM Operations (20 events):
Event: 1133.542 Executing VM operation: Cleanup done
Event: 1135.734 Executing VM operation: G1CollectForAllocation
Event: 1135.736 Executing VM operation: G1CollectForAllocation done
Event: 1144.842 Executing VM operation: Cleanup
Event: 1144.842 Executing VM operation: Cleanup done
Event: 1145.844 Executing VM operation: Cleanup
Event: 1145.844 Executing VM operation: Cleanup done
Event: 1149.276 Executing VM operation: G1CollectForAllocation
Event: 1149.280 Executing VM operation: G1CollectForAllocation done
Event: 1150.282 Executing VM operation: Cleanup
Event: 1150.282 Executing VM operation: Cleanup done
Event: 1195.540 Executing VM operation: Cleanup
Event: 1195.540 Executing VM operation: Cleanup done
Event: 1198.838 Executing VM operation: G1CollectForAllocation
Event: 1198.842 Executing VM operation: G1CollectForAllocation done
Event: 1203.177 Executing VM operation: HandshakeAllThreads
Event: 1203.177 Executing VM operation: HandshakeAllThreads done
Event: 1245.550 Executing VM operation: Cleanup
Event: 1245.551 Executing VM operation: Cleanup done
Event: 1285.346 Executing VM operation: G1CollectFull

Events (20 events):
Event: 1007.790 Thread 0x00000220c22b14f0 Thread exited: 0x00000220c22b14f0
Event: 1010.296 Thread 0x00000220c235fc20 Thread added: 0x00000220c235fc20
Event: 1010.297 Thread 0x00000220c2360140 Thread added: 0x00000220c2360140
Event: 1012.454 Thread 0x00000220c2360140 Thread exited: 0x00000220c2360140
Event: 1012.839 Thread 0x00000220c235fc20 Thread exited: 0x00000220c235fc20
Event: 1013.309 Thread 0x00000220c2360070 Thread added: 0x00000220c2360070
Event: 1017.471 Thread 0x00000220c2360070 Thread exited: 0x00000220c2360070
Event: 1031.614 Thread 0x00000220c289de60 Thread exited: 0x00000220c289de60
Event: 1031.614 Thread 0x00000220c28a06e0 Thread exited: 0x00000220c28a06e0
Event: 1073.013 Thread 0x00000220c289fcc0 Thread added: 0x00000220c289fcc0
Event: 1130.081 Thread 0x00000220c28a1610 Thread added: 0x00000220c28a1610
Event: 1130.361 Thread 0x00000220c289de60 Thread added: 0x00000220c289de60
Event: 1133.021 Thread 0x00000220c289fcc0 Thread exited: 0x00000220c289fcc0
Event: 1150.172 Thread 0x00000220c28a06e0 Thread added: 0x00000220c28a06e0
Event: 1190.387 Thread 0x00000220c28a1610 Thread exited: 0x00000220c28a1610
Event: 1190.402 Thread 0x00000220c28a2030 Thread exited: 0x00000220c28a2030
Event: 1195.433 Thread 0x00000220c28a0bf0 Thread added: 0x00000220c28a0bf0
Event: 1255.447 Thread 0x00000220c289e880 Thread exited: 0x00000220c289e880
Event: 1256.866 Thread 0x00000220c289ed90 Thread exited: 0x00000220c289ed90
Event: 1259.705 Thread 0x00000220c28a06e0 Thread exited: 0x00000220c28a06e0


Dynamic libraries:
0x00007ff7a90f0000 - 0x00007ff7a90fe000 	c:\Users\Andrea\.vscode\extensions\redhat.java-1.28.1-win32-x64\jre\17.0.10-win32-x86_64\bin\java.exe
0x00007fffc39d0000 - 0x00007fffc3be6000 	C:\WINDOWS\SYSTEM32\ntdll.dll
0x00007fff8d0b0000 - 0x00007fff8d0c9000 	C:\Program Files\Avast Software\Avast\aswhook.dll
0x00007fffc2060000 - 0x00007fffc2124000 	C:\WINDOWS\System32\KERNEL32.DLL
0x00007fffc0f00000 - 0x00007fffc12a6000 	C:\WINDOWS\System32\KERNELBASE.dll
0x00007fffc0de0000 - 0x00007fffc0ef1000 	C:\WINDOWS\System32\ucrtbase.dll
0x00007fff63b10000 - 0x00007fff63b27000 	c:\Users\Andrea\.vscode\extensions\redhat.java-1.28.1-win32-x64\jre\17.0.10-win32-x86_64\bin\jli.dll
0x00007fffc1e00000 - 0x00007fffc1fad000 	C:\WINDOWS\System32\USER32.dll
0x00007fff51bb0000 - 0x00007fff51bcb000 	c:\Users\Andrea\.vscode\extensions\redhat.java-1.28.1-win32-x64\jre\17.0.10-win32-x86_64\bin\VCRUNTIME140.dll
0x00007fffc0260000 - 0x00007fffc04f3000 	C:\WINDOWS\WinSxS\amd64_microsoft.windows.common-controls_6595b64144ccf1df_6.0.22621.3235_none_270f74e173860f98\COMCTL32.dll
0x00007fffc1450000 - 0x00007fffc1476000 	C:\WINDOWS\System32\win32u.dll
0x00007fffc32c0000 - 0x00007fffc3367000 	C:\WINDOWS\System32\msvcrt.dll
0x00007fffc1720000 - 0x00007fffc1749000 	C:\WINDOWS\System32\GDI32.dll
0x00007fffc12b0000 - 0x00007fffc13c8000 	C:\WINDOWS\System32\gdi32full.dll
0x00007fffc0d40000 - 0x00007fffc0dda000 	C:\WINDOWS\System32\msvcp_win.dll
0x00007fffc35a0000 - 0x00007fffc35d1000 	C:\WINDOWS\System32\IMM32.DLL
0x00007fff88b90000 - 0x00007fff88b9c000 	c:\Users\Andrea\.vscode\extensions\redhat.java-1.28.1-win32-x64\jre\17.0.10-win32-x86_64\bin\vcruntime140_1.dll
0x00007fff4b830000 - 0x00007fff4b8bd000 	c:\Users\Andrea\.vscode\extensions\redhat.java-1.28.1-win32-x64\jre\17.0.10-win32-x86_64\bin\msvcp140.dll
0x00007fff3fe80000 - 0x00007fff40ae2000 	c:\Users\Andrea\.vscode\extensions\redhat.java-1.28.1-win32-x64\jre\17.0.10-win32-x86_64\bin\server\jvm.dll
0x00007fffc34e0000 - 0x00007fffc3592000 	C:\WINDOWS\System32\ADVAPI32.dll
0x00007fffc1fb0000 - 0x00007fffc2058000 	C:\WINDOWS\System32\sechost.dll
0x00007fffc0d10000 - 0x00007fffc0d38000 	C:\WINDOWS\System32\bcrypt.dll
0x00007fffc31a0000 - 0x00007fffc32b5000 	C:\WINDOWS\System32\RPCRT4.dll
0x00007fffc0630000 - 0x00007fffc067d000 	C:\WINDOWS\SYSTEM32\POWRPROF.dll
0x00007fffa4250000 - 0x00007fffa4259000 	C:\WINDOWS\SYSTEM32\WSOCK32.dll
0x00007fffc3910000 - 0x00007fffc3981000 	C:\WINDOWS\System32\WS2_32.dll
0x00007fffb6760000 - 0x00007fffb6794000 	C:\WINDOWS\SYSTEM32\WINMM.dll
0x00007fffb6750000 - 0x00007fffb675a000 	C:\WINDOWS\SYSTEM32\VERSION.dll
0x00007fffc0500000 - 0x00007fffc0513000 	C:\WINDOWS\SYSTEM32\UMPDC.dll
0x00007fffbf4f0000 - 0x00007fffbf508000 	C:\WINDOWS\SYSTEM32\kernel.appcore.dll
0x00007fff63b00000 - 0x00007fff63b0a000 	c:\Users\Andrea\.vscode\extensions\redhat.java-1.28.1-win32-x64\jre\17.0.10-win32-x86_64\bin\jimage.dll
0x00007fffc0680000 - 0x00007fffc08b3000 	C:\WINDOWS\SYSTEM32\DBGHELP.DLL
0x00007fffc2130000 - 0x00007fffc24b8000 	C:\WINDOWS\System32\combase.dll
0x00007fffc1d20000 - 0x00007fffc1df7000 	C:\WINDOWS\System32\OLEAUT32.dll
0x00007fffc0520000 - 0x00007fffc0552000 	C:\WINDOWS\SYSTEM32\dbgcore.DLL
0x00007fffc13d0000 - 0x00007fffc144a000 	C:\WINDOWS\System32\bcryptPrimitives.dll
0x00007fff518c0000 - 0x00007fff518e5000 	c:\Users\Andrea\.vscode\extensions\redhat.java-1.28.1-win32-x64\jre\17.0.10-win32-x86_64\bin\java.dll
0x00007fff516e0000 - 0x00007fff516f8000 	c:\Users\Andrea\.vscode\extensions\redhat.java-1.28.1-win32-x64\jre\17.0.10-win32-x86_64\bin\zip.dll
0x00007fffc2940000 - 0x00007fffc319d000 	C:\WINDOWS\System32\SHELL32.dll
0x00007fffbe200000 - 0x00007fffbeaf8000 	C:\WINDOWS\SYSTEM32\windows.storage.dll
0x00007fffbe0b0000 - 0x00007fffbe1ee000 	C:\WINDOWS\SYSTEM32\wintypes.dll
0x00007fffc33c0000 - 0x00007fffc34b3000 	C:\WINDOWS\System32\SHCORE.dll
0x00007fffc1a00000 - 0x00007fffc1a5e000 	C:\WINDOWS\System32\shlwapi.dll
0x00007fffc0c40000 - 0x00007fffc0c66000 	C:\WINDOWS\SYSTEM32\profapi.dll
0x00007fff88440000 - 0x00007fff88459000 	C:\Users\Andrea\.vscode\extensions\redhat.java-1.28.1-win32-x64\jre\17.0.10-win32-x86_64\bin\net.dll
0x00007fffb9220000 - 0x00007fffb9357000 	C:\WINDOWS\SYSTEM32\WINHTTP.dll
0x00007fffbf950000 - 0x00007fffbf9b9000 	C:\WINDOWS\system32\mswsock.dll
0x00007fff51b60000 - 0x00007fff51b76000 	C:\Users\Andrea\.vscode\extensions\redhat.java-1.28.1-win32-x64\jre\17.0.10-win32-x86_64\bin\nio.dll
0x00007fffa4550000 - 0x00007fffa4560000 	c:\Users\Andrea\.vscode\extensions\redhat.java-1.28.1-win32-x64\jre\17.0.10-win32-x86_64\bin\verify.dll
0x00007fffc09b0000 - 0x00007fffc09cb000 	C:\WINDOWS\SYSTEM32\CRYPTSP.dll
0x00007fffbfa70000 - 0x00007fffbfaa5000 	C:\WINDOWS\system32\rsaenh.dll
0x00007fffbfa40000 - 0x00007fffbfa6c000 	C:\WINDOWS\SYSTEM32\USERENV.dll
0x00007fffbfdd0000 - 0x00007fffbfddc000 	C:\WINDOWS\SYSTEM32\CRYPTBASE.dll
0x00007fffbef90000 - 0x00007fffbefbd000 	C:\WINDOWS\SYSTEM32\IPHLPAPI.DLL
0x00007fffc1830000 - 0x00007fffc1839000 	C:\WINDOWS\System32\NSI.dll
0x00007fffb9200000 - 0x00007fffb9219000 	C:\WINDOWS\SYSTEM32\dhcpcsvc6.DLL
0x00007fffb91c0000 - 0x00007fffb91df000 	C:\WINDOWS\SYSTEM32\dhcpcsvc.DLL
0x00007fffbefc0000 - 0x00007fffbf0b9000 	C:\WINDOWS\SYSTEM32\DNSAPI.dll
0x00007fffbaf00000 - 0x00007fffbaf09000 	C:\Users\Andrea\.vscode\extensions\redhat.java-1.28.1-win32-x64\jre\17.0.10-win32-x86_64\bin\management.dll
0x00007fffa94c0000 - 0x00007fffa94cb000 	C:\Users\Andrea\.vscode\extensions\redhat.java-1.28.1-win32-x64\jre\17.0.10-win32-x86_64\bin\management_ext.dll
0x00007fffc35f0000 - 0x00007fffc35f8000 	C:\WINDOWS\System32\PSAPI.DLL
0x00007fff637d0000 - 0x00007fff637de000 	C:\Users\Andrea\.vscode\extensions\redhat.java-1.28.1-win32-x64\jre\17.0.10-win32-x86_64\bin\sunmscapi.dll
0x00007fffc14f0000 - 0x00007fffc1656000 	C:\WINDOWS\System32\CRYPT32.dll
0x00007fffbff60000 - 0x00007fffbff8e000 	C:\WINDOWS\SYSTEM32\ncrypt.dll
0x00007fffbff20000 - 0x00007fffbff57000 	C:\WINDOWS\SYSTEM32\NTASN1.dll
0x00007fffb9400000 - 0x00007fffb940a000 	C:\Windows\System32\rasadhlp.dll
0x00007fffb6c70000 - 0x00007fffb6cf3000 	C:\WINDOWS\System32\fwpuclnt.dll
0x00007fff9d160000 - 0x00007fff9d169000 	C:\Users\Andrea\.vscode\extensions\redhat.java-1.28.1-win32-x64\jre\17.0.10-win32-x86_64\bin\extnet.dll

dbghelp: loaded successfully - version: 4.0.5 - missing functions: none
symbol engine: initialized successfully - sym options: 0x614 - pdb path: .;c:\Users\Andrea\.vscode\extensions\redhat.java-1.28.1-win32-x64\jre\17.0.10-win32-x86_64\bin;C:\WINDOWS\SYSTEM32;C:\Program Files\Avast Software\Avast;C:\WINDOWS\WinSxS\amd64_microsoft.windows.common-controls_6595b64144ccf1df_6.0.22621.3235_none_270f74e173860f98;c:\Users\Andrea\.vscode\extensions\redhat.java-1.28.1-win32-x64\jre\17.0.10-win32-x86_64\bin\server

VM Arguments:
jvm_args: -XX:+HeapDumpOnOutOfMemoryError -Xmx1024m -Dsts.lsp.client=vscode -Dsts.log.file=/dev/null -XX:TieredStopAtLevel=1 -Xlog:jni+resolve=off -Dspring.config.location=file:c:\Users\Andrea\.vscode\extensions\vmware.vscode-spring-boot-1.53.0\language-server\BOOT-INF\classes\application.properties 
java_command: org.springframework.ide.vscode.boot.app.BootLanguageServerBootApp
java_class_path (initial): c:\Users\Andrea\.vscode\extensions\vmware.vscode-spring-boot-1.53.0\language-server\BOOT-INF\classes;c:\Users\Andrea\.vscode\extensions\vmware.vscode-spring-boot-1.53.0\language-server\BOOT-INF\lib\annotations-24.1.0.jar;c:\Users\Andrea\.vscode\extensions\vmware.vscode-spring-boot-1.53.0\language-server\BOOT-INF\lib\antlr4-runtime-4.11.1.jar;c:\Users\Andrea\.vscode\extensions\vmware.vscode-spring-boot-1.53.0\language-server\BOOT-INF\lib\asm-9.6.jar;c:\Users\Andrea\.vscode\extensions\vmware.vscode-spring-boot-1.53.0\language-server\BOOT-INF\lib\asm-analysis-9.6.jar;c:\Users\Andrea\.vscode\extensions\vmware.vscode-spring-boot-1.53.0\language-server\BOOT-INF\lib\asm-tree-9.6.jar;c:\Users\Andrea\.vscode\extensions\vmware.vscode-spring-boot-1.53.0\language-server\BOOT-INF\lib\asm-util-9.6.jar;c:\Users\Andrea\.vscode\extensions\vmware.vscode-spring-boot-1.53.0\language-server\BOOT-INF\lib\caffeine-3.1.8.jar;c:\Users\Andrea\.vscode\extensions\vmware.vscode-spring-boot-1.53.0\language-server\BOOT-INF\lib\checker-qual-3.12.0.jar;c:\Users\Andrea\.vscode\extensions\vmware.vscode-spring-boot-1.53.0\language-server\BOOT-INF\lib\classgraph-4.8.149.jar;c:\Users\Andrea\.vscode\extensions\vmware.vscode-spring-boot-1.53.0\language-server\BOOT-INF\lib\commons-codec-1.16.1.jar;c:\Users\Andrea\.vscode\extensions\vmware.vscode-spring-boot-1.53.0\language-server\BOOT-INF\lib\commons-compress-1.26.0.jar;c:\Users\Andrea\.vscode\extensions\vmware.vscode-spring-boot-1.53.0\language-server\BOOT-INF\lib\commons-io-2.4.jar;c:\Users\Andrea\.vscode\extensions\vmware.vscode-spring-boot-1.53.0\language-server\BOOT-INF\lib\commons-java-1.53.0-SNAPSHOT.jar;c:\Users\Andrea\.vscode\extensions\vmware.vscode-spring-boot-1.53.0\language-server\BOOT-INF\lib\commons-lang3-3.13.0.jar;c:\Users\Andrea\.vscode\extensions\vmware.vscode-spring-boot-1.53.0\language-server\BOOT-INF\lib\commons-language-server-1.53.0-SNAPSHOT.jar;c:\Users\Andrea\.vscode\extensions\vmware.vscode-spring-boo
Launcher Type: SUN_STANDARD

[Global flags]
     intx CICompilerCount                          = 4                                         {product} {ergonomic}
     uint ConcGCThreads                            = 2                                         {product} {ergonomic}
     uint G1ConcRefinementThreads                  = 8                                         {product} {ergonomic}
   size_t G1HeapRegionSize                         = 1048576                                   {product} {ergonomic}
    uintx GCDrainStackTargetSize                   = 64                                        {product} {ergonomic}
     bool HeapDumpOnOutOfMemoryError               = true                                   {manageable} {command line}
   size_t InitialHeapSize                          = 100663296                                 {product} {ergonomic}
   size_t MarkStackSize                            = 4194304                                   {product} {ergonomic}
   size_t MaxHeapSize                              = 1073741824                                {product} {command line}
   size_t MaxNewSize                               = 643825664                                 {product} {ergonomic}
   size_t MinHeapDeltaBytes                        = 1048576                                   {product} {ergonomic}
   size_t MinHeapSize                              = 8388608                                   {product} {ergonomic}
    uintx NonProfiledCodeHeapSize                  = 0                                      {pd product} {ergonomic}
     bool ProfileInterpreter                       = false                                  {pd product} {command line}
    uintx ProfiledCodeHeapSize                     = 0                                      {pd product} {ergonomic}
   size_t SoftMaxHeapSize                          = 1073741824                             {manageable} {ergonomic}
     intx TieredStopAtLevel                        = 1                                         {product} {command line}
     bool UseCompressedClassPointers               = true                           {product lp64_product} {ergonomic}
     bool UseCompressedOops                        = true                           {product lp64_product} {ergonomic}
     bool UseG1GC                                  = true                                      {product} {ergonomic}
     bool UseLargePagesIndividualAllocation        = false                                  {pd product} {ergonomic}

Logging:
Log output configuration:
 #0: stdout all=warning,jni+resolve=off uptime,level,tags
 #1: stderr all=off uptime,level,tags

Environment Variables:
PATH=C:\Program Files\Microsoft SDKs\Azure\CLI2\wbin;C:\Gradle\gradle-8.5\bin;C:\Program Files\Common Files\Oracle\Java\javapath;C:\WINDOWS\system32;C:\WINDOWS;C:\WINDOWS\System32\Wbem;C:\WINDOWS\System32\WindowsPowerShell\v1.0\;C:\WINDOWS\System32\OpenSSH\;C:\Program Files\Docker\Docker\resources\bin;C:\Program Files\Git\cmd;C:\Program Files\nodejs\;C:\ProgramData\chocolatey\bin;C:\Users\Andrea\AppData\Local\Programs\Python\Launcher\;C:\Users\Andrea\AppData\Local\Microsoft\WindowsApps;C:\Users\Andrea\AppData\Local\Programs\Microsoft VS Code\bin;C:\Gradle\gradle-8.5\bin;C:\Users\Andrea\AppData\Roaming\npm;
USERNAME=Andrea
OS=Windows_NT
PROCESSOR_IDENTIFIER=AMD64 Family 23 Model 24 Stepping 1, AuthenticAMD
TMP=C:\Users\Andrea\AppData\Local\Temp
TEMP=C:\Users\Andrea\AppData\Local\Temp



Periodic native trim disabled


---------------  S Y S T E M  ---------------

OS:
 Windows 11 , 64 bit Build 22621 (10.0.22621.3235)
OS uptime: 0 days 0:57 hours
Hyper-V role detected

CPU: total 8 (initial active 8) (8 cores per cpu, 2 threads per core) family 23 model 24 stepping 1 microcode 0x0, cx8, cmov, fxsr, ht, mmx, 3dnowpref, sse, sse2, sse3, ssse3, sse4a, sse4.1, sse4.2, popcnt, lzcnt, tsc, tscinvbit, avx, avx2, aes, clmul, bmi1, bmi2, adx, sha, fma, vzeroupper, clflush, clflushopt, hv
Processor Information for all 8 processors :
  Max Mhz: 2100, Current Mhz: 2100, Mhz Limit: 2100

Memory: 4k page, system-wide physical 6058M (495M free)
TotalPageFile size 13994M (AvailPageFile size 1917M)
current process WorkingSet (physical memory assigned to process): 174M, peak: 209M
current process commit charge ("private bytes"): 265M, peak: 265M

vm_info: OpenJDK 64-Bit Server VM (17.0.10+7) for windows-amd64 JRE (17.0.10+7), built on Jan 16 2024 23:25:11 by "admin" with MS VC++ 16.10 / 16.11 (VS2019)

END.
