#
# A fatal error has been detected by the Java Runtime Environment:
#
#  EXCEPTION_ACCESS_VIOLATION (0xc0000005) at pc=0x0000018d60806049, pid=15264, tid=10248
#
# JRE version: OpenJDK Runtime Environment Temurin-17.0.10+7 (17.0.10+7) (build 17.0.10+7)
# Java VM: OpenJDK 64-Bit Server VM Temurin-17.0.10+7 (17.0.10+7, mixed mode, tiered, compressed oops, compressed class ptrs, parallel gc, windows-amd64)
# Problematic frame:
# J 7082 c2 org.eclipse.jdt.internal.compiler.util.HashtableOfObject.get([C)Ljava/lang/Object; (56 bytes) @ 0x0000018d60806049 [0x0000018d60805fa0+0x00000000000000a9]
#
# No core dump will be written. Minidumps are not enabled by default on client versions of Windows
#
# If you would like to submit a bug report, please visit:
#   https://github.com/adoptium/adoptium-support/issues
#

---------------  S U M M A R Y ------------

Command Line: --add-modules=ALL-SYSTEM --add-opens=java.base/java.util=ALL-UNNAMED --add-opens=java.base/java.lang=ALL-UNNAMED --add-opens=java.base/sun.nio.fs=ALL-UNNAMED -Declipse.application=org.eclipse.jdt.ls.core.id1 -Dosgi.bundles.defaultStartLevel=4 -Declipse.product=org.eclipse.jdt.ls.core.product -Djava.import.generatesMetadataFilesAtProjectRoot=false -DDetectVMInstallationsJob.disabled=true -Dfile.encoding=utf8 -XX:+UseParallelGC -XX:GCTimeRatio=4 -XX:AdaptiveSizePolicyWeight=90 -Dsun.zip.disableMemoryMapping=true -Xmx1G -Xms100m -Xlog:disable -javaagent:c:\Users\Andrea\.vscode\extensions\redhat.java-1.28.1-win32-x64\lombok\lombok-1.18.31.jar -XX:+HeapDumpOnOutOfMemoryError -XX:HeapDumpPath=c:\Users\Andrea\AppData\Roaming\Code\User\workspaceStorage\65f746c1a281849824745425ba6593dc\redhat.java -Daether.dependencyCollector.impl=bf c:\Users\Andrea\.vscode\extensions\redhat.java-1.28.1-win32-x64\server\plugins\org.eclipse.equinox.launcher_1.6.700.v20231214-2017.jar -configuration c:\Users\Andrea\AppData\Roaming\Code\User\globalStorage\redhat.java\1.28.1\config_win -data c:\Users\Andrea\AppData\Roaming\Code\User\workspaceStorage\65f746c1a281849824745425ba6593dc\redhat.java\jdt_ws --stdio

Host: AMD Ryzen 5 3500U with Radeon Vega Mobile Gfx  , 8 cores, 5G,  Windows 11 , 64 bit Build 22621 (10.0.22621.3235)
Time: Fri Mar 29 09:40:45 2024 ora solare Europa occidentale elapsed time: 46.617015 seconds (0d 0h 0m 46s)

---------------  T H R E A D  ---------------

Current thread (0x0000018d719d08b0):  JavaThread "Java indexing" daemon [_thread_in_Java, id=10248, stack(0x000000717f500000,0x000000717f600000)]

Stack: [0x000000717f500000,0x000000717f600000],  sp=0x000000717f5fefe0,  free space=1019k
Native frames: (J=compiled Java code, j=interpreted, Vv=VM code, C=native code)
C  0x0000018d60806049

The last pc belongs to nmethod (printed below).

siginfo: EXCEPTION_ACCESS_VIOLATION (0xc0000005), reading address 0x00000000d0a00000


Registers:
RAX=0x0000000013fccaa8, RBX=0x000000004c5b15fd, RCX=0x0000000007f4c0a8, RDX=0x0000000000000000
RSP=0x000000717f5fefe0, RBP=0x00000000c3099378, RSI=0x000000004c5b1600, RDI=0x0000000000000000
R8 =0x00000000eba0f428, R9 =0x0000000006cb3639, R10=0x000000006b9c8a58, R11=0x00000000000045fc
R12=0x0000000000000000, R13=0x0000000000000000, R14=0x00000000ebb00d50, R15=0x0000018d719d08b0
RIP=0x0000018d60806049, EFLAGS=0x0000000000010212


Register to memory mapping:

RIP=0x0000018d60806049 is at entry_point+169 in (nmethod*)0x0000018d60805e10
Compiled method (c2)   46649 7082       4       org.eclipse.jdt.internal.compiler.util.HashtableOfObject::get (56 bytes)
 total in heap  [0x0000018d60805e10,0x0000018d60806608] = 2040
 relocation     [0x0000018d60805f68,0x0000018d60805f90] = 40
 main code      [0x0000018d60805fa0,0x0000018d60806400] = 1120
 stub code      [0x0000018d60806400,0x0000018d60806418] = 24
 oops           [0x0000018d60806418,0x0000018d60806420] = 8
 metadata       [0x0000018d60806420,0x0000018d60806440] = 32
 scopes data    [0x0000018d60806440,0x0000018d60806518] = 216
 scopes pcs     [0x0000018d60806518,0x0000018d608065d8] = 192
 dependencies   [0x0000018d608065d8,0x0000018d608065e8] = 16
 nul chk table  [0x0000018d608065e8,0x0000018d60806608] = 32
RAX=0x0000000013fccaa8 is an unknown value
RBX=0x000000004c5b15fd is an unknown value
RCX=0x0000000007f4c0a8 is an unknown value
RDX=0x0 is NULL
RSP=0x000000717f5fefe0 is pointing into the stack for thread: 0x0000018d719d08b0
RBP=0x00000000c3099378 is pointing into object: [B 
{0x00000000c30981c0} - klass: {type array byte}
 - length: 25965
RSI=0x000000004c5b1600 is an unknown value
RDI=0x0 is NULL
R8 =0x00000000eba0f428 is an oop: org.eclipse.jdt.internal.compiler.util.HashtableOfObject 
{0x00000000eba0f428} - klass: 'org/eclipse/jdt/internal/compiler/util/HashtableOfObject'
 - ---- fields (total size 4 words):
 - public 'elementSize' 'I' @12  6609 (19d1)
 - private 'threshold' 'I' @16  10238 (27fe)
 - public 'keyTable' '[[C' @20  a {type array char}[17916] {0x00000000ebb00d50} (ebb00d50)
 - public 'valueTable' '[Ljava/lang/Object;' @24  a 'java/lang/Object'[17916] {0x00000000ebb46550} (ebb46550)
R9 =0x0000000006cb3639 is an unknown value
R10=0x000000006b9c8a58 is an unknown value
R11=0x00000000000045fc is an unknown value
R12=0x0 is NULL
R13=0x0 is NULL
R14=0x00000000ebb00d50 is an oop: [[C 
{0x00000000ebb00d50} - klass: {type array char}[]
 - length: 17916
R15=0x0000018d719d08b0 is a thread


Top of Stack: (sp=0x000000717f5fefe0)
0x000000717f5fefe0:   0000007100003b30 0000018d6026506d
0x000000717f5feff0:   000000000000002f 00000000eba0f428
0x000000717f5ff000:   0000000000000000 0000018d6dffda68
0x000000717f5ff010:   000000717f5ff170 0000018d5940d07c
0x000000717f5ff020:   00000000000000cc 0000018d6de796d0
0x000000717f5ff030:   00000000c6f329a8 0000018d719d08b0
0x000000717f5ff040:   0000018d6de7a345 000000717f5ff218
0x000000717f5ff050:   000000717f5ff170 00007ffe0bb3395d
0x000000717f5ff060:   000000717f5ff100 0000018d6de7e348
0x000000717f5ff070:   0000018d6de7a638 00000000c8dab940
0x000000717f5ff080:   00000000eba10018 00000000c8dabaa0
0x000000717f5ff090:   00000000c1de29f8 0000001c00003b30
0x000000717f5ff0a0:   0000003f0000001f 00000000c8dab9d0
0x000000717f5ff0b0:   00000000ead69bd0 00000000eb4b5950
0x000000717f5ff0c0:   00000000eba0f428 00000000c3099378
0x000000717f5ff0d0:   00000000c8dabab8 000000000000008d
0x000000717f5ff0e0:   00000000eac5b980 0000000000000000
0x000000717f5ff0f0:   000000717f5ff170 0000018d602594ec
0x000000717f5ff100:   0000000000000000 0000018d602594ec
0x000000717f5ff110:   0000000000003b30 00000000c8dab920
0x000000717f5ff120:   00000000eba10018 000000717f5ff128
0x000000717f5ff130:   0000018d6de7a33b 000000717f5ff218
0x000000717f5ff140:   0000018d6de7e348 0000000000000000
0x000000717f5ff150:   00000000c1c42ca8 0000018d6de7a638
0x000000717f5ff160:   000000717f5ff110 000000717f5ff210
0x000000717f5ff170:   000000717f5ff270 0000018d60259645
0x000000717f5ff180:   0000000000000000 000000000000effd
0x000000717f5ff190:   0000000000000dd3 00000000eba67368
0x000000717f5ff1a0:   00000000eba2b360 00000000eba100f8
0x000000717f5ff1b0:   0000000000000000 0000000000000000
0x000000717f5ff1c0:   00000000ffffffff 00000000eba100d8
0x000000717f5ff1d0:   00000000eba10018 00000000eba100c0 

Instructions: (pc=0x0000018d60806049)
0x0000018d60805f49:   00 00 00 02 00 00 00 00 00 00 00 07 00 00 00 df
0x0000018d60805f59:   01 00 00 04 66 90 e8 ff ff ff ff ff ff ff ff 0b
0x0000018d60805f69:   60 29 a1 11 a1 26 b1 34 64 10 64 1c 64 1c 64 20
0x0000018d60805f79:   64 10 64 10 64 18 64 d9 f0 05 80 11 64 0b 00 00
0x0000018d60805f89:   64 0f 64 00 00 00 00 05 c0 08 f0 31 cc 06 f0 18
0x0000018d60805f99:   cc 15 10 08 f0 3e cc 44 8b 52 08 49 c1 e2 03 49
0x0000018d60805fa9:   3b c2 0f 85 cf ad a9 ff 66 66 90 66 0f 1f 44 00
0x0000018d60805fb9:   00 66 0f 1f 44 00 00 89 84 24 00 90 ff ff 55 48
0x0000018d60805fc9:   83 ec 30 4d 8b d0 4c 8b c2 44 8b 72 14 45 8b 5e
0x0000018d60805fd9:   0c 49 8b ea 41 8b 72 0c 41 b9 01 00 00 00 85 f6
0x0000018d60805fe9:   0f 86 2a 03 00 00 44 8b d6 41 ff ca 44 3b d6 0f
0x0000018d60805ff9:   83 56 03 00 00 44 0f b7 55 10 8b de 83 c3 fd 83
0x0000018d60806009:   fb 01 0f 8e 5f 03 00 00 41 8b ca c1 e1 05 41 2b
0x0000018d60806019:   ca 81 c1 c1 03 00 00 eb 27 42 0f b7 4c 4d 10 41
0x0000018d60806029:   8b c2 c1 e0 05 41 2b c2 03 c1 41 ff c1 44 3b ce
0x0000018d60806039:   7d 5f 44 8b d0 eb e2 41 8b ca c1 e1 05 41 2b ca
0x0000018d60806049:   42 0f b7 54 4d 16 42 0f b7 7c 4d 14 46 0f b7 54
0x0000018d60806059:   4d 10 46 0f b7 6c 4d 12 41 03 ca 44 8b d1 41 c1
0x0000018d60806069:   e2 05 44 2b d1 45 03 d5 41 8b c2 c1 e0 05 41 2b
0x0000018d60806079:   c2 03 c7 44 8b d0 41 c1 e2 05 44 2b d0 44 03 d2
0x0000018d60806089:   41 83 c1 04 44 3b cb 7c ae 44 3b ce 7c 8b 41 8b
0x0000018d60806099:   c2 81 e0 ff ff ff 7f 45 85 db 0f 86 9b 02 00 00
0x0000018d608060a9:   3d 00 00 00 80 75 08 33 d2 41 83 fb ff 74 04 99
0x0000018d608060b9:   41 f7 fb 44 8b d2 41 3b d3 0f 83 5b 02 00 00 45
0x0000018d608060c9:   8b 4c 96 10 49 8b 8f 58 03 00 00 85 01 45 85 c9
0x0000018d608060d9:   0f 84 22 02 00 00 49 8b f9 48 8b f5 48 3b fe 0f
0x0000018d608060e9:   84 bb 00 00 00 48 85 ff 0f 84 b9 00 00 00 48 85
0x0000018d608060f9:   f6 0f 84 b0 00 00 00 8b 4f 0c 3b 4e 0c 0f 85 a4
0x0000018d60806109:   00 00 00 85 c9 0f 84 95 00 00 00 48 8d 7f 10 48
0x0000018d60806119:   8d 76 10 d1 e1 8b c1 83 e0 1f 83 e1 e0 0f 84 4b
0x0000018d60806129:   00 00 00 48 8d 3c 0f 48 8d 34 0e 48 f7 d9 c5 fe
0x0000018d60806139:   6f 04 0f c5 fe 6f 0c 0e c5 fd ef c1 c4 e2 7d 17 


Stack slot to memory mapping:
stack at sp + 0 slots: 0x0000007100003b30 is an unknown value
stack at sp + 1 slots: 0x0000018d6026506d is at code_begin+397 in an Interpreter codelet
if_icmplt  161 if_icmplt  [0x0000018d60264ee0, 0x0000018d60265220]  832 bytes
stack at sp + 2 slots: 0x000000000000002f is an unknown value
stack at sp + 3 slots: 0x00000000eba0f428 is an oop: org.eclipse.jdt.internal.compiler.util.HashtableOfObject 
{0x00000000eba0f428} - klass: 'org/eclipse/jdt/internal/compiler/util/HashtableOfObject'
 - ---- fields (total size 4 words):
 - public 'elementSize' 'I' @12  6609 (19d1)
 - private 'threshold' 'I' @16  10238 (27fe)
 - public 'keyTable' '[[C' @20  a {type array char}[17916] {0x00000000ebb00d50} (ebb00d50)
 - public 'valueTable' '[Ljava/lang/Object;' @24  a 'java/lang/Object'[17916] {0x00000000ebb46550} (ebb46550)
stack at sp + 4 slots: 0x0 is NULL
stack at sp + 5 slots: 0x0000018d6dffda68 is pointing into metadata
stack at sp + 6 slots: 0x000000717f5ff170 is pointing into the stack for thread: 0x0000018d719d08b0
stack at sp + 7 slots: 0x0000018d5940d07c is at entry_point+1500 in (nmethod*)0x0000018d5940c810
Compiled method (c1)   46803 7083       3       org.eclipse.jdt.internal.core.index.DiskIndex::copyQueryResults (218 bytes)
 total in heap  [0x0000018d5940c810,0x0000018d5940dee8] = 5848
 relocation     [0x0000018d5940c968,0x0000018d5940ca98] = 304
 main code      [0x0000018d5940caa0,0x0000018d5940d800] = 3424
 stub code      [0x0000018d5940d800,0x0000018d5940d8b8] = 184
 oops           [0x0000018d5940d8b8,0x0000018d5940d8c8] = 16
 metadata       [0x0000018d5940d8c8,0x0000018d5940d8e8] = 32
 scopes data    [0x0000018d5940d8e8,0x0000018d5940dc20] = 824
 scopes pcs     [0x0000018d5940dc20,0x0000018d5940de70] = 592
 dependencies   [0x0000018d5940de70,0x0000018d5940de80] = 16
 nul chk table  [0x0000018d5940de80,0x0000018d5940dee8] = 104


Compiled method (c2)   46806 7082       4       org.eclipse.jdt.internal.compiler.util.HashtableOfObject::get (56 bytes)
 total in heap  [0x0000018d60805e10,0x0000018d60806608] = 2040
 relocation     [0x0000018d60805f68,0x0000018d60805f90] = 40
 main code      [0x0000018d60805fa0,0x0000018d60806400] = 1120
 stub code      [0x0000018d60806400,0x0000018d60806418] = 24
 oops           [0x0000018d60806418,0x0000018d60806420] = 8
 metadata       [0x0000018d60806420,0x0000018d60806440] = 32
 scopes data    [0x0000018d60806440,0x0000018d60806518] = 216
 scopes pcs     [0x0000018d60806518,0x0000018d608065d8] = 192
 dependencies   [0x0000018d608065d8,0x0000018d608065e8] = 16
 nul chk table  [0x0000018d608065e8,0x0000018d60806608] = 32

[Constant Pool (empty)]

[MachCode]
[Entry Point]
  # {method} {0x0000018d6df16ac8} 'get' '([C)Ljava/lang/Object;' in 'org/eclipse/jdt/internal/compiler/util/HashtableOfObject'
  # this:     rdx:rdx   = 'org/eclipse/jdt/internal/compiler/util/HashtableOfObject'
  # parm0:    r8:r8     = '[C'
  #           [sp+0x40]  (sp of caller)
  0x0000018d60805fa0: 448b 5208 | 49c1 e203 

  0x0000018d60805fa8: ;   {runtime_call ic_miss_stub}
  0x0000018d60805fa8: 493b c20f | 85cf ada9 | ff66 6690 | 660f 1f44 | 0000 660f | 1f44 0000 
[Verified Entry Point]
  0x0000018d60805fc0: 8984 2400 | 90ff ff55 | 4883 ec30 | 4d8b d04c | 8bc2 448b | 7214 458b | 5e0c 498b | ea41 8b72 
  0x0000018d60805fe0: 0c41 b901 | 0000 0085 | f60f 862a | 0300 0044 | 8bd6 41ff | ca44 3bd6 | 0f83 5603 | 0000 440f 
  0x0000018d60806000: b755 108b | de83 c3fd | 83fb 010f | 8e5f 0300 | 0041 8bca | c1e1 0541 | 2bca 81c1 | c103 0000 
  0x0000018d60806020: eb27 420f | b74c 4d10 | 418b c2c1 | e005 412b | c203 c141 | ffc1 443b | ce7d 5f44 | 8bd0 ebe2 
  0x0000018d60806040: 418b cac1 | e105 412b | ca42 0fb7 | 544d 1642 | 0fb7 7c4d | 1446 0fb7 | 544d 1046 | 0fb7 6c4d 
  0x0000018d60806060: 1241 03ca | 448b d141 | c1e2 0544 | 2bd1 4503 | d541 8bc2 | c1e0 0541 | 2bc2 03c7 | 448b d041 
  0x0000018d60806080: c1e2 0544 | 2bd0 4403 | d241 83c1 | 0444 3bcb | 7cae 443b | ce7c 8b41 | 8bc2 81e0 | ffff ff7f 
  0x0000018d608060a0: 4585 db0f | 869b 0200 | 003d 0000 | 0080 7508 | 33d2 4183 | fbff 7404 | 9941 f7fb | 448b d241 
  0x0000018d608060c0: 3bd3 0f83 | 5b02 0000 | 458b 4c96 | 1049 8b8f 

  0x0000018d608060d0: ; ImmutableOopMap {r8=Oop r9=NarrowOop rbp=Oop r14=NarrowOop }
                      ;*ifnonnull {reexecute=1 rethrow=0 return_oop=0}
                      ; - (reexecute) org.eclipse.jdt.internal.compiler.util.HashtableOfObject::get@51 (line 87)
  0x0000018d608060d0: 5803 0000 

  0x0000018d608060d4: ;   {poll}
  0x0000018d608060d4: 8501 4585 | c90f 8422 | 0200 0049 | 8bf9 488b | f548 3bfe | 0f84 bb00 | 0000 4885 | ff0f 84b9 
  0x0000018d608060f4: 0000 0048 | 85f6 0f84 | b000 0000 | 8b4f 0c3b | 4e0c 0f85 | a400 0000 | 85c9 0f84 | 9500 0000 
  0x0000018d60806114: 488d 7f10 | 488d 7610 | d1e1 8bc1 | 83e0 1f83 | e1e0 0f84 | 4b00 0000 | 488d 3c0f | 488d 340e 
  0x0000018d60806134: 48f7 d9c5 | fe6f 040f | c5fe 6f0c | 0ec5 fdef | c1c4 e27d | 17c0 0f85 | 6000 0000 | 4883 c120 
  0x0000018d60806154: 75e1 85c0 | 0f84 4b00 | 0000 c5fe | 6f44 07e0 | c5fe 6f4c | 06e0 c5fd | efc1 c4e2 | 7d17 c075 
  0x0000018d60806174: 3beb 328b | c883 e1fc | 7419 488d | 3c0f 488d | 340e 48f7 | d98b 1c0f | 3b1c 0e75 | 1f48 83c1 
  0x0000018d60806194: 0475 f2f7 | c002 0000 | 0074 0a0f | b71f 0fb7 | 0e3b d975 | 07b8 0100 | 0000 eb02 | 33c0 c5fd 
  0x0000018d608061b4: efc0 c5f5 | efc9 85c0 | 0f85 2401 | 0000 41ff | c245 3bd3 | 0f84 0d01 | 0000 6690 | 453b d30f 
  0x0000018d608061d4: 83b3 0100 | 0043 8b4c | 9610 4d8b | 8f58 0300 

  0x0000018d608061e4: ; ImmutableOopMap {r8=Oop rcx=NarrowOop rbp=Oop r14=NarrowOop }
                      ;*ifnonnull {reexecute=1 rethrow=0 return_oop=0}
                      ; - (reexecute) org.eclipse.jdt.internal.compiler.util.HashtableOfObject::get@51 (line 87)
                      ;   {poll}
  0x0000018d608061e4: 0041 8501 | 85c9 0f84 | 1101 0000 | 488b f948 | 8bf5 483b | fe0f 84bb | 0000 0048 | 85ff 0f84 
  0x0000018d60806204: b900 0000 | 4885 f60f | 84b0 0000 | 008b 4f0c | 3b4e 0c0f | 85a4 0000 | 0085 c90f | 8495 0000 
  0x0000018d60806224: 0048 8d7f | 1048 8d76 | 10d1 e18b | c183 e01f | 83e1 e00f | 844b 0000 | 0048 8d3c | 0f48 8d34 
  0x0000018d60806244: 0e48 f7d9 | c5fe 6f0c | 0fc5 fe6f | 040e c5f5 | efc8 c4e2 | 7d17 c90f | 8560 0000 | 0048 83c1 
  0x0000018d60806264: 2075 e185 | c00f 844b | 0000 00c5 | fe6f 4c07 | e0c5 fe6f | 4406 e0c5 | f5ef c8c4 | e27d 17c9 
  0x0000018d60806284: 753b eb32 | 8bc8 83e1 | fc74 1948 | 8d3c 0f48 | 8d34 0e48 | f7d9 8b1c | 0f3b 1c0e | 751f 4883 
  0x0000018d608062a4: c104 75f2 | f7c0 0200 | 0000 740a | 0fb7 1f0f | b70e 3bd9 | 7507 b801 | 0000 00eb | 0233 c0c5 
  0x0000018d608062c4: f5ef c9c5 | fdef c085 | c075 1741 | ffc2 453b | d30f 85f5 | feff ff45 | 33c9 418b | d1e9 d6fd 
  0x0000018d608062e4: ffff 418b | 6818 448b | 5d0c 453b | d30f 8382 | 0000 0046 | 8b54 9510 | 498b c2eb | 0233 c0c5 
  0x0000018d60806304: f877 4883 

  0x0000018d60806308: ;   {poll_return}
  0x0000018d60806308: c430 5d49 | 3ba7 5003 | 0000 0f87 | cc00 0000 | c3b8 0100 | 0000 e97d | fdff ffba | e4ff ffff 
  0x0000018d60806328: 4c89 0424 | 4489 5c24 | 0844 8974 | 2410 4489 | 5424 1490 

  0x0000018d6080633c: ;   {runtime_call UncommonTrapBlob}
  0x0000018d6080633c: c5f8 77e8 

  0x0000018d60806340: ; ImmutableOopMap {rbp=Oop [0]=Oop [16]=NarrowOop }
                      ;*aaload {reexecute=0 rethrow=0 return_oop=0}
                      ; - org.eclipse.jdt.internal.compiler.util.HashtableOfObject::get@47 (line 87)
  0x0000018d60806340: bc02 aaff | ba86 ffff | ff8b e890 

  0x0000018d6080634c: ;   {runtime_call UncommonTrapBlob}
  0x0000018d6080634c: c5f8 77e8 

  0x0000018d60806350: ; ImmutableOopMap {}
                      ;*irem {reexecute=0 rethrow=0 return_oop=0}
                      ; - org.eclipse.jdt.internal.compiler.util.HashtableOfObject::get@11 (line 85)
  0x0000018d60806350: ac02 aaff | ba76 ffff | ff4c 8904 | 2444 895c | 2408 8974 | 2418 6690 

  0x0000018d60806368: ;   {runtime_call UncommonTrapBlob}
  0x0000018d60806368: c5f8 77e8 

  0x0000018d6080636c: ; ImmutableOopMap {rbp=Oop [0]=Oop }
                      ;*if_icmpge {reexecute=1 rethrow=0 return_oop=0}
                      ; - (reexecute) java.util.Arrays::hashCode@19
                      ; - org.eclipse.jdt.core.compiler.CharOperation::hashCode@1 (line 2490)
                      ; - org.eclipse.jdt.internal.compiler.util.HashtableOfObject::get@7 (line 85)
  0x0000018d6080636c: 9002 aaff | 4183 c21f | e919 fdff | ffba e4ff | ffff 4489 | 1424 6690 

  0x0000018d60806384: ;   {runtime_call UncommonTrapBlob}
  0x0000018d60806384: c5f8 77e8 

  0x0000018d60806388: ; ImmutableOopMap {rbp=NarrowOop }
                      ;*aaload {reexecute=0 rethrow=0 return_oop=0}
                      ; - org.eclipse.jdt.internal.compiler.util.HashtableOfObject::get@30 (line 89)
  0x0000018d60806388: 7402 aaff | bae4 ffff | ff4c 8904 | 2444 895c | 2408 4489 | 7424 1044 | 8954 2414 

  0x0000018d608063a4: ;   {runtime_call UncommonTrapBlob}
  0x0000018d608063a4: c5f8 77e8 

  0x0000018d608063a8: ; ImmutableOopMap {rbp=Oop [0]=Oop [16]=NarrowOop }
                      ;*aaload {reexecute=0 rethrow=0 return_oop=0}
                      ; - org.eclipse.jdt.internal.compiler.util.HashtableOfObject::get@47 (line 87)
  0x0000018d608063a8: 5402 aaff | baf6 ffff | ff66 6690 

  0x0000018d608063b4: ;   {runtime_call UncommonTrapBlob}
  0x0000018d608063b4: c5f8 77e8 

  0x0000018d608063b8: ; ImmutableOopMap {}
                      ;*arraylength {reexecute=0 rethrow=0 return_oop=0}
                      ; - org.eclipse.jdt.internal.compiler.util.HashtableOfObject::get@4 (line 84)
  0x0000018d608063b8: 4402 aaff | baf6 ffff | ff41 8bea 

  0x0000018d608063c4: ;   {runtime_call UncommonTrapBlob}
  0x0000018d608063c4: c5f8 77e8 

  0x0000018d608063c8: ; ImmutableOopMap {}
                      ;*aaload {reexecute=0 rethrow=0 return_oop=0}
                      ; - org.eclipse.jdt.internal.compiler.util.HashtableOfObject::get@30 (line 89)
  0x0000018d608063c8: 3402 aaff | ba45 ffff | ff4c 8904 | 2444 895c | 2408 6690 

  0x0000018d608063dc: ;   {runtime_call UncommonTrapBlob}
  0x0000018d608063dc: c5f8 77e8 

  0x0000018d608063e0: ; ImmutableOopMap {rbp=Oop [0]=Oop }
                      ;*ifnonnull {reexecute=1 rethrow=0 return_oop=0}
                      ; - (reexecute) java.util.Arrays::hashCode@1
                      ; - org.eclipse.jdt.core.compiler.CharOperation::hashCode@1 (line 2490)
                      ; - org.eclipse.jdt.internal.compiler.util.HashtableOfObject::get@7 (line 85)
  0x0000018d608063e0: 1c02 aaff 

  0x0000018d608063e4: ;   {internal_word}
  0x0000018d608063e4: 49ba 0b63 | 8060 8d01 | 0000 4d89 | 9768 0300 

  0x0000018d608063f4: ;   {runtime_call SafepointBlob}
  0x0000018d608063f4: 00e9 0613 | aaff f4f4 | f4f4 f4f4 
[Exception Handler]
  0x0000018d60806400: ;   {no_reloc}
  0x0000018d60806400: e9fb eaaa | ffe8 0000 | 0000 4883 

  0x0000018d6080640c: ;   {runtime_call DeoptimizationBlob}
  0x0000018d6080640c: 2c24 05e9 | 8c05 aaff | f4f4 f4f4 
[/MachCode]


---------------  P R O C E S S  ---------------

Threads class SMR info:
_java_thread_list=0x0000018d731ed080, length=29, elements={
0x0000018d548c7250, 0x0000018d6a694010, 0x0000018d6a695d70, 0x0000018d6f7fbf30,
0x0000018d6f7fc900, 0x0000018d6f7fd3d0, 0x0000018d6f7fdea0, 0x0000018d6f7feba0,
0x0000018d6f85ce60, 0x0000018d6f865f80, 0x0000018d6f97e860, 0x0000018d6faf4680,
0x0000018d70f69190, 0x0000018d7149bd00, 0x0000018d7149c4b0, 0x0000018d71957040,
0x0000018d719d2710, 0x0000018d719d03a0, 0x0000018d719cf470, 0x0000018d719cf980,
0x0000018d719d0dc0, 0x0000018d719cfe90, 0x0000018d719d08b0, 0x0000018d719d17e0,
0x0000018d719d2200, 0x0000018d72beca70, 0x0000018d72be8db0, 0x0000018d72bedeb0,
0x0000018d72be8390
}

Java Threads: ( => current thread )
  0x0000018d548c7250 JavaThread "main" [_thread_blocked, id=5168, stack(0x000000717d300000,0x000000717d400000)]
  0x0000018d6a694010 JavaThread "Reference Handler" daemon [_thread_blocked, id=12332, stack(0x000000717d600000,0x000000717d700000)]
  0x0000018d6a695d70 JavaThread "Finalizer" daemon [_thread_blocked, id=15076, stack(0x000000717d700000,0x000000717d800000)]
  0x0000018d6f7fbf30 JavaThread "Signal Dispatcher" daemon [_thread_blocked, id=15676, stack(0x000000717d800000,0x000000717d900000)]
  0x0000018d6f7fc900 JavaThread "Attach Listener" daemon [_thread_blocked, id=5660, stack(0x000000717d900000,0x000000717da00000)]
  0x0000018d6f7fd3d0 JavaThread "Service Thread" daemon [_thread_blocked, id=11080, stack(0x000000717da00000,0x000000717db00000)]
  0x0000018d6f7fdea0 JavaThread "Monitor Deflation Thread" daemon [_thread_blocked, id=10644, stack(0x000000717db00000,0x000000717dc00000)]
  0x0000018d6f7feba0 JavaThread "C2 CompilerThread0" daemon [_thread_blocked, id=15000, stack(0x000000717dc00000,0x000000717dd00000)]
  0x0000018d6f85ce60 JavaThread "C1 CompilerThread0" daemon [_thread_blocked, id=13300, stack(0x000000717dd00000,0x000000717de00000)]
  0x0000018d6f865f80 JavaThread "Sweeper thread" daemon [_thread_blocked, id=7372, stack(0x000000717de00000,0x000000717df00000)]
  0x0000018d6f97e860 JavaThread "Common-Cleaner" daemon [_thread_blocked, id=8920, stack(0x000000717df00000,0x000000717e000000)]
  0x0000018d6faf4680 JavaThread "Notification Thread" daemon [_thread_blocked, id=9884, stack(0x000000717e000000,0x000000717e100000)]
  0x0000018d70f69190 JavaThread "Active Thread: Equinox Container: 913025ae-6f7d-4f30-ac2e-fb4179e9f930" [_thread_blocked, id=12484, stack(0x000000717e900000,0x000000717ea00000)]
  0x0000018d7149bd00 JavaThread "Framework Event Dispatcher: Equinox Container: 913025ae-6f7d-4f30-ac2e-fb4179e9f930" daemon [_thread_blocked, id=14384, stack(0x000000717eb00000,0x000000717ec00000)]
  0x0000018d7149c4b0 JavaThread "Start Level: Equinox Container: 913025ae-6f7d-4f30-ac2e-fb4179e9f930" daemon [_thread_blocked, id=2372, stack(0x000000717ec00000,0x000000717ed00000)]
  0x0000018d71957040 JavaThread "Bundle File Closer" daemon [_thread_blocked, id=13420, stack(0x000000717ea00000,0x000000717eb00000)]
  0x0000018d719d2710 JavaThread "SCR Component Actor" daemon [_thread_blocked, id=9616, stack(0x000000717e800000,0x000000717e900000)]
  0x0000018d719d03a0 JavaThread "Worker-JM" [_thread_blocked, id=3608, stack(0x000000717ef00000,0x000000717f000000)]
  0x0000018d719cf470 JavaThread "Worker-0" [_thread_blocked, id=9492, stack(0x000000717f000000,0x000000717f100000)]
  0x0000018d719cf980 JavaThread "Worker-1: Initialize Workspace" [_thread_in_Java, id=13476, stack(0x000000717f100000,0x000000717f200000)]
  0x0000018d719d0dc0 JavaThread "Worker-2" [_thread_blocked, id=2620, stack(0x000000717f200000,0x000000717f300000)]
  0x0000018d719cfe90 JavaThread "Worker-3: Java indexing... " [_thread_blocked, id=12600, stack(0x000000717f400000,0x000000717f500000)]
=>0x0000018d719d08b0 JavaThread "Java indexing" daemon [_thread_in_Java, id=10248, stack(0x000000717f500000,0x000000717f600000)]
  0x0000018d719d17e0 JavaThread "Worker-4" [_thread_blocked, id=1760, stack(0x000000717f700000,0x000000717f800000)]
  0x0000018d719d2200 JavaThread "JNA Cleaner" daemon [_thread_blocked, id=10840, stack(0x000000717f800000,0x000000717f900000)]
  0x0000018d72beca70 JavaThread "pool-2-thread-1" [_thread_blocked, id=13844, stack(0x000000717f900000,0x000000717fa00000)]
  0x0000018d72be8db0 JavaThread "WorkspaceEventsHandler" [_thread_blocked, id=8208, stack(0x000000717ee00000,0x000000717ef00000)]
  0x0000018d72bedeb0 JavaThread "pool-1-thread-1" [_thread_blocked, id=2524, stack(0x000000717fa00000,0x000000717fb00000)]
  0x0000018d72be8390 JavaThread "pool-3-thread-1" [_thread_in_native, id=13612, stack(0x000000717fb00000,0x000000717fc00000)]

Other Threads:
  0x0000018d5496ec40 VMThread "VM Thread" [stack: 0x000000717d500000,0x000000717d600000] [id=5580]
  0x0000018d6fb1a850 WatcherThread [stack: 0x000000717e100000,0x000000717e200000] [id=6672]
  0x0000018d548da4b0 GCTaskThread "GC Thread#0" [stack: 0x000000717d400000,0x000000717d500000] [id=12608]
  0x0000018d7102d020 GCTaskThread "GC Thread#1" [stack: 0x000000717e200000,0x000000717e300000] [id=14508]
  0x0000018d70f24540 GCTaskThread "GC Thread#2" [stack: 0x000000717e300000,0x000000717e400000] [id=12688]
  0x0000018d70f24800 GCTaskThread "GC Thread#3" [stack: 0x000000717e400000,0x000000717e500000] [id=15408]
  0x0000018d71328040 GCTaskThread "GC Thread#4" [stack: 0x000000717e500000,0x000000717e600000] [id=14100]
  0x0000018d71328300 GCTaskThread "GC Thread#5" [stack: 0x000000717e600000,0x000000717e700000] [id=8576]
  0x0000018d713285c0 GCTaskThread "GC Thread#6" [stack: 0x000000717e700000,0x000000717e800000] [id=12276]
  0x0000018d548ad380 GCTaskThread "GC Thread#7" [stack: 0x000000717ed00000,0x000000717ee00000] [id=5544]

Threads with active compile tasks:

VM state: not at safepoint (normal execution)

VM Mutex/Monitor currently owned by a thread: None

Heap address: 0x00000000c0000000, size: 1024 MB, Compressed Oops mode: 32-bit

CDS archive(s) not mapped
Compressed class space mapped at: 0x0000000100000000-0x0000000140000000, reserved size: 1073741824
Narrow klass base: 0x0000000000000000, Narrow klass shift: 3, Narrow klass range: 0x140000000

GC Precious Log:
 CPUs: 8 total, 8 available
 Memory: 6058M
 Large Page Support: Disabled
 NUMA Support: Disabled
 Compressed Oops: Enabled (32-bit)
 Alignments: Space 512K, Generation 512K, Heap 2M
 Heap Min Capacity: 100M
 Heap Initial Capacity: 100M
 Heap Max Capacity: 1G
 Pre-touch: Disabled
 Parallel Workers: 8

Heap:
 PSYoungGen      total 15360K, used 8386K [0x00000000eab00000, 0x00000000ebf80000, 0x0000000100000000)
  eden space 11264K, 40% used [0x00000000eab00000,0x00000000eaf77950,0x00000000eb600000)
  from space 4096K, 93% used [0x00000000eba00000,0x00000000ebdb91b0,0x00000000ebe00000)
  to   space 4096K, 0% used [0x00000000eb600000,0x00000000eb600000,0x00000000eba00000)
 ParOldGen       total 272384K, used 267302K [0x00000000c0000000, 0x00000000d0a00000, 0x00000000eab00000)
  object space 272384K, 98% used [0x00000000c0000000,0x00000000d05099a0,0x00000000d0a00000)
 Metaspace       used 54199K, committed 55168K, reserved 1114112K
  class space    used 5847K, committed 6272K, reserved 1048576K

Card table byte_map: [0x0000018d67f10000,0x0000018d68120000] _byte_map_base: 0x0000018d67910000

Marking Bits: (ParMarkBitMap*) 0x00007ffe0c34d7d0
 Begin Bits: [0x0000018d68280000, 0x0000018d69280000)
 End Bits:   [0x0000018d69280000, 0x0000018d6a280000)

Polling page: 0x0000018d54970000

Metaspace:

Usage:
  Non-class:     47.22 MB used.
      Class:      5.71 MB used.
       Both:     52.93 MB used.

Virtual space:
  Non-class space:       64.00 MB reserved,      47.75 MB ( 75%) committed,  1 nodes.
      Class space:        1.00 GB reserved,       6.12 MB ( <1%) committed,  1 nodes.
             Both:        1.06 GB reserved,      53.88 MB (  5%) committed. 

Chunk freelists:
   Non-Class:  15.86 MB
       Class:  9.82 MB
        Both:  25.68 MB

MaxMetaspaceSize: unlimited
CompressedClassSpaceSize: 1.00 GB
Initial GC threshold: 21.00 MB
Current GC threshold: 89.38 MB
CDS: off
MetaspaceReclaimPolicy: balanced
 - commit_granule_bytes: 65536.
 - commit_granule_words: 8192.
 - virtual_space_node_default_size: 8388608.
 - enlarge_chunks_in_place: 1.
 - new_chunks_are_fully_committed: 0.
 - uncommit_free_chunks: 1.
 - use_allocation_guard: 0.
 - handle_deallocations: 1.


Internal statistics:

num_allocs_failed_limit: 6.
num_arena_births: 486.
num_arena_deaths: 14.
num_vsnodes_births: 2.
num_vsnodes_deaths: 0.
num_space_committed: 862.
num_space_uncommitted: 0.
num_chunks_returned_to_freelist: 20.
num_chunks_taken_from_freelist: 2552.
num_chunk_merges: 8.
num_chunk_splits: 1582.
num_chunks_enlarged: 954.
num_inconsistent_stats: 0.

CodeHeap 'non-profiled nmethods': size=120000Kb used=4585Kb max_used=4898Kb free=115414Kb
 bounds [0x0000018d607f0000, 0x0000018d60cd0000, 0x0000018d67d20000]
CodeHeap 'profiled nmethods': size=120000Kb used=10886Kb max_used=12778Kb free=109113Kb
 bounds [0x0000018d58d20000, 0x0000018d599a0000, 0x0000018d60250000]
CodeHeap 'non-nmethods': size=5760Kb used=1297Kb max_used=1391Kb free=4462Kb
 bounds [0x0000018d60250000, 0x0000018d604c0000, 0x0000018d607f0000]
 total_blobs=6411 nmethods=5785 adapters=540
 compilation: enabled
              stopped_count=0, restarted_count=0
 full_count=0

Compilation events (20 events):
Event: 46.524 Thread 0x0000018d6f85ce60 nmethod 7156 0x0000018d5970f090 code [0x0000018d5970f220, 0x0000018d5970f338]
Event: 46.525 Thread 0x0000018d6f85ce60 7157       3       org.eclipse.core.resources.ResourcesPlugin::getWorkspace (44 bytes)
Event: 46.526 Thread 0x0000018d6f85ce60 nmethod 7157 0x0000018d5928fb10 code [0x0000018d5928fce0, 0x0000018d59290018]
Event: 46.575 Thread 0x0000018d6f85ce60 7158       3       org.eclipse.core.internal.resources.Resource::checkExists (38 bytes)
Event: 46.577 Thread 0x0000018d6f85ce60 nmethod 7158 0x0000018d58daf190 code [0x0000018d58daf380, 0x0000018d58daf9d8]
Event: 46.577 Thread 0x0000018d6f7feba0 7159       4       org.eclipse.core.runtime.Path::segmentCount (6 bytes)
Event: 46.578 Thread 0x0000018d6f7feba0 nmethod 7159 0x0000018d60bdde90 code [0x0000018d60bde000, 0x0000018d60bde098]
Event: 46.584 Thread 0x0000018d6f85ce60 7160       3       org.eclipse.core.internal.resources.Resource::getProject (23 bytes)
Event: 46.585 Thread 0x0000018d6f85ce60 nmethod 7160 0x0000018d58e26b90 code [0x0000018d58e26d60, 0x0000018d58e27068]
Event: 46.585 Thread 0x0000018d6f85ce60 7161       3       org.eclipse.core.internal.resources.Resource::getPathVariableManager (24 bytes)
Event: 46.586 Thread 0x0000018d6f85ce60 nmethod 7161 0x0000018d59238a10 code [0x0000018d59238c00, 0x0000018d592390d8]
Event: 46.586 Thread 0x0000018d6f85ce60 7162       3       org.eclipse.core.internal.resources.ProjectPathVariableManager::<init> (25 bytes)
Event: 46.586 Thread 0x0000018d6f85ce60 nmethod 7162 0x0000018d58fb5310 code [0x0000018d58fb54c0, 0x0000018d58fb57a8]
Event: 46.593 Thread 0x0000018d6f85ce60 7163       3       java.nio.HeapByteBuffer::put (16 bytes)
Event: 46.594 Thread 0x0000018d6f85ce60 nmethod 7163 0x0000018d597fe890 code [0x0000018d597fea60, 0x0000018d597fed48]
Event: 46.594 Thread 0x0000018d6f85ce60 7164       3       java.nio.Buffer::nextPutIndex (30 bytes)
Event: 46.594 Thread 0x0000018d6f85ce60 nmethod 7164 0x0000018d5907a490 code [0x0000018d5907a640, 0x0000018d5907a808]
Event: 46.595 Thread 0x0000018d6f85ce60 7165       3       java.nio.charset.CharsetDecoder::flush (49 bytes)
Event: 46.595 Thread 0x0000018d6f85ce60 nmethod 7165 0x0000018d58e79c90 code [0x0000018d58e79e60, 0x0000018d58e7a248]
Event: 46.609 Thread 0x0000018d6f85ce60 7166       3       org.eclipse.core.runtime.Path::removeTrailingSeparator (32 bytes)

GC Heap History (20 events):
Event: 43.961 GC heap before
{Heap before GC invocations=217 (full 10):
 PSYoungGen      total 6656K, used 6642K [0x00000000eab00000, 0x00000000eb500000, 0x0000000100000000)
  eden space 5120K, 100% used [0x00000000eab00000,0x00000000eb000000,0x00000000eb000000)
  from space 1536K, 99% used [0x00000000eb200000,0x00000000eb37c910,0x00000000eb380000)
  to   space 2048K, 0% used [0x00000000eb000000,0x00000000eb000000,0x00000000eb200000)
 ParOldGen       total 272384K, used 243059K [0x00000000c0000000, 0x00000000d0a00000, 0x00000000eab00000)
  object space 272384K, 89% used [0x00000000c0000000,0x00000000ced5cd80,0x00000000d0a00000)
 Metaspace       used 53981K, committed 54976K, reserved 1114112K
  class space    used 5825K, committed 6272K, reserved 1048576K
}
Event: 43.966 GC heap after
{Heap after GC invocations=217 (full 10):
 PSYoungGen      total 7168K, used 1562K [0x00000000eab00000, 0x00000000eb500000, 0x0000000100000000)
  eden space 5120K, 0% used [0x00000000eab00000,0x00000000eab00000,0x00000000eb000000)
  from space 2048K, 76% used [0x00000000eb000000,0x00000000eb186be0,0x00000000eb200000)
  to   space 2048K, 0% used [0x00000000eb300000,0x00000000eb300000,0x00000000eb500000)
 ParOldGen       total 272384K, used 244412K [0x00000000c0000000, 0x00000000d0a00000, 0x00000000eab00000)
  object space 272384K, 89% used [0x00000000c0000000,0x00000000ceeaf378,0x00000000d0a00000)
 Metaspace       used 53981K, committed 54976K, reserved 1114112K
  class space    used 5825K, committed 6272K, reserved 1048576K
}
Event: 43.992 GC heap before
{Heap before GC invocations=218 (full 10):
 PSYoungGen      total 7168K, used 6682K [0x00000000eab00000, 0x00000000eb500000, 0x0000000100000000)
  eden space 5120K, 100% used [0x00000000eab00000,0x00000000eb000000,0x00000000eb000000)
  from space 2048K, 76% used [0x00000000eb000000,0x00000000eb186be0,0x00000000eb200000)
  to   space 2048K, 0% used [0x00000000eb300000,0x00000000eb300000,0x00000000eb500000)
 ParOldGen       total 272384K, used 244412K [0x00000000c0000000, 0x00000000d0a00000, 0x00000000eab00000)
  object space 272384K, 89% used [0x00000000c0000000,0x00000000ceeaf378,0x00000000d0a00000)
 Metaspace       used 53981K, committed 54976K, reserved 1114112K
  class space    used 5825K, committed 6272K, reserved 1048576K
}
Event: 43.997 GC heap after
{Heap after GC invocations=218 (full 10):
 PSYoungGen      total 8192K, used 1654K [0x00000000eab00000, 0x00000000eb500000, 0x0000000100000000)
  eden space 6144K, 0% used [0x00000000eab00000,0x00000000eab00000,0x00000000eb100000)
  from space 2048K, 80% used [0x00000000eb300000,0x00000000eb49db08,0x00000000eb500000)
  to   space 2048K, 0% used [0x00000000eb100000,0x00000000eb100000,0x00000000eb300000)
 ParOldGen       total 272384K, used 245892K [0x00000000c0000000, 0x00000000d0a00000, 0x00000000eab00000)
  object space 272384K, 90% used [0x00000000c0000000,0x00000000cf0212d0,0x00000000d0a00000)
 Metaspace       used 53981K, committed 54976K, reserved 1114112K
  class space    used 5825K, committed 6272K, reserved 1048576K
}
Event: 44.021 GC heap before
{Heap before GC invocations=219 (full 10):
 PSYoungGen      total 8192K, used 7798K [0x00000000eab00000, 0x00000000eb500000, 0x0000000100000000)
  eden space 6144K, 100% used [0x00000000eab00000,0x00000000eb100000,0x00000000eb100000)
  from space 2048K, 80% used [0x00000000eb300000,0x00000000eb49db08,0x00000000eb500000)
  to   space 2048K, 0% used [0x00000000eb100000,0x00000000eb100000,0x00000000eb300000)
 ParOldGen       total 272384K, used 245892K [0x00000000c0000000, 0x00000000d0a00000, 0x00000000eab00000)
  object space 272384K, 90% used [0x00000000c0000000,0x00000000cf0212d0,0x00000000d0a00000)
 Metaspace       used 53981K, committed 54976K, reserved 1114112K
  class space    used 5825K, committed 6272K, reserved 1048576K
}
Event: 44.026 GC heap after
{Heap after GC invocations=219 (full 10):
 PSYoungGen      total 8192K, used 2019K [0x00000000eab00000, 0x00000000eba00000, 0x0000000100000000)
  eden space 6144K, 0% used [0x00000000eab00000,0x00000000eab00000,0x00000000eb100000)
  from space 2048K, 98% used [0x00000000eb100000,0x00000000eb2f8e88,0x00000000eb300000)
  to   space 4096K, 0% used [0x00000000eb600000,0x00000000eb600000,0x00000000eba00000)
 ParOldGen       total 272384K, used 247485K [0x00000000c0000000, 0x00000000d0a00000, 0x00000000eab00000)
  object space 272384K, 90% used [0x00000000c0000000,0x00000000cf1af460,0x00000000d0a00000)
 Metaspace       used 53981K, committed 54976K, reserved 1114112K
  class space    used 5825K, committed 6272K, reserved 1048576K
}
Event: 44.110 GC heap before
{Heap before GC invocations=220 (full 10):
 PSYoungGen      total 8192K, used 8124K [0x00000000eab00000, 0x00000000eba00000, 0x0000000100000000)
  eden space 6144K, 99% used [0x00000000eab00000,0x00000000eb0f6260,0x00000000eb100000)
  from space 2048K, 98% used [0x00000000eb100000,0x00000000eb2f8e88,0x00000000eb300000)
  to   space 4096K, 0% used [0x00000000eb600000,0x00000000eb600000,0x00000000eba00000)
 ParOldGen       total 272384K, used 247485K [0x00000000c0000000, 0x00000000d0a00000, 0x00000000eab00000)
  object space 272384K, 90% used [0x00000000c0000000,0x00000000cf1af460,0x00000000d0a00000)
 Metaspace       used 53981K, committed 54976K, reserved 1114112K
  class space    used 5825K, committed 6272K, reserved 1048576K
}
Event: 44.117 GC heap after
{Heap after GC invocations=220 (full 10):
 PSYoungGen      total 9728K, used 2421K [0x00000000eab00000, 0x00000000eb880000, 0x0000000100000000)
  eden space 7168K, 0% used [0x00000000eab00000,0x00000000eab00000,0x00000000eb200000)
  from space 2560K, 94% used [0x00000000eb600000,0x00000000eb85d7a8,0x00000000eb880000)
  to   space 3072K, 0% used [0x00000000eb280000,0x00000000eb280000,0x00000000eb580000)
 ParOldGen       total 272384K, used 249455K [0x00000000c0000000, 0x00000000d0a00000, 0x00000000eab00000)
  object space 272384K, 91% used [0x00000000c0000000,0x00000000cf39bd08,0x00000000d0a00000)
 Metaspace       used 53981K, committed 54976K, reserved 1114112K
  class space    used 5825K, committed 6272K, reserved 1048576K
}
Event: 44.477 GC heap before
{Heap before GC invocations=221 (full 10):
 PSYoungGen      total 9728K, used 9589K [0x00000000eab00000, 0x00000000eb880000, 0x0000000100000000)
  eden space 7168K, 100% used [0x00000000eab00000,0x00000000eb200000,0x00000000eb200000)
  from space 2560K, 94% used [0x00000000eb600000,0x00000000eb85d7a8,0x00000000eb880000)
  to   space 3072K, 0% used [0x00000000eb280000,0x00000000eb280000,0x00000000eb580000)
 ParOldGen       total 272384K, used 249455K [0x00000000c0000000, 0x00000000d0a00000, 0x00000000eab00000)
  object space 272384K, 91% used [0x00000000c0000000,0x00000000cf39bd08,0x00000000d0a00000)
 Metaspace       used 53981K, committed 54976K, reserved 1114112K
  class space    used 5825K, committed 6272K, reserved 1048576K
}
Event: 44.482 GC heap after
{Heap after GC invocations=221 (full 10):
 PSYoungGen      total 10752K, used 2802K [0x00000000eab00000, 0x00000000eb900000, 0x0000000100000000)
  eden space 7680K, 0% used [0x00000000eab00000,0x00000000eab00000,0x00000000eb280000)
  from space 3072K, 91% used [0x00000000eb280000,0x00000000eb53caf8,0x00000000eb580000)
  to   space 3072K, 0% used [0x00000000eb600000,0x00000000eb600000,0x00000000eb900000)
 ParOldGen       total 272384K, used 251753K [0x00000000c0000000, 0x00000000d0a00000, 0x00000000eab00000)
  object space 272384K, 92% used [0x00000000c0000000,0x00000000cf5da780,0x00000000d0a00000)
 Metaspace       used 53981K, committed 54976K, reserved 1114112K
  class space    used 5825K, committed 6272K, reserved 1048576K
}
Event: 44.507 GC heap before
{Heap before GC invocations=222 (full 10):
 PSYoungGen      total 10752K, used 10482K [0x00000000eab00000, 0x00000000eb900000, 0x0000000100000000)
  eden space 7680K, 100% used [0x00000000eab00000,0x00000000eb280000,0x00000000eb280000)
  from space 3072K, 91% used [0x00000000eb280000,0x00000000eb53caf8,0x00000000eb580000)
  to   space 3072K, 0% used [0x00000000eb600000,0x00000000eb600000,0x00000000eb900000)
 ParOldGen       total 272384K, used 251753K [0x00000000c0000000, 0x00000000d0a00000, 0x00000000eab00000)
  object space 272384K, 92% used [0x00000000c0000000,0x00000000cf5da780,0x00000000d0a00000)
 Metaspace       used 53981K, committed 54976K, reserved 1114112K
  class space    used 5825K, committed 6272K, reserved 1048576K
}
Event: 44.512 GC heap after
{Heap after GC invocations=222 (full 10):
 PSYoungGen      total 11264K, used 3005K [0x00000000eab00000, 0x00000000eb980000, 0x0000000100000000)
  eden space 8192K, 0% used [0x00000000eab00000,0x00000000eab00000,0x00000000eb300000)
  from space 3072K, 97% used [0x00000000eb600000,0x00000000eb8ef7e0,0x00000000eb900000)
  to   space 3072K, 0% used [0x00000000eb300000,0x00000000eb300000,0x00000000eb600000)
 ParOldGen       total 272384K, used 254411K [0x00000000c0000000, 0x00000000d0a00000, 0x00000000eab00000)
  object space 272384K, 93% used [0x00000000c0000000,0x00000000cf872e58,0x00000000d0a00000)
 Metaspace       used 53981K, committed 54976K, reserved 1114112K
  class space    used 5825K, committed 6272K, reserved 1048576K
}
Event: 44.554 GC heap before
{Heap before GC invocations=223 (full 10):
 PSYoungGen      total 11264K, used 11197K [0x00000000eab00000, 0x00000000eb980000, 0x0000000100000000)
  eden space 8192K, 100% used [0x00000000eab00000,0x00000000eb300000,0x00000000eb300000)
  from space 3072K, 97% used [0x00000000eb600000,0x00000000eb8ef7e0,0x00000000eb900000)
  to   space 3072K, 0% used [0x00000000eb300000,0x00000000eb300000,0x00000000eb600000)
 ParOldGen       total 272384K, used 254411K [0x00000000c0000000, 0x00000000d0a00000, 0x00000000eab00000)
  object space 272384K, 93% used [0x00000000c0000000,0x00000000cf872e58,0x00000000d0a00000)
 Metaspace       used 53981K, committed 54976K, reserved 1114112K
  class space    used 5825K, committed 6272K, reserved 1048576K
}
Event: 44.560 GC heap after
{Heap after GC invocations=223 (full 10):
 PSYoungGen      total 11264K, used 3069K [0x00000000eab00000, 0x00000000ec280000, 0x0000000100000000)
  eden space 8192K, 0% used [0x00000000eab00000,0x00000000eab00000,0x00000000eb300000)
  from space 3072K, 99% used [0x00000000eb300000,0x00000000eb5ff400,0x00000000eb600000)
  to   space 7168K, 0% used [0x00000000ebb80000,0x00000000ebb80000,0x00000000ec280000)
 ParOldGen       total 272384K, used 257605K [0x00000000c0000000, 0x00000000d0a00000, 0x00000000eab00000)
  object space 272384K, 94% used [0x00000000c0000000,0x00000000cfb91648,0x00000000d0a00000)
 Metaspace       used 53981K, committed 54976K, reserved 1114112K
  class space    used 5825K, committed 6272K, reserved 1048576K
}
Event: 44.580 GC heap before
{Heap before GC invocations=224 (full 10):
 PSYoungGen      total 11264K, used 11261K [0x00000000eab00000, 0x00000000ec280000, 0x0000000100000000)
  eden space 8192K, 100% used [0x00000000eab00000,0x00000000eb300000,0x00000000eb300000)
  from space 3072K, 99% used [0x00000000eb300000,0x00000000eb5ff400,0x00000000eb600000)
  to   space 7168K, 0% used [0x00000000ebb80000,0x00000000ebb80000,0x00000000ec280000)
 ParOldGen       total 272384K, used 257605K [0x00000000c0000000, 0x00000000d0a00000, 0x00000000eab00000)
  object space 272384K, 94% used [0x00000000c0000000,0x00000000cfb91648,0x00000000d0a00000)
 Metaspace       used 53981K, committed 54976K, reserved 1114112K
  class space    used 5825K, committed 6272K, reserved 1048576K
}
Event: 44.589 GC heap after
{Heap after GC invocations=224 (full 10):
 PSYoungGen      total 13312K, used 3524K [0x00000000eab00000, 0x00000000ebf00000, 0x0000000100000000)
  eden space 9728K, 0% used [0x00000000eab00000,0x00000000eab00000,0x00000000eb480000)
  from space 3584K, 98% used [0x00000000ebb80000,0x00000000ebef10c8,0x00000000ebf00000)
  to   space 4608K, 0% used [0x00000000eb600000,0x00000000eb600000,0x00000000eba80000)
 ParOldGen       total 272384K, used 260579K [0x00000000c0000000, 0x00000000d0a00000, 0x00000000eab00000)
  object space 272384K, 95% used [0x00000000c0000000,0x00000000cfe78d30,0x00000000d0a00000)
 Metaspace       used 53981K, committed 54976K, reserved 1114112K
  class space    used 5825K, committed 6272K, reserved 1048576K
}
Event: 44.748 GC heap before
{Heap before GC invocations=225 (full 10):
 PSYoungGen      total 13312K, used 13252K [0x00000000eab00000, 0x00000000ebf00000, 0x0000000100000000)
  eden space 9728K, 100% used [0x00000000eab00000,0x00000000eb480000,0x00000000eb480000)
  from space 3584K, 98% used [0x00000000ebb80000,0x00000000ebef10c8,0x00000000ebf00000)
  to   space 4608K, 0% used [0x00000000eb600000,0x00000000eb600000,0x00000000eba80000)
 ParOldGen       total 272384K, used 260579K [0x00000000c0000000, 0x00000000d0a00000, 0x00000000eab00000)
  object space 272384K, 95% used [0x00000000c0000000,0x00000000cfe78d30,0x00000000d0a00000)
 Metaspace       used 53981K, committed 54976K, reserved 1114112K
  class space    used 5825K, committed 6272K, reserved 1048576K
}
Event: 44.755 GC heap after
{Heap after GC invocations=225 (full 10):
 PSYoungGen      total 14848K, used 3573K [0x00000000eab00000, 0x00000000ebe00000, 0x0000000100000000)
  eden space 11264K, 0% used [0x00000000eab00000,0x00000000eab00000,0x00000000eb600000)
  from space 3584K, 99% used [0x00000000eb600000,0x00000000eb97d498,0x00000000eb980000)
  to   space 4096K, 0% used [0x00000000eba00000,0x00000000eba00000,0x00000000ebe00000)
 ParOldGen       total 272384K, used 263931K [0x00000000c0000000, 0x00000000d0a00000, 0x00000000eab00000)
  object space 272384K, 96% used [0x00000000c0000000,0x00000000d01befd8,0x00000000d0a00000)
 Metaspace       used 53981K, committed 54976K, reserved 1114112K
  class space    used 5825K, committed 6272K, reserved 1048576K
}
Event: 46.091 GC heap before
{Heap before GC invocations=226 (full 10):
 PSYoungGen      total 14848K, used 14837K [0x00000000eab00000, 0x00000000ebe00000, 0x0000000100000000)
  eden space 11264K, 100% used [0x00000000eab00000,0x00000000eb600000,0x00000000eb600000)
  from space 3584K, 99% used [0x00000000eb600000,0x00000000eb97d498,0x00000000eb980000)
  to   space 4096K, 0% used [0x00000000eba00000,0x00000000eba00000,0x00000000ebe00000)
 ParOldGen       total 272384K, used 263931K [0x00000000c0000000, 0x00000000d0a00000, 0x00000000eab00000)
  object space 272384K, 96% used [0x00000000c0000000,0x00000000d01befd8,0x00000000d0a00000)
 Metaspace       used 54082K, committed 55104K, reserved 1114112K
  class space    used 5837K, committed 6272K, reserved 1048576K
}
Event: 46.100 GC heap after
{Heap after GC invocations=226 (full 10):
 PSYoungGen      total 15360K, used 3812K [0x00000000eab00000, 0x00000000ebf80000, 0x0000000100000000)
  eden space 11264K, 0% used [0x00000000eab00000,0x00000000eab00000,0x00000000eb600000)
  from space 4096K, 93% used [0x00000000eba00000,0x00000000ebdb91b0,0x00000000ebe00000)
  to   space 4096K, 0% used [0x00000000eb600000,0x00000000eb600000,0x00000000eba00000)
 ParOldGen       total 272384K, used 267302K [0x00000000c0000000, 0x00000000d0a00000, 0x00000000eab00000)
  object space 272384K, 98% used [0x00000000c0000000,0x00000000d05099a0,0x00000000d0a00000)
 Metaspace       used 54082K, committed 55104K, reserved 1114112K
  class space    used 5837K, committed 6272K, reserved 1048576K
}

Dll operation events (12 events):
Event: 0.040 Loaded shared library c:\Users\Andrea\.vscode\extensions\redhat.java-1.28.1-win32-x64\jre\17.0.10-win32-x86_64\bin\java.dll
Event: 0.967 Loaded shared library c:\Users\Andrea\.vscode\extensions\redhat.java-1.28.1-win32-x64\jre\17.0.10-win32-x86_64\bin\zip.dll
Event: 0.986 Loaded shared library C:\Users\Andrea\.vscode\extensions\redhat.java-1.28.1-win32-x64\jre\17.0.10-win32-x86_64\bin\instrument.dll
Event: 1.057 Loaded shared library C:\Users\Andrea\.vscode\extensions\redhat.java-1.28.1-win32-x64\jre\17.0.10-win32-x86_64\bin\net.dll
Event: 1.065 Loaded shared library C:\Users\Andrea\.vscode\extensions\redhat.java-1.28.1-win32-x64\jre\17.0.10-win32-x86_64\bin\nio.dll
Event: 1.117 Loaded shared library C:\Users\Andrea\.vscode\extensions\redhat.java-1.28.1-win32-x64\jre\17.0.10-win32-x86_64\bin\zip.dll
Event: 1.179 Loaded shared library C:\Users\Andrea\.vscode\extensions\redhat.java-1.28.1-win32-x64\jre\17.0.10-win32-x86_64\bin\jimage.dll
Event: 1.489 Loaded shared library c:\Users\Andrea\.vscode\extensions\redhat.java-1.28.1-win32-x64\jre\17.0.10-win32-x86_64\bin\verify.dll
Event: 5.019 Loaded shared library C:\Users\Andrea\AppData\Roaming\Code\User\globalStorage\redhat.java\1.28.1\config_win\org.eclipse.equinox.launcher\org.eclipse.equinox.launcher.win32.win32.x86_64_1.2.900.v20240129-1338\eclipse_11900.dll
Event: 8.666 Loaded shared library C:\Users\Andrea\.vscode\extensions\redhat.java-1.28.1-win32-x64\jre\17.0.10-win32-x86_64\bin\management.dll
Event: 8.674 Loaded shared library C:\Users\Andrea\.vscode\extensions\redhat.java-1.28.1-win32-x64\jre\17.0.10-win32-x86_64\bin\management_ext.dll
Event: 13.444 Loaded shared library C:\Users\Andrea\AppData\Local\Temp\jna-1965574007\jna12425485615634848600.dll

Deoptimization events (20 events):
Event: 45.931 Thread 0x0000018d719cf980 Uncommon trap: trap_request=0xffffffde fr.pc=0x0000018d60c801e4 relative=0x00000000000002c4
Event: 45.931 Thread 0x0000018d719cf980 Uncommon trap: reason=class_check action=maybe_recompile pc=0x0000018d60c801e4 method=java.io.DataOutputStream.writeInt(I)V @ 53 c2
Event: 45.931 Thread 0x0000018d719cf980 DEOPT PACKING pc=0x0000018d60c801e4 sp=0x000000717f1fed10
Event: 45.931 Thread 0x0000018d719cf980 DEOPT UNPACKING pc=0x0000018d602a66a3 sp=0x000000717f1fecc8 mode 2
Event: 45.983 Thread 0x0000018d719cf980 DEOPT PACKING pc=0x0000018d58fdc47c sp=0x000000717f1fe830
Event: 45.984 Thread 0x0000018d719cf980 DEOPT UNPACKING pc=0x0000018d602a6e43 sp=0x000000717f1fddb0 mode 0
Event: 46.016 Thread 0x0000018d719cf980 Uncommon trap: trap_request=0xffffff45 fr.pc=0x0000018d60bf291c relative=0x0000000000000f9c
Event: 46.016 Thread 0x0000018d719cf980 Uncommon trap: reason=unstable_if action=reinterpret pc=0x0000018d60bf291c method=org.eclipse.core.runtime.Path.toString()Ljava/lang/String; @ 23 c2
Event: 46.017 Thread 0x0000018d719cf980 DEOPT PACKING pc=0x0000018d60bf291c sp=0x000000717f1feea0
Event: 46.019 Thread 0x0000018d719cf980 DEOPT UNPACKING pc=0x0000018d602a66a3 sp=0x000000717f1fee60 mode 2
Event: 46.040 Thread 0x0000018d719d08b0 DEOPT PACKING pc=0x0000018d59287e73 sp=0x000000717f5fef70
Event: 46.040 Thread 0x0000018d719d08b0 DEOPT UNPACKING pc=0x0000018d602a6e43 sp=0x000000717f5fe408 mode 0
Event: 46.084 Thread 0x0000018d719d08b0 DEOPT PACKING pc=0x0000018d59287e73 sp=0x000000717f5fef70
Event: 46.084 Thread 0x0000018d719d08b0 DEOPT UNPACKING pc=0x0000018d602a6e43 sp=0x000000717f5fe408 mode 0
Event: 46.134 Thread 0x0000018d719d08b0 DEOPT PACKING pc=0x0000018d59287e73 sp=0x000000717f5fef70
Event: 46.134 Thread 0x0000018d719d08b0 DEOPT UNPACKING pc=0x0000018d602a6e43 sp=0x000000717f5fe408 mode 0
Event: 46.145 Thread 0x0000018d719d08b0 DEOPT PACKING pc=0x0000018d59287e73 sp=0x000000717f5fef70
Event: 46.145 Thread 0x0000018d719d08b0 DEOPT UNPACKING pc=0x0000018d602a6e43 sp=0x000000717f5fe408 mode 0
Event: 46.385 Thread 0x0000018d719cf980 DEOPT PACKING pc=0x0000018d58fdc47c sp=0x000000717f1fe3c0
Event: 46.385 Thread 0x0000018d719cf980 DEOPT UNPACKING pc=0x0000018d602a6e43 sp=0x000000717f1fd940 mode 0

Classes unloaded (7 events):
Event: 12.219 Thread 0x0000018d5496ec40 Unloading class 0x000000010024a400 'java/lang/invoke/LambdaForm$MH+0x000000010024a400'
Event: 12.219 Thread 0x0000018d5496ec40 Unloading class 0x000000010024a000 'java/lang/invoke/LambdaForm$MH+0x000000010024a000'
Event: 12.219 Thread 0x0000018d5496ec40 Unloading class 0x0000000100249c00 'java/lang/invoke/LambdaForm$MH+0x0000000100249c00'
Event: 12.219 Thread 0x0000018d5496ec40 Unloading class 0x0000000100249800 'java/lang/invoke/LambdaForm$MH+0x0000000100249800'
Event: 12.219 Thread 0x0000018d5496ec40 Unloading class 0x0000000100249400 'java/lang/invoke/LambdaForm$BMH+0x0000000100249400'
Event: 12.219 Thread 0x0000018d5496ec40 Unloading class 0x0000000100249000 'java/lang/invoke/LambdaForm$DMH+0x0000000100249000'
Event: 12.219 Thread 0x0000018d5496ec40 Unloading class 0x0000000100244400 'java/lang/invoke/LambdaForm$DMH+0x0000000100244400'

Classes redefined (0 events):
No events

Internal exceptions (20 events):
Event: 21.114 Thread 0x0000018d719cf980 Exception <a 'sun/nio/fs/WindowsException'{0x00000000eb17c8a8}> (0x00000000eb17c8a8) 
thrown [s\src\hotspot\share\prims\jni.cpp, line 516]
Event: 21.121 Thread 0x0000018d719cf980 Exception <a 'sun/nio/fs/WindowsException'{0x00000000eb180440}> (0x00000000eb180440) 
thrown [s\src\hotspot\share\prims\jni.cpp, line 516]
Event: 21.125 Thread 0x0000018d719cf980 Exception <a 'sun/nio/fs/WindowsException'{0x00000000eb184288}> (0x00000000eb184288) 
thrown [s\src\hotspot\share\prims\jni.cpp, line 516]
Event: 21.129 Thread 0x0000018d719cf980 Exception <a 'sun/nio/fs/WindowsException'{0x00000000eb1881e8}> (0x00000000eb1881e8) 
thrown [s\src\hotspot\share\prims\jni.cpp, line 516]
Event: 21.135 Thread 0x0000018d719cf980 Exception <a 'sun/nio/fs/WindowsException'{0x00000000eb18c4c0}> (0x00000000eb18c4c0) 
thrown [s\src\hotspot\share\prims\jni.cpp, line 516]
Event: 21.139 Thread 0x0000018d719cf980 Exception <a 'sun/nio/fs/WindowsException'{0x00000000eb2498a0}> (0x00000000eb2498a0) 
thrown [s\src\hotspot\share\prims\jni.cpp, line 516]
Event: 21.143 Thread 0x0000018d719cf980 Exception <a 'sun/nio/fs/WindowsException'{0x00000000eb24d170}> (0x00000000eb24d170) 
thrown [s\src\hotspot\share\prims\jni.cpp, line 516]
Event: 21.146 Thread 0x0000018d719cf980 Exception <a 'sun/nio/fs/WindowsException'{0x00000000eb250d08}> (0x00000000eb250d08) 
thrown [s\src\hotspot\share\prims\jni.cpp, line 516]
Event: 21.151 Thread 0x0000018d719cf980 Exception <a 'sun/nio/fs/WindowsException'{0x00000000eb254b50}> (0x00000000eb254b50) 
thrown [s\src\hotspot\share\prims\jni.cpp, line 516]
Event: 21.200 Thread 0x0000018d719cf980 Exception <a 'java/lang/NoSuchMethodError'{0x00000000eb27c530}: 'void java.lang.invoke.DirectMethodHandle$Holder.invokeStatic(java.lang.Object, long)'> (0x00000000eb27c530) 
thrown [s\src\hotspot\share\interpreter\linkResolver.cpp, line 759]
Event: 21.204 Thread 0x0000018d719cf980 Exception <a 'java/lang/NoSuchMethodError'{0x00000000eb2818d8}: 'java.lang.Object java.lang.invoke.DirectMethodHandle$Holder.newInvokeSpecial(java.lang.Object, long)'> (0x00000000eb2818d8) 
thrown [s\src\hotspot\share\interpreter\linkResolver.cpp, line 759]
Event: 22.021 Thread 0x0000018d719d08b0 Implicit null exception at 0x0000018d60b002ac to 0x0000018d60b003b0
Event: 26.916 Thread 0x0000018d719d08b0 Implicit null exception at 0x0000018d60bc027c to 0x0000018d60bc89a8
Event: 34.472 Thread 0x0000018d70f69190 Implicit null exception at 0x0000018d6081cce2 to 0x0000018d6081cfe8
Event: 45.867 Thread 0x0000018d719cf980 Exception <a 'sun/nio/fs/WindowsException'{0x00000000eb15e690}> (0x00000000eb15e690) 
thrown [s\src\hotspot\share\prims\jni.cpp, line 516]
Event: 45.924 Thread 0x0000018d719cf980 Exception <a 'sun/nio/fs/WindowsException'{0x00000000eb379950}> (0x00000000eb379950) 
thrown [s\src\hotspot\share\prims\jni.cpp, line 516]
Event: 45.929 Thread 0x0000018d719cf980 Exception <a 'sun/nio/fs/WindowsException'{0x00000000eb37cc50}> (0x00000000eb37cc50) 
thrown [s\src\hotspot\share\prims\jni.cpp, line 516]
Event: 45.958 Thread 0x0000018d719cf980 Exception <a 'sun/nio/fs/WindowsException'{0x00000000eb43ae60}> (0x00000000eb43ae60) 
thrown [s\src\hotspot\share\prims\jni.cpp, line 516]
Event: 45.981 Thread 0x0000018d719cf980 Exception <a 'sun/nio/fs/WindowsException'{0x00000000eb453070}> (0x00000000eb453070) 
thrown [s\src\hotspot\share\prims\jni.cpp, line 516]
Event: 46.016 Thread 0x0000018d719cf980 Implicit null exception at 0x0000018d60bf1c16 to 0x0000018d60bf2900

VM Operations (20 events):
Event: 44.021 Executing VM operation: ParallelGCFailedAllocation
Event: 44.026 Executing VM operation: ParallelGCFailedAllocation done
Event: 44.110 Executing VM operation: ParallelGCFailedAllocation
Event: 44.117 Executing VM operation: ParallelGCFailedAllocation done
Event: 44.477 Executing VM operation: ParallelGCFailedAllocation
Event: 44.482 Executing VM operation: ParallelGCFailedAllocation done
Event: 44.507 Executing VM operation: ParallelGCFailedAllocation
Event: 44.512 Executing VM operation: ParallelGCFailedAllocation done
Event: 44.554 Executing VM operation: ParallelGCFailedAllocation
Event: 44.560 Executing VM operation: ParallelGCFailedAllocation done
Event: 44.580 Executing VM operation: ParallelGCFailedAllocation
Event: 44.591 Executing VM operation: ParallelGCFailedAllocation done
Event: 44.748 Executing VM operation: ParallelGCFailedAllocation
Event: 44.755 Executing VM operation: ParallelGCFailedAllocation done
Event: 45.984 Executing VM operation: HandshakeAllThreads
Event: 45.984 Executing VM operation: HandshakeAllThreads done
Event: 45.984 Executing VM operation: Cleanup
Event: 45.987 Executing VM operation: Cleanup done
Event: 46.091 Executing VM operation: ParallelGCFailedAllocation
Event: 46.103 Executing VM operation: ParallelGCFailedAllocation done

Events (20 events):
Event: 46.018 Thread 0x0000018d6f865f80 flushing nmethod 0x0000018d59949b90
Event: 46.018 Thread 0x0000018d6f865f80 flushing nmethod 0x0000018d5994b010
Event: 46.018 Thread 0x0000018d6f865f80 flushing nmethod 0x0000018d59957f90
Event: 46.018 Thread 0x0000018d6f865f80 flushing nmethod 0x0000018d59962710
Event: 46.019 Thread 0x0000018d6f865f80 flushing nmethod 0x0000018d59965690
Event: 46.019 Thread 0x0000018d6f865f80 flushing nmethod 0x0000018d59966690
Event: 46.019 Thread 0x0000018d6f865f80 flushing nmethod 0x0000018d5996ce10
Event: 46.019 Thread 0x0000018d6f865f80 flushing nmethod 0x0000018d5996e290
Event: 46.019 Thread 0x0000018d6f865f80 flushing nmethod 0x0000018d5996fb10
Event: 46.019 Thread 0x0000018d6f865f80 flushing nmethod 0x0000018d59970310
Event: 46.019 Thread 0x0000018d6f865f80 flushing nmethod 0x0000018d59971390
Event: 46.019 Thread 0x0000018d6f865f80 flushing nmethod 0x0000018d59971a90
Event: 46.019 Thread 0x0000018d6f865f80 flushing nmethod 0x0000018d59972110
Event: 46.019 Thread 0x0000018d6f865f80 flushing nmethod 0x0000018d59972690
Event: 46.019 Thread 0x0000018d6f865f80 flushing nmethod 0x0000018d59975990
Event: 46.019 Thread 0x0000018d6f865f80 flushing nmethod 0x0000018d59975e10
Event: 46.019 Thread 0x0000018d6f865f80 flushing nmethod 0x0000018d5998c910
Event: 46.019 Thread 0x0000018d6f865f80 flushing nmethod 0x0000018d59990b10
Event: 46.019 Thread 0x0000018d6f865f80 flushing nmethod 0x0000018d59994c90
Event: 46.346 Thread 0x0000018d720e0030 Thread exited: 0x0000018d720e0030


Dynamic libraries:
0x00007ff6ed740000 - 0x00007ff6ed74e000 	c:\Users\Andrea\.vscode\extensions\redhat.java-1.28.1-win32-x64\jre\17.0.10-win32-x86_64\bin\java.exe
0x00007ffe750b0000 - 0x00007ffe752c6000 	C:\WINDOWS\SYSTEM32\ntdll.dll
0x00007ffe67900000 - 0x00007ffe67919000 	C:\Program Files\Avast Software\Avast\aswhook.dll
0x00007ffe73340000 - 0x00007ffe73404000 	C:\WINDOWS\System32\KERNEL32.DLL
0x00007ffe723f0000 - 0x00007ffe72796000 	C:\WINDOWS\System32\KERNELBASE.dll
0x00007ffe729c0000 - 0x00007ffe72ad1000 	C:\WINDOWS\System32\ucrtbase.dll
0x00007ffe5eb60000 - 0x00007ffe5eb7b000 	c:\Users\Andrea\.vscode\extensions\redhat.java-1.28.1-win32-x64\jre\17.0.10-win32-x86_64\bin\VCRUNTIME140.dll
0x00007ffe5eb40000 - 0x00007ffe5eb57000 	c:\Users\Andrea\.vscode\extensions\redhat.java-1.28.1-win32-x64\jre\17.0.10-win32-x86_64\bin\jli.dll
0x00007ffe73080000 - 0x00007ffe7322d000 	C:\WINDOWS\System32\USER32.dll
0x00007ffe727a0000 - 0x00007ffe727c6000 	C:\WINDOWS\System32\win32u.dll
0x00007ffe73500000 - 0x00007ffe73529000 	C:\WINDOWS\System32\GDI32.dll
0x00007ffe717a0000 - 0x00007ffe71a33000 	C:\WINDOWS\WinSxS\amd64_microsoft.windows.common-controls_6595b64144ccf1df_6.0.22621.3235_none_270f74e173860f98\COMCTL32.dll
0x00007ffe727d0000 - 0x00007ffe728e8000 	C:\WINDOWS\System32\gdi32full.dll
0x00007ffe74c20000 - 0x00007ffe74cc7000 	C:\WINDOWS\System32\msvcrt.dll
0x00007ffe72920000 - 0x00007ffe729ba000 	C:\WINDOWS\System32\msvcp_win.dll
0x00007ffe74f20000 - 0x00007ffe74f51000 	C:\WINDOWS\System32\IMM32.DLL
0x00007ffe71c80000 - 0x00007ffe71c8c000 	c:\Users\Andrea\.vscode\extensions\redhat.java-1.28.1-win32-x64\jre\17.0.10-win32-x86_64\bin\vcruntime140_1.dll
0x00007ffe55cd0000 - 0x00007ffe55d5d000 	c:\Users\Andrea\.vscode\extensions\redhat.java-1.28.1-win32-x64\jre\17.0.10-win32-x86_64\bin\msvcp140.dll
0x00007ffe0b7b0000 - 0x00007ffe0c412000 	c:\Users\Andrea\.vscode\extensions\redhat.java-1.28.1-win32-x64\jre\17.0.10-win32-x86_64\bin\server\jvm.dll
0x00007ffe73530000 - 0x00007ffe735e2000 	C:\WINDOWS\System32\ADVAPI32.dll
0x00007ffe74f60000 - 0x00007ffe75008000 	C:\WINDOWS\System32\sechost.dll
0x00007ffe728f0000 - 0x00007ffe72918000 	C:\WINDOWS\System32\bcrypt.dll
0x00007ffe749e0000 - 0x00007ffe74af5000 	C:\WINDOWS\System32\RPCRT4.dll
0x00007ffe71f50000 - 0x00007ffe71f9d000 	C:\WINDOWS\SYSTEM32\POWRPROF.dll
0x00007ffe56a90000 - 0x00007ffe56a99000 	C:\WINDOWS\SYSTEM32\WSOCK32.dll
0x00007ffe74e80000 - 0x00007ffe74ef1000 	C:\WINDOWS\System32\WS2_32.dll
0x00007ffe67f30000 - 0x00007ffe67f64000 	C:\WINDOWS\SYSTEM32\WINMM.dll
0x00007ffe67f70000 - 0x00007ffe67f7a000 	C:\WINDOWS\SYSTEM32\VERSION.dll
0x00007ffe71be0000 - 0x00007ffe71bf3000 	C:\WINDOWS\SYSTEM32\UMPDC.dll
0x00007ffe70bd0000 - 0x00007ffe70be8000 	C:\WINDOWS\SYSTEM32\kernel.appcore.dll
0x00007ffe71c40000 - 0x00007ffe71c4a000 	c:\Users\Andrea\.vscode\extensions\redhat.java-1.28.1-win32-x64\jre\17.0.10-win32-x86_64\bin\jimage.dll
0x00007ffe71d10000 - 0x00007ffe71f43000 	C:\WINDOWS\SYSTEM32\DBGHELP.DLL
0x00007ffe74650000 - 0x00007ffe749d8000 	C:\WINDOWS\System32\combase.dll
0x00007ffe73410000 - 0x00007ffe734e7000 	C:\WINDOWS\System32\OLEAUT32.dll
0x00007ffe71c00000 - 0x00007ffe71c32000 	C:\WINDOWS\SYSTEM32\dbgcore.DLL
0x00007ffe72c10000 - 0x00007ffe72c8a000 	C:\WINDOWS\System32\bcryptPrimitives.dll
0x00007ffe60580000 - 0x00007ffe6058e000 	c:\Users\Andrea\.vscode\extensions\redhat.java-1.28.1-win32-x64\jre\17.0.10-win32-x86_64\bin\instrument.dll
0x00007ffe5ae50000 - 0x00007ffe5ae75000 	c:\Users\Andrea\.vscode\extensions\redhat.java-1.28.1-win32-x64\jre\17.0.10-win32-x86_64\bin\java.dll
0x00007ffe5ea00000 - 0x00007ffe5ea18000 	c:\Users\Andrea\.vscode\extensions\redhat.java-1.28.1-win32-x64\jre\17.0.10-win32-x86_64\bin\zip.dll
0x00007ffe73c90000 - 0x00007ffe744ed000 	C:\WINDOWS\System32\SHELL32.dll
0x00007ffe6f8e0000 - 0x00007ffe701d8000 	C:\WINDOWS\SYSTEM32\windows.storage.dll
0x00007ffe6f7a0000 - 0x00007ffe6f8de000 	C:\WINDOWS\SYSTEM32\wintypes.dll
0x00007ffe74d30000 - 0x00007ffe74e23000 	C:\WINDOWS\System32\SHCORE.dll
0x00007ffe73c20000 - 0x00007ffe73c7e000 	C:\WINDOWS\System32\shlwapi.dll
0x00007ffe72320000 - 0x00007ffe72346000 	C:\WINDOWS\SYSTEM32\profapi.dll
0x00007ffe5b140000 - 0x00007ffe5b159000 	C:\Users\Andrea\.vscode\extensions\redhat.java-1.28.1-win32-x64\jre\17.0.10-win32-x86_64\bin\net.dll
0x00007ffe69f20000 - 0x00007ffe6a057000 	C:\WINDOWS\SYSTEM32\WINHTTP.dll
0x00007ffe71030000 - 0x00007ffe71099000 	C:\WINDOWS\system32\mswsock.dll
0x00007ffe5a910000 - 0x00007ffe5a926000 	C:\Users\Andrea\.vscode\extensions\redhat.java-1.28.1-win32-x64\jre\17.0.10-win32-x86_64\bin\nio.dll
0x00007ffe5e9d0000 - 0x00007ffe5e9e0000 	c:\Users\Andrea\.vscode\extensions\redhat.java-1.28.1-win32-x64\jre\17.0.10-win32-x86_64\bin\verify.dll
0x00007ffe41450000 - 0x00007ffe4148e000 	C:\Users\Andrea\AppData\Roaming\Code\User\globalStorage\redhat.java\1.28.1\config_win\org.eclipse.equinox.launcher\org.eclipse.equinox.launcher.win32.win32.x86_64_1.2.900.v20240129-1338\eclipse_11900.dll
0x00007ffe735f0000 - 0x00007ffe7378f000 	C:\WINDOWS\System32\ole32.dll
0x00007ffe5abd0000 - 0x00007ffe5abd9000 	C:\Users\Andrea\.vscode\extensions\redhat.java-1.28.1-win32-x64\jre\17.0.10-win32-x86_64\bin\management.dll
0x00007ffe5a680000 - 0x00007ffe5a68b000 	C:\Users\Andrea\.vscode\extensions\redhat.java-1.28.1-win32-x64\jre\17.0.10-win32-x86_64\bin\management_ext.dll
0x00007ffe73070000 - 0x00007ffe73078000 	C:\WINDOWS\System32\PSAPI.DLL
0x00007ffe72090000 - 0x00007ffe720ab000 	C:\WINDOWS\SYSTEM32\CRYPTSP.dll
0x00007ffe71120000 - 0x00007ffe71155000 	C:\WINDOWS\system32\rsaenh.dll
0x00007ffe71160000 - 0x00007ffe7118c000 	C:\WINDOWS\SYSTEM32\USERENV.dll
0x00007ffe71480000 - 0x00007ffe7148c000 	C:\WINDOWS\SYSTEM32\CRYPTBASE.dll
0x00007ffe70660000 - 0x00007ffe7068d000 	C:\WINDOWS\SYSTEM32\IPHLPAPI.DLL
0x00007ffe73c80000 - 0x00007ffe73c89000 	C:\WINDOWS\System32\NSI.dll
0x00007ffe69ed0000 - 0x00007ffe69ee9000 	C:\WINDOWS\SYSTEM32\dhcpcsvc6.DLL
0x00007ffe692e0000 - 0x00007ffe692ff000 	C:\WINDOWS\SYSTEM32\dhcpcsvc.DLL
0x00007ffe706a0000 - 0x00007ffe70799000 	C:\WINDOWS\SYSTEM32\DNSAPI.dll
0x00007ffe413b0000 - 0x00007ffe413f5000 	C:\Users\Andrea\AppData\Local\Temp\jna-1965574007\jna12425485615634848600.dll

dbghelp: loaded successfully - version: 4.0.5 - missing functions: none
symbol engine: initialized successfully - sym options: 0x614 - pdb path: .;c:\Users\Andrea\.vscode\extensions\redhat.java-1.28.1-win32-x64\jre\17.0.10-win32-x86_64\bin;C:\WINDOWS\SYSTEM32;C:\Program Files\Avast Software\Avast;C:\WINDOWS\WinSxS\amd64_microsoft.windows.common-controls_6595b64144ccf1df_6.0.22621.3235_none_270f74e173860f98;c:\Users\Andrea\.vscode\extensions\redhat.java-1.28.1-win32-x64\jre\17.0.10-win32-x86_64\bin\server;C:\Users\Andrea\AppData\Roaming\Code\User\globalStorage\redhat.java\1.28.1\config_win\org.eclipse.equinox.launcher\org.eclipse.equinox.launcher.win32.win32.x86_64_1.2.900.v20240129-1338;C:\Users\Andrea\AppData\Local\Temp\jna-1965574007

VM Arguments:
jvm_args: --add-modules=ALL-SYSTEM --add-opens=java.base/java.util=ALL-UNNAMED --add-opens=java.base/java.lang=ALL-UNNAMED --add-opens=java.base/sun.nio.fs=ALL-UNNAMED -Declipse.application=org.eclipse.jdt.ls.core.id1 -Dosgi.bundles.defaultStartLevel=4 -Declipse.product=org.eclipse.jdt.ls.core.product -Djava.import.generatesMetadataFilesAtProjectRoot=false -DDetectVMInstallationsJob.disabled=true -Dfile.encoding=utf8 -XX:+UseParallelGC -XX:GCTimeRatio=4 -XX:AdaptiveSizePolicyWeight=90 -Dsun.zip.disableMemoryMapping=true -Xmx1G -Xms100m -Xlog:disable -javaagent:c:\Users\Andrea\.vscode\extensions\redhat.java-1.28.1-win32-x64\lombok\lombok-1.18.31.jar -XX:+HeapDumpOnOutOfMemoryError -XX:HeapDumpPath=c:\Users\Andrea\AppData\Roaming\Code\User\workspaceStorage\65f746c1a281849824745425ba6593dc\redhat.java -Daether.dependencyCollector.impl=bf 
java_command: c:\Users\Andrea\.vscode\extensions\redhat.java-1.28.1-win32-x64\server\plugins\org.eclipse.equinox.launcher_1.6.700.v20231214-2017.jar -configuration c:\Users\Andrea\AppData\Roaming\Code\User\globalStorage\redhat.java\1.28.1\config_win -data c:\Users\Andrea\AppData\Roaming\Code\User\workspaceStorage\65f746c1a281849824745425ba6593dc\redhat.java\jdt_ws --stdio
java_class_path (initial): c:\Users\Andrea\.vscode\extensions\redhat.java-1.28.1-win32-x64\server\plugins\org.eclipse.equinox.launcher_1.6.700.v20231214-2017.jar
Launcher Type: SUN_STANDARD

[Global flags]
    uintx AdaptiveSizePolicyWeight                 = 90                                        {product} {command line}
     intx CICompilerCount                          = 4                                         {product} {ergonomic}
    uintx GCTimeRatio                              = 4                                         {product} {command line}
     bool HeapDumpOnOutOfMemoryError               = true                                   {manageable} {command line}
    ccstr HeapDumpPath                             = c:\Users\Andrea\AppData\Roaming\Code\User\workspaceStorage\65f746c1a281849824745425ba6593dc\redhat.java         {manageable} {command line}
   size_t InitialHeapSize                          = 104857600                                 {product} {command line}
   size_t MaxHeapSize                              = 1073741824                                {product} {command line}
   size_t MaxNewSize                               = 357564416                                 {product} {ergonomic}
   size_t MinHeapDeltaBytes                        = 524288                                    {product} {ergonomic}
   size_t MinHeapSize                              = 104857600                                 {product} {command line}
   size_t NewSize                                  = 34603008                                  {product} {ergonomic}
    uintx NonNMethodCodeHeapSize                   = 5839372                                {pd product} {ergonomic}
    uintx NonProfiledCodeHeapSize                  = 122909434                              {pd product} {ergonomic}
   size_t OldSize                                  = 70254592                                  {product} {ergonomic}
    uintx ProfiledCodeHeapSize                     = 122909434                              {pd product} {ergonomic}
    uintx ReservedCodeCacheSize                    = 251658240                              {pd product} {ergonomic}
     bool SegmentedCodeCache                       = true                                      {product} {ergonomic}
   size_t SoftMaxHeapSize                          = 1073741824                             {manageable} {ergonomic}
     bool UseCompressedClassPointers               = true                           {product lp64_product} {ergonomic}
     bool UseCompressedOops                        = true                           {product lp64_product} {ergonomic}
     bool UseLargePagesIndividualAllocation        = false                                  {pd product} {ergonomic}
     bool UseParallelGC                            = true                                      {product} {command line}

Logging:
Log output configuration:
 #0: stdout all=off uptime,level,tags
 #1: stderr all=off uptime,level,tags

Environment Variables:
PATH=C:\Program Files\Microsoft SDKs\Azure\CLI2\wbin;C:\Gradle\gradle-8.5\bin;C:\Program Files\Common Files\Oracle\Java\javapath;C:\WINDOWS\system32;C:\WINDOWS;C:\WINDOWS\System32\Wbem;C:\WINDOWS\System32\WindowsPowerShell\v1.0\;C:\WINDOWS\System32\OpenSSH\;C:\Program Files\Docker\Docker\resources\bin;C:\Program Files\Git\cmd;C:\Program Files\nodejs\;C:\ProgramData\chocolatey\bin;C:\Users\Andrea\AppData\Local\Programs\Python\Launcher\;C:\Users\Andrea\AppData\Local\Microsoft\WindowsApps;C:\Users\Andrea\AppData\Local\Programs\Microsoft VS Code\bin;C:\Gradle\gradle-8.5\bin;C:\Users\Andrea\AppData\Roaming\npm;
USERNAME=Andrea
OS=Windows_NT
PROCESSOR_IDENTIFIER=AMD64 Family 23 Model 24 Stepping 1, AuthenticAMD
TMP=C:\Users\Andrea\AppData\Local\Temp
TEMP=C:\Users\Andrea\AppData\Local\Temp



Periodic native trim disabled


---------------  S Y S T E M  ---------------

OS:
 Windows 11 , 64 bit Build 22621 (10.0.22621.3235)
OS uptime: 0 days 0:19 hours
Hyper-V role detected

CPU: total 8 (initial active 8) (8 cores per cpu, 2 threads per core) family 23 model 24 stepping 1 microcode 0x0, cx8, cmov, fxsr, ht, mmx, 3dnowpref, sse, sse2, sse3, ssse3, sse4a, sse4.1, sse4.2, popcnt, lzcnt, tsc, tscinvbit, avx, avx2, aes, clmul, bmi1, bmi2, adx, sha, fma, vzeroupper, clflush, clflushopt, hv
Processor Information for all 8 processors :
  Max Mhz: 2100, Current Mhz: 2100, Mhz Limit: 2100

Memory: 4k page, system-wide physical 6058M (629M free)
TotalPageFile size 13738M (AvailPageFile size 2808M)
current process WorkingSet (physical memory assigned to process): 579M, peak: 579M
current process commit charge ("private bytes"): 497M, peak: 506M

vm_info: OpenJDK 64-Bit Server VM (17.0.10+7) for windows-amd64 JRE (17.0.10+7), built on Jan 16 2024 23:25:11 by "admin" with MS VC++ 16.10 / 16.11 (VS2019)

END.
